{"D:\\Andela\\Js Pro\\backend-blog-api\\src\\index.js":{"path":"D:\\Andela\\Js Pro\\backend-blog-api\\src\\index.js","statementMap":{"0":{"start":{"line":3,"column":51},"end":{"line":3,"column":355}},"1":{"start":{"line":3,"column":126},"end":{"line":3,"column":181}},"2":{"start":{"line":3,"column":160},"end":{"line":3,"column":178}},"3":{"start":{"line":3,"column":191},"end":{"line":3,"column":353}},"4":{"start":{"line":3,"column":225},"end":{"line":3,"column":350}},"5":{"start":{"line":3,"column":356},"end":{"line":3,"column":376}},"6":{"start":{"line":5,"column":0},"end":{"line":7,"column":3}},"7":{"start":{"line":8,"column":0},"end":{"line":8,"column":28}},"8":{"start":{"line":10,"column":15},"end":{"line":10,"column":57}},"9":{"start":{"line":12,"column":18},"end":{"line":12,"column":64}},"10":{"start":{"line":14,"column":18},"end":{"line":14,"column":65}},"11":{"start":{"line":16,"column":16},"end":{"line":16,"column":71}},"12":{"start":{"line":18,"column":18},"end":{"line":18,"column":76}},"13":{"start":{"line":20,"column":20},"end":{"line":20,"column":67}},"14":{"start":{"line":22,"column":38},"end":{"line":22,"column":85}},"15":{"start":{"line":22,"column":73},"end":{"line":22,"column":85}},"16":{"start":{"line":22,"column":98},"end":{"line":22,"column":111}},"17":{"start":{"line":22,"column":113},"end":{"line":22,"column":194}},"18":{"start":{"line":22,"column":178},"end":{"line":22,"column":191}},"19":{"start":{"line":22,"column":195},"end":{"line":22,"column":208}},"20":{"start":{"line":24,"column":40},"end":{"line":24,"column":82}},"21":{"start":{"line":24,"column":69},"end":{"line":24,"column":80}},"22":{"start":{"line":24,"column":83},"end":{"line":24,"column":189}},"23":{"start":{"line":24,"column":161},"end":{"line":24,"column":187}},"24":{"start":{"line":24,"column":202},"end":{"line":24,"column":228}},"25":{"start":{"line":24,"column":230},"end":{"line":24,"column":285}},"26":{"start":{"line":24,"column":261},"end":{"line":24,"column":283}},"27":{"start":{"line":24,"column":299},"end":{"line":24,"column":301}},"28":{"start":{"line":24,"column":331},"end":{"line":24,"column":387}},"29":{"start":{"line":24,"column":389},"end":{"line":24,"column":669}},"30":{"start":{"line":24,"column":412},"end":{"line":24,"column":667}},"31":{"start":{"line":24,"column":477},"end":{"line":24,"column":549}},"32":{"start":{"line":24,"column":551},"end":{"line":24,"column":665}},"33":{"start":{"line":24,"column":589},"end":{"line":24,"column":630}},"34":{"start":{"line":24,"column":640},"end":{"line":24,"column":663}},"35":{"start":{"line":24,"column":670},"end":{"line":24,"column":694}},"36":{"start":{"line":24,"column":695},"end":{"line":24,"column":733}},"37":{"start":{"line":24,"column":708},"end":{"line":24,"column":731}},"38":{"start":{"line":24,"column":734},"end":{"line":24,"column":748}},"39":{"start":{"line":26,"column":39},"end":{"line":26,"column":95}},"40":{"start":{"line":28,"column":0},"end":{"line":28,"column":27}},"41":{"start":{"line":30,"column":11},"end":{"line":30,"column":35}},"42":{"start":{"line":31,"column":17},"end":{"line":31,"column":39}},"43":{"start":{"line":32,"column":10},"end":{"line":32,"column":36}},"44":{"start":{"line":33,"column":0},"end":{"line":33,"column":39}},"45":{"start":{"line":34,"column":0},"end":{"line":36,"column":4}},"46":{"start":{"line":37,"column":0},"end":{"line":37,"column":35}},"47":{"start":{"line":38,"column":0},"end":{"line":38,"column":37}},"48":{"start":{"line":39,"column":0},"end":{"line":43,"column":3}},"49":{"start":{"line":40,"column":2},"end":{"line":42,"column":5}},"50":{"start":{"line":44,"column":0},"end":{"line":55,"column":3}},"51":{"start":{"line":45,"column":2},"end":{"line":54,"column":5}},"52":{"start":{"line":46,"column":4},"end":{"line":53,"column":5}},"53":{"start":{"line":47,"column":6},"end":{"line":47,"column":26}},"54":{"start":{"line":49,"column":6},"end":{"line":52,"column":9}},"55":{"start":{"line":67,"column":0},"end":{"line":69,"column":3}},"56":{"start":{"line":68,"column":2},"end":{"line":68,"column":42}},"57":{"start":{"line":70,"column":0},"end":{"line":76,"column":3}},"58":{"start":{"line":71,"column":2},"end":{"line":71,"column":35}},"59":{"start":{"line":72,"column":2},"end":{"line":75,"column":5}},"60":{"start":{"line":77,"column":0},"end":{"line":79,"column":3}},"61":{"start":{"line":78,"column":2},"end":{"line":78,"column":57}},"62":{"start":{"line":80,"column":15},"end":{"line":80,"column":18}},"63":{"start":{"line":81,"column":0},"end":{"line":81,"column":30}}},"fnMap":{"0":{"name":"_typeof","decl":{"start":{"line":3,"column":9},"end":{"line":3,"column":16}},"loc":{"start":{"line":3,"column":22},"end":{"line":3,"column":378}},"line":3},"1":{"name":"_typeof","decl":{"start":{"line":3,"column":145},"end":{"line":3,"column":152}},"loc":{"start":{"line":3,"column":158},"end":{"line":3,"column":180}},"line":3},"2":{"name":"_typeof","decl":{"start":{"line":3,"column":210},"end":{"line":3,"column":217}},"loc":{"start":{"line":3,"column":223},"end":{"line":3,"column":352}},"line":3},"3":{"name":"_getRequireWildcardCache","decl":{"start":{"line":22,"column":9},"end":{"line":22,"column":33}},"loc":{"start":{"line":22,"column":36},"end":{"line":22,"column":210}},"line":22},"4":{"name":"_getRequireWildcardCache","decl":{"start":{"line":22,"column":149},"end":{"line":22,"column":173}},"loc":{"start":{"line":22,"column":176},"end":{"line":22,"column":193}},"line":22},"5":{"name":"_interopRequireWildcard","decl":{"start":{"line":24,"column":9},"end":{"line":24,"column":32}},"loc":{"start":{"line":24,"column":38},"end":{"line":24,"column":750}},"line":24},"6":{"name":"_interopRequireDefault","decl":{"start":{"line":26,"column":9},"end":{"line":26,"column":31}},"loc":{"start":{"line":26,"column":37},"end":{"line":26,"column":97}},"line":26},"7":{"name":"(anonymous_7)","decl":{"start":{"line":39,"column":13},"end":{"line":39,"column":14}},"loc":{"start":{"line":39,"column":33},"end":{"line":43,"column":1}},"line":39},"8":{"name":"(anonymous_8)","decl":{"start":{"line":44,"column":44},"end":{"line":44,"column":45}},"loc":{"start":{"line":44,"column":64},"end":{"line":55,"column":1}},"line":44},"9":{"name":"(anonymous_9)","decl":{"start":{"line":45,"column":57},"end":{"line":45,"column":58}},"loc":{"start":{"line":45,"column":82},"end":{"line":54,"column":3}},"line":45},"10":{"name":"(anonymous_10)","decl":{"start":{"line":67,"column":8},"end":{"line":67,"column":9}},"loc":{"start":{"line":67,"column":34},"end":{"line":69,"column":1}},"line":67},"11":{"name":"(anonymous_11)","decl":{"start":{"line":70,"column":8},"end":{"line":70,"column":9}},"loc":{"start":{"line":70,"column":41},"end":{"line":76,"column":1}},"line":70},"12":{"name":"(anonymous_12)","decl":{"start":{"line":77,"column":17},"end":{"line":77,"column":18}},"loc":{"start":{"line":77,"column":29},"end":{"line":79,"column":1}},"line":77}},"branchMap":{"0":{"loc":{"start":{"line":3,"column":51},"end":{"line":3,"column":355}},"type":"if","locations":[{"start":{"line":3,"column":51},"end":{"line":3,"column":355}},{"start":{"line":3,"column":51},"end":{"line":3,"column":355}}],"line":3},"1":{"loc":{"start":{"line":3,"column":55},"end":{"line":3,"column":122}},"type":"binary-expr","locations":[{"start":{"line":3,"column":55},"end":{"line":3,"column":83}},{"start":{"line":3,"column":87},"end":{"line":3,"column":122}}],"line":3},"2":{"loc":{"start":{"line":3,"column":232},"end":{"line":3,"column":349}},"type":"cond-expr","locations":[{"start":{"line":3,"column":328},"end":{"line":3,"column":336}},{"start":{"line":3,"column":339},"end":{"line":3,"column":349}}],"line":3},"3":{"loc":{"start":{"line":3,"column":232},"end":{"line":3,"column":325}},"type":"binary-expr","locations":[{"start":{"line":3,"column":232},"end":{"line":3,"column":235}},{"start":{"line":3,"column":239},"end":{"line":3,"column":267}},{"start":{"line":3,"column":271},"end":{"line":3,"column":297}},{"start":{"line":3,"column":301},"end":{"line":3,"column":325}}],"line":3},"4":{"loc":{"start":{"line":22,"column":38},"end":{"line":22,"column":85}},"type":"if","locations":[{"start":{"line":22,"column":38},"end":{"line":22,"column":85}},{"start":{"line":22,"column":38},"end":{"line":22,"column":85}}],"line":22},"5":{"loc":{"start":{"line":24,"column":40},"end":{"line":24,"column":82}},"type":"if","locations":[{"start":{"line":24,"column":40},"end":{"line":24,"column":82}},{"start":{"line":24,"column":40},"end":{"line":24,"column":82}}],"line":24},"6":{"loc":{"start":{"line":24,"column":44},"end":{"line":24,"column":65}},"type":"binary-expr","locations":[{"start":{"line":24,"column":44},"end":{"line":24,"column":47}},{"start":{"line":24,"column":51},"end":{"line":24,"column":65}}],"line":24},"7":{"loc":{"start":{"line":24,"column":83},"end":{"line":24,"column":189}},"type":"if","locations":[{"start":{"line":24,"column":83},"end":{"line":24,"column":189}},{"start":{"line":24,"column":83},"end":{"line":24,"column":189}}],"line":24},"8":{"loc":{"start":{"line":24,"column":87},"end":{"line":24,"column":157}},"type":"binary-expr","locations":[{"start":{"line":24,"column":87},"end":{"line":24,"column":99}},{"start":{"line":24,"column":103},"end":{"line":24,"column":128}},{"start":{"line":24,"column":132},"end":{"line":24,"column":157}}],"line":24},"9":{"loc":{"start":{"line":24,"column":230},"end":{"line":24,"column":285}},"type":"if","locations":[{"start":{"line":24,"column":230},"end":{"line":24,"column":285}},{"start":{"line":24,"column":230},"end":{"line":24,"column":285}}],"line":24},"10":{"loc":{"start":{"line":24,"column":234},"end":{"line":24,"column":257}},"type":"binary-expr","locations":[{"start":{"line":24,"column":234},"end":{"line":24,"column":239}},{"start":{"line":24,"column":243},"end":{"line":24,"column":257}}],"line":24},"11":{"loc":{"start":{"line":24,"column":331},"end":{"line":24,"column":387}},"type":"binary-expr","locations":[{"start":{"line":24,"column":331},"end":{"line":24,"column":352}},{"start":{"line":24,"column":356},"end":{"line":24,"column":387}}],"line":24},"12":{"loc":{"start":{"line":24,"column":412},"end":{"line":24,"column":667}},"type":"if","locations":[{"start":{"line":24,"column":412},"end":{"line":24,"column":667}},{"start":{"line":24,"column":412},"end":{"line":24,"column":667}}],"line":24},"13":{"loc":{"start":{"line":24,"column":477},"end":{"line":24,"column":549}},"type":"cond-expr","locations":[{"start":{"line":24,"column":501},"end":{"line":24,"column":542}},{"start":{"line":24,"column":545},"end":{"line":24,"column":549}}],"line":24},"14":{"loc":{"start":{"line":24,"column":551},"end":{"line":24,"column":665}},"type":"if","locations":[{"start":{"line":24,"column":551},"end":{"line":24,"column":665}},{"start":{"line":24,"column":551},"end":{"line":24,"column":665}}],"line":24},"15":{"loc":{"start":{"line":24,"column":555},"end":{"line":24,"column":585}},"type":"binary-expr","locations":[{"start":{"line":24,"column":555},"end":{"line":24,"column":559}},{"start":{"line":24,"column":564},"end":{"line":24,"column":572}},{"start":{"line":24,"column":576},"end":{"line":24,"column":584}}],"line":24},"16":{"loc":{"start":{"line":24,"column":695},"end":{"line":24,"column":733}},"type":"if","locations":[{"start":{"line":24,"column":695},"end":{"line":24,"column":733}},{"start":{"line":24,"column":695},"end":{"line":24,"column":733}}],"line":24},"17":{"loc":{"start":{"line":26,"column":46},"end":{"line":26,"column":94}},"type":"cond-expr","locations":[{"start":{"line":26,"column":70},"end":{"line":26,"column":73}},{"start":{"line":26,"column":76},"end":{"line":26,"column":94}}],"line":26},"18":{"loc":{"start":{"line":26,"column":46},"end":{"line":26,"column":67}},"type":"binary-expr","locations":[{"start":{"line":26,"column":46},"end":{"line":26,"column":49}},{"start":{"line":26,"column":53},"end":{"line":26,"column":67}}],"line":26},"19":{"loc":{"start":{"line":30,"column":11},"end":{"line":30,"column":35}},"type":"binary-expr","locations":[{"start":{"line":30,"column":11},"end":{"line":30,"column":27}},{"start":{"line":30,"column":31},"end":{"line":30,"column":35}}],"line":30},"20":{"loc":{"start":{"line":46,"column":4},"end":{"line":53,"column":5}},"type":"if","locations":[{"start":{"line":46,"column":4},"end":{"line":53,"column":5}},{"start":{"line":46,"column":4},"end":{"line":53,"column":5}}],"line":46},"21":{"loc":{"start":{"line":71,"column":15},"end":{"line":71,"column":34}},"type":"binary-expr","locations":[{"start":{"line":71,"column":15},"end":{"line":71,"column":27}},{"start":{"line":71,"column":31},"end":{"line":71,"column":34}}],"line":71}},"s":{"0":1,"1":1,"2":1,"3":0,"4":0,"5":1,"6":1,"7":1,"8":1,"9":1,"10":1,"11":1,"12":1,"13":1,"14":1,"15":0,"16":1,"17":1,"18":0,"19":1,"20":2,"21":1,"22":1,"23":0,"24":1,"25":1,"26":0,"27":1,"28":1,"29":1,"30":4,"31":4,"32":4,"33":4,"34":0,"35":1,"36":1,"37":1,"38":1,"39":4,"40":1,"41":1,"42":1,"43":1,"44":1,"45":1,"46":1,"47":1,"48":1,"49":0,"50":1,"51":0,"52":0,"53":0,"54":0,"55":1,"56":9,"57":1,"58":9,"59":9,"60":1,"61":1,"62":1,"63":1},"f":{"0":1,"1":1,"2":0,"3":1,"4":0,"5":2,"6":4,"7":0,"8":0,"9":0,"10":9,"11":9,"12":1},"b":{"0":[1,0],"1":[1,1],"2":[0,0],"3":[0,0,0,0],"4":[0,1],"5":[1,1],"6":[2,2],"7":[0,1],"8":[1,1,1],"9":[0,1],"10":[1,1],"11":[1,1],"12":[4,0],"13":[4,0],"14":[4,0],"15":[4,4,0],"16":[1,0],"17":[1,3],"18":[4,4],"19":[1,1],"20":[0,0],"21":[9,0]},"inputSourceMap":{"version":3,"sources":["index.js"],"names":["require","config","PORT","process","env","SECRET_KEY","app","use","bodyparser","json","urlencoded","extended","route","rou","get","req","res","message","post","checkUser","jwt","verify","token","err","authData","sendStatus","next","createError","NotFound","error","status","send","listen","console","log"],"mappings":";;;;;;;;;AAAA;;AACA;;AAEA;;AACA;;AACA;;AAEA;;;;;;;;AALAA,OAAO,CAAE,QAAF,CAAP,CAAmBC,MAAnB;;AASA,IAAMC,IAAI,GAACC,OAAO,CAACC,GAAR,CAAYF,IAAZ,IAAoB,IAA/B;AACA,IAAMG,UAAU,GAACF,OAAO,CAACC,GAAR,CAAYC,UAA7B;AACA,IAAMC,GAAG,GAAE,0BAAX;AAEAA,GAAG,CAACC,GAAJ,CAAQC,uBAAWC,IAAX,EAAR;AACAH,GAAG,CAACC,GAAJ,CAAQC,uBAAWE,UAAX,CAAsB;AAAEC,EAAAA,QAAQ,EAAE;AAAZ,CAAtB,CAAR;AAEAL,GAAG,CAACC,GAAJ,CAAQ,GAAR,EAAaK,oBAAb;AAEAN,GAAG,CAACC,GAAJ,CAAQ,GAAR,EAAcM,sBAAd;AAEAP,GAAG,CAACQ,GAAJ,CAAQ,GAAR,EAAa,UAACC,GAAD,EAAKC,GAAL,EAAY;AAEbA,EAAAA,GAAG,CAACP,IAAJ,CAAS;AACLQ,IAAAA,OAAO,EAAE;AADJ,GAAT;AAIX,CAND;AAQAX,GAAG,CAACY,IAAJ,CAAS,UAAT,EAAqBC,qBAArB,EAAiC,UAACJ,GAAD,EAAKC,GAAL,EAAY;AACzCI,2BAAIC,MAAJ,CAAWN,GAAG,CAACO,KAAf,EAAsBjB,UAAtB,EAAkC,UAACkB,GAAD,EAAMC,QAAN,EAAmB;AACjD,QAAGD,GAAH,EAAO;AACHP,MAAAA,GAAG,CAACS,UAAJ,CAAe,GAAf;AACH,KAFD,MAEK;AACDT,MAAAA,GAAG,CAACP,IAAJ,CAAS;AACLQ,QAAAA,OAAO,EAAE,cADJ;AAELO,QAAAA,QAAQ,EAARA;AAFK,OAAT;AAIH;AACJ,GATD;AAYH,CAbD,E,CAiBA;AACA;AACA;AAEA;AAEA;AAEA;AAEA;AACA;AACA;AACA;AAEA;;AAIAlB,GAAG,CAACC,GAAJ,CAAQ,UAACQ,GAAD,EAAMC,GAAN,EAAUU,IAAV,EAAiB;AACrBA,EAAAA,IAAI,CAACC,uBAAYC,QAAZ,EAAD,CAAJ;AACH,CAFD;AAGAtB,GAAG,CAACC,GAAJ,CAAQ,UAACsB,KAAD,EAAQd,GAAR,EAAaC,GAAb,EAAkBU,IAAlB,EAA0B;AAC9BV,EAAAA,GAAG,CAACc,MAAJ,GAAYD,KAAK,CAACC,MAAN,IAAgB,GAA5B;AACAd,EAAAA,GAAG,CAACe,IAAJ,CAAS;AAACD,IAAAA,MAAM,EAAED,KAAK,CAACC,MAAf;AAAuBb,IAAAA,OAAO,EAAEY,KAAK,CAACZ;AAAtC,GAAT;AACH,CAHD;AAMAX,GAAG,CAAC0B,MAAJ,CAAW9B,IAAX,EAAiB,YAAI;AACjB+B,EAAAA,OAAO,CAACC,GAAR,qCAAyChC,IAAzC;AACH,CAFD;eAGeI,G","sourceRoot":"D:\\Andela\\Js Pro\\backend-blog-api\\src\\","sourcesContent":["import express from 'express';\r\nimport createError from 'http-errors';\r\nrequire ('dotenv').config();\r\nimport bodyparser, { json } from 'body-parser';\r\nimport route from './routes/contacts.js';\r\nimport rou from './midleware/authoruser'\r\nimport {checkUser} from './midleware/authoruser';\r\nimport jwt from 'jsonwebtoken';\r\n\r\n\r\n\r\nconst PORT=process.env.PORT || 3000;\r\nconst SECRET_KEY=process.env.SECRET_KEY;\r\nconst app= express();\r\n\r\napp.use(bodyparser.json());\r\napp.use(bodyparser.urlencoded({ extended: true }));\r\n\r\napp.use('/', route);\r\n\r\napp.use('/' , rou);\r\n\r\napp.get('/', (req,res )=>{\r\n   \r\n            res.json({\r\n                message: \"Welcome\",\r\n                \r\n            }) \r\n});\r\n\r\napp.post('/api/use', checkUser , (req,res )=>{\r\n    jwt.verify(req.token, SECRET_KEY, (err, authData) => {\r\n        if(err){\r\n            res.sendStatus(403);\r\n        }else{\r\n            res.json({\r\n                message: \"user created\",\r\n                authData\r\n            })\r\n        }\r\n    });\r\n\r\n    \r\n});\r\n\r\n\r\n\r\n// function checktoken(req, res, next){\r\n//     const bearerHeader= req.headers['authorization'];\r\n//     if(typeof bearerHeader !== 'undefined' ){\r\n\r\n//         const bearer =bearerHeader.split(' ');\r\n\r\n//         const bearerToken=bearer[1];\r\n\r\n//         req.token=bearerToken;\r\n\r\n//         next();\r\n//     }else{\r\n//         res.sendStatus('403');\r\n//     }\r\n\r\n//}\r\n\r\n\r\n\r\napp.use((req, res,next)=>{\r\n    next(createError.NotFound());\r\n})\r\napp.use((error, req, res, next )=>{\r\n    res.status= error.status || 404;\r\n    res.send({status: error.status, message: error.message })\r\n})\r\n\r\n\r\napp.listen(PORT, ()=>{\r\n    console.log(`server is running on Port ${PORT}`);\r\n});\r\nexport default app;"]},"_coverageSchema":"1a1c01bbd47fc00a2c39e90264f33305004495a9","hash":"383db9d7f01c0d0f3db919645e4d6b6640ffe2eb","contentHash":"911d4db083de55c1993c63b954997b489da400516a95caf72ef291822004890c"},"D:\\Andela\\Js Pro\\backend-blog-api\\src\\routes\\contacts.js":{"path":"D:\\Andela\\Js Pro\\backend-blog-api\\src\\routes\\contacts.js","statementMap":{"0":{"start":{"line":3,"column":0},"end":{"line":5,"column":3}},"1":{"start":{"line":6,"column":0},"end":{"line":6,"column":28}},"2":{"start":{"line":8,"column":15},"end":{"line":8,"column":33}},"3":{"start":{"line":10,"column":18},"end":{"line":10,"column":52}},"4":{"start":{"line":12,"column":26},"end":{"line":12,"column":69}},"5":{"start":{"line":14,"column":23},"end":{"line":14,"column":63}},"6":{"start":{"line":16,"column":22},"end":{"line":16,"column":61}},"7":{"start":{"line":18,"column":25},"end":{"line":18,"column":67}},"8":{"start":{"line":20,"column":17},"end":{"line":20,"column":51}},"9":{"start":{"line":22,"column":12},"end":{"line":22,"column":34}},"10":{"start":{"line":23,"column":0},"end":{"line":23,"column":79}},"11":{"start":{"line":24,"column":0},"end":{"line":24,"column":80}},"12":{"start":{"line":25,"column":0},"end":{"line":25,"column":87}},"13":{"start":{"line":26,"column":0},"end":{"line":26,"column":85}},"14":{"start":{"line":27,"column":0},"end":{"line":27,"column":91}},"15":{"start":{"line":28,"column":0},"end":{"line":28,"column":47}},"16":{"start":{"line":29,"column":0},"end":{"line":29,"column":78}},"17":{"start":{"line":30,"column":0},"end":{"line":30,"column":71}},"18":{"start":{"line":31,"column":0},"end":{"line":31,"column":77}},"19":{"start":{"line":32,"column":0},"end":{"line":32,"column":82}},"20":{"start":{"line":33,"column":0},"end":{"line":33,"column":46}},"21":{"start":{"line":34,"column":0},"end":{"line":34,"column":46}},"22":{"start":{"line":35,"column":0},"end":{"line":35,"column":52}},"23":{"start":{"line":36,"column":0},"end":{"line":36,"column":53}},"24":{"start":{"line":37,"column":0},"end":{"line":37,"column":58}},"25":{"start":{"line":38,"column":0},"end":{"line":38,"column":54}},"26":{"start":{"line":39,"column":0},"end":{"line":39,"column":56}},"27":{"start":{"line":40,"column":0},"end":{"line":40,"column":61}},"28":{"start":{"line":41,"column":0},"end":{"line":41,"column":60}},"29":{"start":{"line":42,"column":0},"end":{"line":42,"column":68}},"30":{"start":{"line":43,"column":0},"end":{"line":45,"column":3}},"31":{"start":{"line":44,"column":2},"end":{"line":44,"column":41}},"32":{"start":{"line":46,"column":15},"end":{"line":46,"column":20}},"33":{"start":{"line":47,"column":0},"end":{"line":47,"column":30}}},"fnMap":{"0":{"name":"(anonymous_0)","decl":{"start":{"line":43,"column":25},"end":{"line":43,"column":26}},"loc":{"start":{"line":43,"column":45},"end":{"line":45,"column":1}},"line":43}},"branchMap":{},"s":{"0":1,"1":1,"2":1,"3":1,"4":1,"5":1,"6":1,"7":1,"8":1,"9":1,"10":1,"11":1,"12":1,"13":1,"14":1,"15":1,"16":1,"17":1,"18":1,"19":1,"20":1,"21":1,"22":1,"23":1,"24":1,"25":1,"26":1,"27":1,"28":1,"29":1,"30":1,"31":0,"32":1,"33":1},"f":{"0":0},"b":{},"inputSourceMap":{"version":3,"sources":["contacts.js"],"names":["route","get","checkUser","allContacts","post","addcontacts","allContactsById","put","modifyContact","deleteContact","allUsers","allUsersById","addUsers","modifyUsers","deleteUser","allBlogs","addBlog","modifyBlog","allBlogById","deleteBlog","allComment","addcomments","modifyComment","commentsById","deletecomement","req","res"],"mappings":";;;;;;;AAAA;;AACA;;AACA;;AACA;;AACA;;AACA;;AACA;;AACA,IAAMA,KAAK,GAAE,sBAAb;AAEAA,KAAK,CAACC,GAAN,CAAU,WAAV,EAAsBC,qBAAtB,EAAiCC,+BAAjC;AACAH,KAAK,CAACI,IAAN,CAAW,WAAX,EAAwBF,qBAAxB,EAAkCG,+BAAlC;AACAL,KAAK,CAACC,GAAN,CAAU,eAAV,EAA0BC,qBAA1B,EAAqCI,mCAArC;AACAN,KAAK,CAACO,GAAN,CAAU,eAAV,EAA2BL,qBAA3B,EAAqCM,iCAArC;AACAR,KAAK,UAAL,CAAa,eAAb,EAA8BE,qBAA9B,EAAyCO,iCAAzC;AACAT,KAAK,CAACC,GAAN,CAAU,QAAV,EAAoBS,yBAApB;AACAV,KAAK,CAACC,GAAN,CAAU,YAAV,EAAwBC,qBAAxB,EAAmCS,6BAAnC;AACAX,KAAK,CAACI,IAAN,CAAW,QAAX,EAAqBF,qBAArB,EAA+BU,yBAA/B;AACAZ,KAAK,CAACO,GAAN,CAAU,YAAV,EAAwBL,qBAAxB,EAAmCW,4BAAnC;AACAb,KAAK,UAAL,CAAa,YAAb,EAA2BE,qBAA3B,EAAsCY,2BAAtC;AACAd,KAAK,CAACC,GAAN,CAAU,QAAV,EAAoBc,wBAApB;AACAf,KAAK,CAACI,IAAN,CAAW,QAAX,EAAqBY,uBAArB;AACAhB,KAAK,CAACO,GAAN,CAAU,YAAV,EAAwBU,0BAAxB;AACAjB,KAAK,CAACC,GAAN,CAAU,YAAV,EAAwBiB,2BAAxB;AACAlB,KAAK,UAAL,CAAa,YAAb,EAA2BmB,0BAA3B;AACAnB,KAAK,CAACC,GAAN,CAAU,WAAV,EAAuBmB,6BAAvB;AACApB,KAAK,CAACI,IAAN,CAAW,WAAX,EAAwBiB,8BAAxB;AACArB,KAAK,CAACO,GAAN,CAAU,eAAV,EAA0Be,gCAA1B;AACAtB,KAAK,CAACC,GAAN,CAAU,eAAV,EAA0BsB,+BAA1B;AACAvB,KAAK,UAAL,CAAa,eAAb,EAA8BwB,iCAA9B;AACAxB,KAAK,CAACI,IAAN,CAAW,YAAX,EAAyB,UAACqB,GAAD,EAAMC,GAAN;AAAA,SAAc,sBAAMD,GAAN,EAAWC,GAAX,CAAd;AAAA,CAAzB;eACe1B,K","sourceRoot":"D:\\Andela\\Js Pro\\backend-blog-api\\src\\routes\\","sourcesContent":["import {Router} from 'express';\r\nimport {checkUser} from '../midleware/authoruser';\r\nimport {allContacts, allContactsById ,addcontacts, modifyContact, deleteContact} from '../controller/contactsController';\r\nimport {allUsers, allUsersById, addUsers, modifyUsers, deleteUser} from '../controller/usersController';\r\nimport {allBlogs, addBlog, modifyBlog, allBlogById, deleteBlog} from '../controller/blogcontroller';\r\nimport {allComment, addcomments,modifyComment, commentsById, deletecomement} from '../controller/commentController';\r\nimport {login} from '../controller/loginUser';\r\nconst route= Router();\r\n\r\nroute.get('/contacts',checkUser, allContacts);\r\nroute.post('/contacts', checkUser,addcontacts);\r\nroute.get('/contacts/:id',checkUser, allContactsById);\r\nroute.put('/contacts/:id', checkUser,modifyContact);\r\nroute.delete('/contacts/:id', checkUser, deleteContact);\r\nroute.get('/users', allUsers);\r\nroute.get('/users/:id', checkUser, allUsersById);\r\nroute.post('/users', checkUser,addUsers);\r\nroute.put('/users/:id', checkUser, modifyUsers);\r\nroute.delete('/users/:id', checkUser, deleteUser);\r\nroute.get('/blogs', allBlogs);\r\nroute.post('/blogs', addBlog);\r\nroute.put('/blogs/:id', modifyBlog);\r\nroute.get('/blogs/:id', allBlogById);\r\nroute.delete('/blogs/:id', deleteBlog);\r\nroute.get('/comments', allComment);\r\nroute.post('/comments', addcomments);\r\nroute.put('/comments/:id',modifyComment);\r\nroute.get('/comments/:id',commentsById);\r\nroute.delete('/comments/:id', deletecomement);\r\nroute.post('/api/login', (req, res) => login(req, res));\r\nexport default route;\r\n\r\n"]},"_coverageSchema":"1a1c01bbd47fc00a2c39e90264f33305004495a9","hash":"7699de99936df9f13eeea38b2968ad4b2587721e","contentHash":"77da233d982ec5c2c63f36f3f4581d5ecedf184ef306e0dbd7967ecbc2dcabf8"},"D:\\Andela\\Js Pro\\backend-blog-api\\src\\midleware\\authoruser.js":{"path":"D:\\Andela\\Js Pro\\backend-blog-api\\src\\midleware\\authoruser.js","statementMap":{"0":{"start":{"line":3,"column":0},"end":{"line":5,"column":3}},"1":{"start":{"line":6,"column":0},"end":{"line":6,"column":48}},"2":{"start":{"line":8,"column":15},"end":{"line":8,"column":57}},"3":{"start":{"line":10,"column":20},"end":{"line":10,"column":67}},"4":{"start":{"line":12,"column":0},"end":{"line":12,"column":25}},"5":{"start":{"line":14,"column":18},"end":{"line":14,"column":40}},"6":{"start":{"line":16,"column":12},"end":{"line":16,"column":27}},"7":{"start":{"line":18,"column":39},"end":{"line":18,"column":95}},"8":{"start":{"line":20,"column":17},"end":{"line":20,"column":39}},"9":{"start":{"line":21,"column":10},"end":{"line":21,"column":36}},"10":{"start":{"line":22,"column":0},"end":{"line":36,"column":3}},"11":{"start":{"line":23,"column":13},"end":{"line":27,"column":3}},"12":{"start":{"line":29,"column":2},"end":{"line":35,"column":5}},"13":{"start":{"line":32,"column":4},"end":{"line":34,"column":7}},"14":{"start":{"line":38,"column":16},"end":{"line":49,"column":1}},"15":{"start":{"line":39,"column":21},"end":{"line":39,"column":49}},"16":{"start":{"line":41,"column":2},"end":{"line":48,"column":3}},"17":{"start":{"line":42,"column":17},"end":{"line":42,"column":40}},"18":{"start":{"line":43,"column":22},"end":{"line":43,"column":31}},"19":{"start":{"line":44,"column":4},"end":{"line":44,"column":28}},"20":{"start":{"line":45,"column":4},"end":{"line":45,"column":11}},"21":{"start":{"line":47,"column":4},"end":{"line":47,"column":26}},"22":{"start":{"line":51,"column":0},"end":{"line":51,"column":30}},"23":{"start":{"line":52,"column":15},"end":{"line":52,"column":18}},"24":{"start":{"line":53,"column":0},"end":{"line":53,"column":30}}},"fnMap":{"0":{"name":"_interopRequireDefault","decl":{"start":{"line":18,"column":9},"end":{"line":18,"column":31}},"loc":{"start":{"line":18,"column":37},"end":{"line":18,"column":97}},"line":18},"1":{"name":"(anonymous_1)","decl":{"start":{"line":22,"column":19},"end":{"line":22,"column":20}},"loc":{"start":{"line":22,"column":39},"end":{"line":36,"column":1}},"line":22},"2":{"name":"(anonymous_2)","decl":{"start":{"line":31,"column":17},"end":{"line":31,"column":18}},"loc":{"start":{"line":31,"column":39},"end":{"line":35,"column":3}},"line":31},"3":{"name":"checkUser","decl":{"start":{"line":38,"column":25},"end":{"line":38,"column":34}},"loc":{"start":{"line":38,"column":51},"end":{"line":49,"column":1}},"line":38}},"branchMap":{"0":{"loc":{"start":{"line":18,"column":46},"end":{"line":18,"column":94}},"type":"cond-expr","locations":[{"start":{"line":18,"column":70},"end":{"line":18,"column":73}},{"start":{"line":18,"column":76},"end":{"line":18,"column":94}}],"line":18},"1":{"loc":{"start":{"line":18,"column":46},"end":{"line":18,"column":67}},"type":"binary-expr","locations":[{"start":{"line":18,"column":46},"end":{"line":18,"column":49}},{"start":{"line":18,"column":53},"end":{"line":18,"column":67}}],"line":18},"2":{"loc":{"start":{"line":41,"column":2},"end":{"line":48,"column":3}},"type":"if","locations":[{"start":{"line":41,"column":2},"end":{"line":48,"column":3}},{"start":{"line":41,"column":2},"end":{"line":48,"column":3}}],"line":41}},"s":{"0":1,"1":1,"2":1,"3":1,"4":1,"5":1,"6":1,"7":2,"8":1,"9":1,"10":1,"11":0,"12":0,"13":0,"14":1,"15":0,"16":0,"17":0,"18":0,"19":0,"20":0,"21":0,"22":1,"23":1,"24":1},"f":{"0":2,"1":0,"2":0,"3":0},"b":{"0":[0,2],"1":[2,2],"2":[0,0]},"inputSourceMap":{"version":3,"sources":["authoruser.js"],"names":["SECRET_KEY","process","env","app","post","req","res","user","id","name","email","jwt","sign","err","token","json","checkUser","next","bearerHeader","headers","bearer","split","bearerToken","sendStatus"],"mappings":";;;;;;;AAAA;;AACA;;AACA;;AACA;;AACA;;;;IAEOA,U,GAAcC,OAAO,CAACC,G,CAAtBF,U;AACP,IAAMG,GAAG,GAAC,0BAAV;AACAA,GAAG,CAACC,IAAJ,CAAS,QAAT,EAAmB,UAACC,GAAD,EAAMC,GAAN,EAAY;AAC3B,MAAMC,IAAI,GAAC;AACPC,IAAAA,EAAE,EAAE,eADG;AAEPC,IAAAA,IAAI,EAAE,MAFC;AAGPC,IAAAA,KAAK,EAAE;AAHA,GAAX;;AAKAC,2BAAIC,IAAJ,CAAS;AAACL,IAAAA,IAAI,EAAJA;AAAD,GAAT,EAAgBP,UAAhB,EAA6B,UAACa,GAAD,EAAMC,KAAN,EAAc;AACvCR,IAAAA,GAAG,CAACS,IAAJ,CAAS;AACLD,MAAAA,KAAK,EAALA;AADK,KAAT;AAGH,GAJD;AAMH,CAZD;;AAcO,IAAME,SAAS,GAAC,SAAVA,SAAU,CAACX,GAAD,EAAMC,GAAN,EAAWW,IAAX,EAAkB;AACrC,MAAMC,YAAY,GAAEb,GAAG,CAACc,OAAJ,CAAY,eAAZ,CAApB;;AACA,MAAG,OAAOD,YAAP,KAAwB,WAA3B,EAAwC;AAEpC,QAAME,MAAM,GAAEF,YAAY,CAACG,KAAb,CAAmB,GAAnB,CAAd;AAEA,QAAMC,WAAW,GAACF,MAAM,CAAC,CAAD,CAAxB;AAEAf,IAAAA,GAAG,CAACS,KAAJ,GAAUQ,WAAV;AAEAL,IAAAA,IAAI;AACP,GATD,MASK;AACDX,IAAAA,GAAG,CAACiB,UAAJ,CAAe,KAAf;AACH;AAEJ,CAfM;;;eAgBQpB,G","sourceRoot":"D:\\Andela\\Js Pro\\backend-blog-api\\src\\midleware\\","sourcesContent":["import express from 'express';\r\nimport jwt from 'jsonwebtoken';\r\nimport {} from 'dotenv/config';\r\nimport {createError} from 'http-errors';\r\nimport { v4 as uuidv4 } from 'uuid';\r\n\r\nconst {SECRET_KEY} = process.env;\r\nconst app=express();\r\napp.post('/login', (req, res)=>{\r\n    const user={\r\n        id: uuidv4(),\r\n        name: \"pazz\",\r\n        email: \"pazzo@gmail.com\"\r\n    }\r\n    jwt.sign({user},SECRET_KEY , (err, token)=>{\r\n        res.json({\r\n            token\r\n        })\r\n    } )\r\n    \r\n} );\r\n\r\nexport const checkUser=(req, res, next)=>{\r\n    const bearerHeader= req.headers['authorization'];\r\n    if(typeof bearerHeader !== 'undefined' ){\r\n\r\n        const bearer =bearerHeader.split(' ');\r\n\r\n        const bearerToken=bearer[1];\r\n\r\n        req.token=bearerToken;\r\n\r\n        next();\r\n    }else{\r\n        res.sendStatus('403');\r\n    }\r\n\r\n}\r\nexport default app;"]},"_coverageSchema":"1a1c01bbd47fc00a2c39e90264f33305004495a9","hash":"8aff4ca4905f154886be9d2e61dab1c3dd036ebb","contentHash":"5fff08aa77a2a1bd24b82a76b8c398a0149d7724e85b37c33f916e49f7d97d9d"},"D:\\Andela\\Js Pro\\backend-blog-api\\src\\controller\\contactsController.js":{"path":"D:\\Andela\\Js Pro\\backend-blog-api\\src\\controller\\contactsController.js","statementMap":{"0":{"start":{"line":3,"column":0},"end":{"line":5,"column":3}},"1":{"start":{"line":6,"column":0},"end":{"line":6,"column":144}},"2":{"start":{"line":8,"column":15},"end":{"line":8,"column":67}},"3":{"start":{"line":10,"column":13},"end":{"line":10,"column":63}},"4":{"start":{"line":12,"column":12},"end":{"line":12,"column":27}},"5":{"start":{"line":14,"column":39},"end":{"line":14,"column":95}},"6":{"start":{"line":16,"column":15},"end":{"line":25,"column":1}},"7":{"start":{"line":17,"column":2},"end":{"line":24,"column":3}},"8":{"start":{"line":18,"column":4},"end":{"line":21,"column":7}},"9":{"start":{"line":23,"column":4},"end":{"line":23,"column":22}},"10":{"start":{"line":27,"column":0},"end":{"line":27,"column":28}},"11":{"start":{"line":28,"column":0},"end":{"line":28,"column":33}},"12":{"start":{"line":30,"column":18},"end":{"line":39,"column":1}},"13":{"start":{"line":31,"column":2},"end":{"line":38,"column":3}},"14":{"start":{"line":32,"column":4},"end":{"line":35,"column":7}},"15":{"start":{"line":37,"column":4},"end":{"line":37,"column":22}},"16":{"start":{"line":41,"column":0},"end":{"line":41,"column":34}},"17":{"start":{"line":43,"column":18},"end":{"line":62,"column":1}},"18":{"start":{"line":44,"column":14},"end":{"line":50,"column":3}},"19":{"start":{"line":52,"column":2},"end":{"line":52,"column":34}},"20":{"start":{"line":54,"column":2},"end":{"line":61,"column":3}},"21":{"start":{"line":55,"column":4},"end":{"line":58,"column":7}},"22":{"start":{"line":60,"column":4},"end":{"line":60,"column":22}},"23":{"start":{"line":64,"column":0},"end":{"line":64,"column":34}},"24":{"start":{"line":66,"column":20},"end":{"line":84,"column":1}},"25":{"start":{"line":67,"column":11},"end":{"line":67,"column":24}},"26":{"start":{"line":69,"column":15},"end":{"line":71,"column":4}},"27":{"start":{"line":70,"column":4},"end":{"line":70,"column":28}},"28":{"start":{"line":73,"column":2},"end":{"line":73,"column":57}},"29":{"start":{"line":73,"column":15},"end":{"line":73,"column":57}},"30":{"start":{"line":74,"column":2},"end":{"line":74,"column":129}},"31":{"start":{"line":76,"column":2},"end":{"line":83,"column":3}},"32":{"start":{"line":77,"column":4},"end":{"line":80,"column":7}},"33":{"start":{"line":82,"column":4},"end":{"line":82,"column":22}},"34":{"start":{"line":86,"column":0},"end":{"line":86,"column":38}},"35":{"start":{"line":88,"column":22},"end":{"line":102,"column":1}},"36":{"start":{"line":89,"column":11},"end":{"line":89,"column":24}},"37":{"start":{"line":91,"column":15},"end":{"line":93,"column":4}},"38":{"start":{"line":92,"column":4},"end":{"line":92,"column":28}},"39":{"start":{"line":95,"column":2},"end":{"line":101,"column":3}},"40":{"start":{"line":96,"column":4},"end":{"line":98,"column":7}},"41":{"start":{"line":100,"column":4},"end":{"line":100,"column":22}},"42":{"start":{"line":104,"column":0},"end":{"line":104,"column":42}},"43":{"start":{"line":106,"column":20},"end":{"line":126,"column":1}},"44":{"start":{"line":107,"column":11},"end":{"line":107,"column":24}},"45":{"start":{"line":109,"column":15},"end":{"line":111,"column":4}},"46":{"start":{"line":110,"column":4},"end":{"line":110,"column":28}},"47":{"start":{"line":113,"column":2},"end":{"line":113,"column":57}},"48":{"start":{"line":113,"column":15},"end":{"line":113,"column":57}},"49":{"start":{"line":115,"column":14},"end":{"line":115,"column":49}},"50":{"start":{"line":117,"column":2},"end":{"line":117,"column":39}},"51":{"start":{"line":119,"column":2},"end":{"line":125,"column":3}},"52":{"start":{"line":120,"column":4},"end":{"line":122,"column":7}},"53":{"start":{"line":124,"column":4},"end":{"line":124,"column":22}},"54":{"start":{"line":128,"column":0},"end":{"line":128,"column":38}}},"fnMap":{"0":{"name":"_interopRequireDefault","decl":{"start":{"line":14,"column":9},"end":{"line":14,"column":31}},"loc":{"start":{"line":14,"column":37},"end":{"line":14,"column":97}},"line":14},"1":{"name":"allUsers","decl":{"start":{"line":16,"column":24},"end":{"line":16,"column":32}},"loc":{"start":{"line":16,"column":43},"end":{"line":25,"column":1}},"line":16},"2":{"name":"allContacts","decl":{"start":{"line":30,"column":27},"end":{"line":30,"column":38}},"loc":{"start":{"line":30,"column":49},"end":{"line":39,"column":1}},"line":30},"3":{"name":"addcontacts","decl":{"start":{"line":43,"column":27},"end":{"line":43,"column":38}},"loc":{"start":{"line":43,"column":49},"end":{"line":62,"column":1}},"line":43},"4":{"name":"modifyContact","decl":{"start":{"line":66,"column":29},"end":{"line":66,"column":42}},"loc":{"start":{"line":66,"column":53},"end":{"line":84,"column":1}},"line":66},"5":{"name":"(anonymous_5)","decl":{"start":{"line":69,"column":40},"end":{"line":69,"column":41}},"loc":{"start":{"line":69,"column":58},"end":{"line":71,"column":3}},"line":69},"6":{"name":"allContactsById","decl":{"start":{"line":88,"column":31},"end":{"line":88,"column":46}},"loc":{"start":{"line":88,"column":57},"end":{"line":102,"column":1}},"line":88},"7":{"name":"(anonymous_7)","decl":{"start":{"line":91,"column":40},"end":{"line":91,"column":41}},"loc":{"start":{"line":91,"column":58},"end":{"line":93,"column":3}},"line":91},"8":{"name":"deleteContact","decl":{"start":{"line":106,"column":29},"end":{"line":106,"column":42}},"loc":{"start":{"line":106,"column":53},"end":{"line":126,"column":1}},"line":106},"9":{"name":"(anonymous_9)","decl":{"start":{"line":109,"column":40},"end":{"line":109,"column":41}},"loc":{"start":{"line":109,"column":58},"end":{"line":111,"column":3}},"line":109}},"branchMap":{"0":{"loc":{"start":{"line":14,"column":46},"end":{"line":14,"column":94}},"type":"cond-expr","locations":[{"start":{"line":14,"column":70},"end":{"line":14,"column":73}},{"start":{"line":14,"column":76},"end":{"line":14,"column":94}}],"line":14},"1":{"loc":{"start":{"line":14,"column":46},"end":{"line":14,"column":67}},"type":"binary-expr","locations":[{"start":{"line":14,"column":46},"end":{"line":14,"column":49}},{"start":{"line":14,"column":53},"end":{"line":14,"column":67}}],"line":14},"2":{"loc":{"start":{"line":17,"column":2},"end":{"line":24,"column":3}},"type":"if","locations":[{"start":{"line":17,"column":2},"end":{"line":24,"column":3}},{"start":{"line":17,"column":2},"end":{"line":24,"column":3}}],"line":17},"3":{"loc":{"start":{"line":31,"column":2},"end":{"line":38,"column":3}},"type":"if","locations":[{"start":{"line":31,"column":2},"end":{"line":38,"column":3}},{"start":{"line":31,"column":2},"end":{"line":38,"column":3}}],"line":31},"4":{"loc":{"start":{"line":54,"column":2},"end":{"line":61,"column":3}},"type":"if","locations":[{"start":{"line":54,"column":2},"end":{"line":61,"column":3}},{"start":{"line":54,"column":2},"end":{"line":61,"column":3}}],"line":54},"5":{"loc":{"start":{"line":73,"column":2},"end":{"line":73,"column":57}},"type":"if","locations":[{"start":{"line":73,"column":2},"end":{"line":73,"column":57}},{"start":{"line":73,"column":2},"end":{"line":73,"column":57}}],"line":73},"6":{"loc":{"start":{"line":76,"column":2},"end":{"line":83,"column":3}},"type":"if","locations":[{"start":{"line":76,"column":2},"end":{"line":83,"column":3}},{"start":{"line":76,"column":2},"end":{"line":83,"column":3}}],"line":76},"7":{"loc":{"start":{"line":95,"column":2},"end":{"line":101,"column":3}},"type":"if","locations":[{"start":{"line":95,"column":2},"end":{"line":101,"column":3}},{"start":{"line":95,"column":2},"end":{"line":101,"column":3}}],"line":95},"8":{"loc":{"start":{"line":113,"column":2},"end":{"line":113,"column":57}},"type":"if","locations":[{"start":{"line":113,"column":2},"end":{"line":113,"column":57}},{"start":{"line":113,"column":2},"end":{"line":113,"column":57}}],"line":113},"9":{"loc":{"start":{"line":119,"column":2},"end":{"line":125,"column":3}},"type":"if","locations":[{"start":{"line":119,"column":2},"end":{"line":125,"column":3}},{"start":{"line":119,"column":2},"end":{"line":125,"column":3}}],"line":119}},"s":{"0":1,"1":1,"2":1,"3":1,"4":1,"5":2,"6":1,"7":0,"8":0,"9":0,"10":1,"11":1,"12":1,"13":0,"14":0,"15":0,"16":1,"17":1,"18":0,"19":0,"20":0,"21":0,"22":0,"23":1,"24":1,"25":0,"26":0,"27":0,"28":0,"29":0,"30":0,"31":0,"32":0,"33":0,"34":1,"35":1,"36":0,"37":0,"38":0,"39":0,"40":0,"41":0,"42":1,"43":1,"44":0,"45":0,"46":0,"47":0,"48":0,"49":0,"50":0,"51":0,"52":0,"53":0,"54":1},"f":{"0":2,"1":0,"2":0,"3":0,"4":0,"5":0,"6":0,"7":0,"8":0,"9":0},"b":{"0":[2,0],"1":[2,2],"2":[0,0],"3":[0,0],"4":[0,0],"5":[0,0],"6":[0,0],"7":[0,0],"8":[0,0],"9":[0,0]},"inputSourceMap":{"version":3,"sources":["contactsController.js"],"names":["allUsers","req","res","user","length","json","coount","send","console","log","contact","allContacts","addcontacts","conta","id","names","body","email","phone","message","push","modifyContact","params","contac","find","status","allContactsById","deleteContact","index","indexOf","splice"],"mappings":";;;;;;;AAAA;;AACA;;AACA;;;;AAMO,IAAMA,QAAQ,GAAE,SAAVA,QAAU,CAACC,GAAD,EAAMC,GAAN,EAAY;AAC/B,MAAGC,kBAAKC,MAAR,EAAe;AACXF,IAAAA,GAAG,CAACG,IAAJ,CAAS;AACLC,MAAAA,MAAM,EAAEH,kBAAKC,MADR;AAELD,MAAAA,IAAI,EAAJA;AAFK,KAAT;AAIH,GALD,MAKK;AACDD,IAAAA,GAAG,CAACK,IAAJ,CAAS,OAAT;AACH;AACJ,CATM;;;AAYPC,OAAO,CAACC,GAAR,CAAYC,mBAAZ;;AAEO,IAAMC,WAAW,GAAE,SAAbA,WAAa,CAACV,GAAD,EAAMC,GAAN,EAAY;AAClC,MAAGQ,oBAAQN,MAAX,EAAkB;AACdF,IAAAA,GAAG,CAACG,IAAJ,CAAS;AACLC,MAAAA,MAAM,EAAEI,oBAAQN,MADX;AAELM,MAAAA,OAAO,EAAPA;AAFK,KAAT;AAIH,GALD,MAKK;AACDR,IAAAA,GAAG,CAACK,IAAJ,CAAS,OAAT;AACH;AACJ,CATM;;;;AAWA,IAAMK,WAAW,GAAG,SAAdA,WAAc,CAACX,GAAD,EAAMC,GAAN,EAAc;AACrC,MAAMW,KAAK,GAAE;AACTC,IAAAA,EAAE,EAAE,eADK;AAETC,IAAAA,KAAK,EAACd,GAAG,CAACe,IAAJ,CAASD,KAFN;AAGTE,IAAAA,KAAK,EAAChB,GAAG,CAACe,IAAJ,CAASC,KAHN;AAITC,IAAAA,KAAK,EAACjB,GAAG,CAACe,IAAJ,CAASE,KAJN;AAKTC,IAAAA,OAAO,EAAClB,GAAG,CAACe,IAAJ,CAASG;AALR,GAAb;;AAOAT,sBAAQU,IAAR,CAAaP,KAAb;;AACA,MAAGH,oBAAQN,MAAX,EAAkB;AACdF,IAAAA,GAAG,CAACG,IAAJ,CAAS;AACLC,MAAAA,MAAM,EAAEI,oBAAQN,MADX;AAELM,MAAAA,OAAO,EAAPA;AAFK,KAAT;AAIH,GALD,MAKK;AACDR,IAAAA,GAAG,CAACK,IAAJ,CAAS,OAAT;AACH;AACJ,CAjBM;;;;AAmBA,IAAMc,aAAa,GAAG,SAAhBA,aAAgB,CAACpB,GAAD,EAAMC,GAAN,EAAc;AACvC,MAAMY,EAAE,GAACb,GAAG,CAACqB,MAAJ,CAAWR,EAApB;;AACA,MAAMS,MAAM,GAAGb,oBAAQc,IAAR,CAAa,UAACD,MAAD,EAAU;AAClC,WAAOA,MAAM,CAACT,EAAP,KAAcA,EAArB;AACH,GAFc,CAAf;;AAGA,MAAG,CAACS,MAAJ,EAAYrB,GAAG,CAACuB,MAAJ,CAAW,GAAX,EAAgBlB,IAAhB,CAAqB,mBAArB;AAEZgB,EAAAA,MAAM,CAACR,KAAP,GAAcd,GAAG,CAACe,IAAJ,CAASD,KAAvB,EACAQ,MAAM,CAACN,KAAP,GAAchB,GAAG,CAACe,IAAJ,CAASC,KADvB,EAEAM,MAAM,CAACL,KAAP,GAAcjB,GAAG,CAACe,IAAJ,CAASE,KAFvB,EAGAK,MAAM,CAACJ,OAAP,GAAgBlB,GAAG,CAACe,IAAJ,CAASG,OAHzB;;AAIA,MAAGT,oBAAQN,MAAX,EAAkB;AACdF,IAAAA,GAAG,CAACG,IAAJ,CAAS;AACLC,MAAAA,MAAM,EAAEI,oBAAQN,MADX;AAELM,MAAAA,OAAO,EAAPA;AAFK,KAAT;AAIH,GALD,MAKK;AACDR,IAAAA,GAAG,CAACK,IAAJ,CAAS,OAAT;AACH;AACJ,CAnBM;;;;AAqBA,IAAMmB,eAAe,GAAE,SAAjBA,eAAiB,CAACzB,GAAD,EAAMC,GAAN,EAAY;AACtC,MAAMY,EAAE,GAACb,GAAG,CAACqB,MAAJ,CAAWR,EAApB;;AACA,MAAMS,MAAM,GAAGb,oBAAQc,IAAR,CAAa,UAACD,MAAD,EAAU;AAClC,WAAOA,MAAM,CAACT,EAAP,KAAcA,EAArB;AACH,GAFc,CAAf;;AAGA,MAAGS,MAAH,EAAU;AACNrB,IAAAA,GAAG,CAACG,IAAJ,CAAS;AACLkB,MAAAA,MAAM,EAANA;AADK,KAAT;AAGH,GAJD,MAIK;AACDrB,IAAAA,GAAG,CAACK,IAAJ,CAAS,OAAT;AACH;AACJ,CAZM;;;;AAeA,IAAMoB,aAAa,GAAE,SAAfA,aAAe,CAAC1B,GAAD,EAAMC,GAAN,EAAY;AACpC,MAAMY,EAAE,GAACb,GAAG,CAACqB,MAAJ,CAAWR,EAApB;;AACA,MAAMS,MAAM,GAAGb,oBAAQc,IAAR,CAAa,UAACD,MAAD,EAAU;AAClC,WAAOA,MAAM,CAACT,EAAP,KAAcA,EAArB;AACH,GAFc,CAAf;;AAGA,MAAG,CAACS,MAAJ,EAAYrB,GAAG,CAACuB,MAAJ,CAAW,GAAX,EAAgBlB,IAAhB,CAAqB,mBAArB;;AACZ,MAAMqB,KAAK,GAAClB,oBAAQmB,OAAR,CAAgBN,MAAhB,CAAZ;;AACAb,sBAAQoB,MAAR,CAAeF,KAAf,EAAsB,CAAtB;;AAEA,MAAGL,MAAH,EAAU;AACNrB,IAAAA,GAAG,CAACG,IAAJ,CAAS;AACLkB,MAAAA,MAAM,EAANA;AADK,KAAT;AAGH,GAJD,MAIK;AACDrB,IAAAA,GAAG,CAACK,IAAJ,CAAS,OAAT;AACH;AACJ,CAhBM","sourceRoot":"D:\\Andela\\Js Pro\\backend-blog-api\\src\\controller\\","sourcesContent":["import contact from '../models/contact';\r\nimport user from '../models/users';\r\nimport { v4 as uuidv4 } from 'uuid';\r\n\r\n\r\n\r\n\r\n\r\nexport const allUsers= (req, res)=>{\r\n    if(user.length){\r\n        res.json({\r\n            coount: user.length,\r\n            user\r\n        })\r\n    }else{\r\n        res.send('error')\r\n    }\r\n}\r\n\r\n\r\nconsole.log(contact);\r\n\r\nexport const allContacts= (req, res)=>{\r\n    if(contact.length){\r\n        res.json({\r\n            coount: contact.length,\r\n            contact\r\n        })\r\n    }else{\r\n        res.send('error')\r\n    }\r\n}\r\n\r\nexport const addcontacts = (req, res ) =>{\r\n    const conta= {\r\n        id: uuidv4(),\r\n        names:req.body.names,\r\n        email:req.body.email,\r\n        phone:req.body.phone,\r\n        message:req.body.message\r\n    };\r\n    contact.push(conta);\r\n    if(contact.length){\r\n        res.json({\r\n            coount: contact.length,\r\n            contact\r\n        })\r\n    }else{\r\n        res.send('error')\r\n    }\r\n}\r\n\r\nexport const modifyContact = (req, res ) =>{\r\n    const id=req.params.id;\r\n    const contac = contact.find((contac)=>{\r\n        return contac.id === id;\r\n    })\r\n    if(!contac) res.status(400).send(\"message not found\");\r\n\r\n    contac.names= req.body.names,\r\n    contac.email= req.body.email,\r\n    contac.phone= req.body.phone,\r\n    contac.message= req.body.message\r\n    if(contact.length){\r\n        res.json({\r\n            coount: contact.length,\r\n            contact\r\n        })\r\n    }else{\r\n        res.send('error')\r\n    }\r\n}\r\n\r\nexport const allContactsById= (req, res)=>{\r\n    const id=req.params.id;\r\n    const contac = contact.find((contac)=>{\r\n        return contac.id === id;\r\n    })\r\n    if(contac){\r\n        res.json({\r\n            contac\r\n        })\r\n    }else{\r\n        res.send('error')\r\n    }\r\n}\r\n\r\n\r\nexport const deleteContact= (req, res)=>{\r\n    const id=req.params.id;\r\n    const contac = contact.find((contac)=>{\r\n        return contac.id === id;\r\n    })\r\n    if(!contac) res.status(400).send(\"message not found\");\r\n    const index=contact.indexOf(contac);\r\n    contact.splice(index, 1);\r\n\r\n    if(contac){\r\n        res.json({\r\n            contac\r\n        })\r\n    }else{\r\n        res.send('error')\r\n    }\r\n}\r\n\r\n\r\n\r\n\r\n"]},"_coverageSchema":"1a1c01bbd47fc00a2c39e90264f33305004495a9","hash":"cd03b909b29eed79fb3d352c955db9160876874a","contentHash":"4acfb1fdc0f7e9cc5ac63f2edb1907aa2768b7eb2c7b124001c1ee76badcebce"},"D:\\Andela\\Js Pro\\backend-blog-api\\src\\models\\contact.js":{"path":"D:\\Andela\\Js Pro\\backend-blog-api\\src\\models\\contact.js","statementMap":{"0":{"start":{"line":3,"column":0},"end":{"line":5,"column":3}},"1":{"start":{"line":6,"column":0},"end":{"line":6,"column":28}},"2":{"start":{"line":8,"column":12},"end":{"line":8,"column":27}},"3":{"start":{"line":10,"column":54},"end":{"line":10,"column":73}},"4":{"start":{"line":10,"column":75},"end":{"line":10,"column":326}},"5":{"start":{"line":10,"column":125},"end":{"line":10,"column":161}},"6":{"start":{"line":10,"column":163},"end":{"line":10,"column":292}},"7":{"start":{"line":10,"column":183},"end":{"line":10,"column":292}},"8":{"start":{"line":10,"column":225},"end":{"line":10,"column":288}},"9":{"start":{"line":10,"column":293},"end":{"line":10,"column":324}},"10":{"start":{"line":10,"column":327},"end":{"line":10,"column":339}},"11":{"start":{"line":12,"column":33},"end":{"line":12,"column":517}},"12":{"start":{"line":12,"column":46},"end":{"line":12,"column":47}},"13":{"start":{"line":12,"column":91},"end":{"line":12,"column":131}},"14":{"start":{"line":12,"column":133},"end":{"line":12,"column":515}},"15":{"start":{"line":12,"column":146},"end":{"line":12,"column":247}},"16":{"start":{"line":12,"column":201},"end":{"line":12,"column":243}},"17":{"start":{"line":12,"column":255},"end":{"line":12,"column":515}},"18":{"start":{"line":12,"column":295},"end":{"line":12,"column":369}},"19":{"start":{"line":12,"column":379},"end":{"line":12,"column":513}},"20":{"start":{"line":12,"column":428},"end":{"line":12,"column":509}},"21":{"start":{"line":12,"column":518},"end":{"line":12,"column":532}},"22":{"start":{"line":14,"column":44},"end":{"line":14,"column":195}},"23":{"start":{"line":14,"column":62},"end":{"line":14,"column":166}},"24":{"start":{"line":14,"column":176},"end":{"line":14,"column":193}},"25":{"start":{"line":14,"column":196},"end":{"line":14,"column":207}},"26":{"start":{"line":16,"column":15},"end":{"line":26,"column":2}},"27":{"start":{"line":27,"column":0},"end":{"line":31,"column":3}},"28":{"start":{"line":28,"column":2},"end":{"line":30,"column":15}},"29":{"start":{"line":32,"column":15},"end":{"line":32,"column":23}},"30":{"start":{"line":33,"column":0},"end":{"line":33,"column":30}}},"fnMap":{"0":{"name":"ownKeys","decl":{"start":{"line":10,"column":9},"end":{"line":10,"column":16}},"loc":{"start":{"line":10,"column":41},"end":{"line":10,"column":341}},"line":10},"1":{"name":"(anonymous_1)","decl":{"start":{"line":10,"column":208},"end":{"line":10,"column":209}},"loc":{"start":{"line":10,"column":223},"end":{"line":10,"column":290}},"line":10},"2":{"name":"_objectSpread","decl":{"start":{"line":12,"column":9},"end":{"line":12,"column":22}},"loc":{"start":{"line":12,"column":31},"end":{"line":12,"column":534}},"line":12},"3":{"name":"(anonymous_3)","decl":{"start":{"line":12,"column":184},"end":{"line":12,"column":185}},"loc":{"start":{"line":12,"column":199},"end":{"line":12,"column":245}},"line":12},"4":{"name":"(anonymous_4)","decl":{"start":{"line":12,"column":411},"end":{"line":12,"column":412}},"loc":{"start":{"line":12,"column":426},"end":{"line":12,"column":511}},"line":12},"5":{"name":"_defineProperty","decl":{"start":{"line":14,"column":9},"end":{"line":14,"column":24}},"loc":{"start":{"line":14,"column":42},"end":{"line":14,"column":209}},"line":14},"6":{"name":"(anonymous_6)","decl":{"start":{"line":27,"column":24},"end":{"line":27,"column":25}},"loc":{"start":{"line":27,"column":44},"end":{"line":31,"column":1}},"line":27}},"branchMap":{"0":{"loc":{"start":{"line":10,"column":75},"end":{"line":10,"column":326}},"type":"if","locations":[{"start":{"line":10,"column":75},"end":{"line":10,"column":326}},{"start":{"line":10,"column":75},"end":{"line":10,"column":326}}],"line":10},"1":{"loc":{"start":{"line":10,"column":163},"end":{"line":10,"column":292}},"type":"if","locations":[{"start":{"line":10,"column":163},"end":{"line":10,"column":292}},{"start":{"line":10,"column":163},"end":{"line":10,"column":292}}],"line":10},"2":{"loc":{"start":{"line":12,"column":91},"end":{"line":12,"column":131}},"type":"cond-expr","locations":[{"start":{"line":12,"column":114},"end":{"line":12,"column":126}},{"start":{"line":12,"column":129},"end":{"line":12,"column":131}}],"line":12},"3":{"loc":{"start":{"line":12,"column":133},"end":{"line":12,"column":515}},"type":"if","locations":[{"start":{"line":12,"column":133},"end":{"line":12,"column":515}},{"start":{"line":12,"column":133},"end":{"line":12,"column":515}}],"line":12},"4":{"loc":{"start":{"line":12,"column":255},"end":{"line":12,"column":515}},"type":"if","locations":[{"start":{"line":12,"column":255},"end":{"line":12,"column":515}},{"start":{"line":12,"column":255},"end":{"line":12,"column":515}}],"line":12},"5":{"loc":{"start":{"line":14,"column":44},"end":{"line":14,"column":195}},"type":"if","locations":[{"start":{"line":14,"column":44},"end":{"line":14,"column":195}},{"start":{"line":14,"column":44},"end":{"line":14,"column":195}}],"line":14}},"s":{"0":1,"1":1,"2":1,"3":2,"4":2,"5":2,"6":2,"7":2,"8":0,"9":2,"10":2,"11":2,"12":2,"13":2,"14":2,"15":2,"16":8,"17":0,"18":0,"19":0,"20":0,"21":2,"22":8,"23":0,"24":8,"25":8,"26":1,"27":1,"28":2,"29":1,"30":1},"f":{"0":2,"1":0,"2":2,"3":8,"4":0,"5":8,"6":2},"b":{"0":[2,0],"1":[2,0],"2":[2,0],"3":[2,0],"4":[0,0],"5":[0,8]},"inputSourceMap":{"version":3,"sources":["contact.js"],"names":["contacts","names","email","phone","message","map","id"],"mappings":";;;;;;;AAAA;;;;;;;;AACA,IAAKA,QAAQ,GAAG,CACZ;AAEGC,EAAAA,KAAK,EAAE,YAFV;AAGGC,EAAAA,KAAK,EAAE,mBAHV;AAIGC,EAAAA,KAAK,EAAE,YAJV;AAKGC,EAAAA,OAAO,EAAE;AALZ,CADY,EAQZ;AAEIH,EAAAA,KAAK,EAAE,gBAFX;AAGIC,EAAAA,KAAK,EAAE,qBAHX;AAIIC,EAAAA,KAAK,EAAE,YAJX;AAKIC,EAAAA,OAAO,EAAE;AALb,CARY,CAAhB;AAgBAJ,QAAQ,GAAGA,QAAQ,CAACK,GAAT,CAAa,UAACL,QAAD;AAAA;AAAiBM,IAAAA,EAAE,EAAE;AAArB,KAAkCN,QAAlC;AAAA,CAAb,CAAX;eACeA,Q","sourceRoot":"D:\\Andela\\Js Pro\\backend-blog-api\\src\\models\\","sourcesContent":["import { v4 as uuidv4 } from 'uuid';\r\nlet  contacts=  [\r\n    {\r\n       \r\n       names: \"Irankunda \",\r\n       email: \"12pazzo@gmail.com\",\r\n       phone: \"0788362377\",\r\n       message: \"can we talk\"\r\n    },\r\n    {\r\n        \r\n        names: \"Kazungu Clever\",\r\n        email: \"12Kazungu@gmail.com\",\r\n        phone: \"0788362377\",\r\n        message: \"can we talk\"\r\n     }\r\n];\r\ncontacts = contacts.map((contacts) => ({ id: uuidv4(), ...contacts }));\r\nexport default contacts;\r\n\r\n"]},"_coverageSchema":"1a1c01bbd47fc00a2c39e90264f33305004495a9","hash":"595e6e01485f56413fecaf2528c2a4c4338c6af8","contentHash":"fc4b2edb47c1b98453efd775668b3c82596e84ee2d30c577117dbb4b6e619a84"},"D:\\Andela\\Js Pro\\backend-blog-api\\src\\models\\users.js":{"path":"D:\\Andela\\Js Pro\\backend-blog-api\\src\\models\\users.js","statementMap":{"0":{"start":{"line":3,"column":0},"end":{"line":5,"column":3}},"1":{"start":{"line":6,"column":0},"end":{"line":6,"column":28}},"2":{"start":{"line":8,"column":12},"end":{"line":8,"column":27}},"3":{"start":{"line":10,"column":54},"end":{"line":10,"column":73}},"4":{"start":{"line":10,"column":75},"end":{"line":10,"column":326}},"5":{"start":{"line":10,"column":125},"end":{"line":10,"column":161}},"6":{"start":{"line":10,"column":163},"end":{"line":10,"column":292}},"7":{"start":{"line":10,"column":183},"end":{"line":10,"column":292}},"8":{"start":{"line":10,"column":225},"end":{"line":10,"column":288}},"9":{"start":{"line":10,"column":293},"end":{"line":10,"column":324}},"10":{"start":{"line":10,"column":327},"end":{"line":10,"column":339}},"11":{"start":{"line":12,"column":33},"end":{"line":12,"column":517}},"12":{"start":{"line":12,"column":46},"end":{"line":12,"column":47}},"13":{"start":{"line":12,"column":91},"end":{"line":12,"column":131}},"14":{"start":{"line":12,"column":133},"end":{"line":12,"column":515}},"15":{"start":{"line":12,"column":146},"end":{"line":12,"column":247}},"16":{"start":{"line":12,"column":201},"end":{"line":12,"column":243}},"17":{"start":{"line":12,"column":255},"end":{"line":12,"column":515}},"18":{"start":{"line":12,"column":295},"end":{"line":12,"column":369}},"19":{"start":{"line":12,"column":379},"end":{"line":12,"column":513}},"20":{"start":{"line":12,"column":428},"end":{"line":12,"column":509}},"21":{"start":{"line":12,"column":518},"end":{"line":12,"column":532}},"22":{"start":{"line":14,"column":44},"end":{"line":14,"column":195}},"23":{"start":{"line":14,"column":62},"end":{"line":14,"column":166}},"24":{"start":{"line":14,"column":176},"end":{"line":14,"column":193}},"25":{"start":{"line":14,"column":196},"end":{"line":14,"column":207}},"26":{"start":{"line":16,"column":12},"end":{"line":26,"column":2}},"27":{"start":{"line":27,"column":0},"end":{"line":31,"column":3}},"28":{"start":{"line":28,"column":2},"end":{"line":30,"column":12}},"29":{"start":{"line":32,"column":15},"end":{"line":32,"column":20}},"30":{"start":{"line":33,"column":0},"end":{"line":33,"column":30}}},"fnMap":{"0":{"name":"ownKeys","decl":{"start":{"line":10,"column":9},"end":{"line":10,"column":16}},"loc":{"start":{"line":10,"column":41},"end":{"line":10,"column":341}},"line":10},"1":{"name":"(anonymous_1)","decl":{"start":{"line":10,"column":208},"end":{"line":10,"column":209}},"loc":{"start":{"line":10,"column":223},"end":{"line":10,"column":290}},"line":10},"2":{"name":"_objectSpread","decl":{"start":{"line":12,"column":9},"end":{"line":12,"column":22}},"loc":{"start":{"line":12,"column":31},"end":{"line":12,"column":534}},"line":12},"3":{"name":"(anonymous_3)","decl":{"start":{"line":12,"column":184},"end":{"line":12,"column":185}},"loc":{"start":{"line":12,"column":199},"end":{"line":12,"column":245}},"line":12},"4":{"name":"(anonymous_4)","decl":{"start":{"line":12,"column":411},"end":{"line":12,"column":412}},"loc":{"start":{"line":12,"column":426},"end":{"line":12,"column":511}},"line":12},"5":{"name":"_defineProperty","decl":{"start":{"line":14,"column":9},"end":{"line":14,"column":24}},"loc":{"start":{"line":14,"column":42},"end":{"line":14,"column":209}},"line":14},"6":{"name":"(anonymous_6)","decl":{"start":{"line":27,"column":18},"end":{"line":27,"column":19}},"loc":{"start":{"line":27,"column":35},"end":{"line":31,"column":1}},"line":27}},"branchMap":{"0":{"loc":{"start":{"line":10,"column":75},"end":{"line":10,"column":326}},"type":"if","locations":[{"start":{"line":10,"column":75},"end":{"line":10,"column":326}},{"start":{"line":10,"column":75},"end":{"line":10,"column":326}}],"line":10},"1":{"loc":{"start":{"line":10,"column":163},"end":{"line":10,"column":292}},"type":"if","locations":[{"start":{"line":10,"column":163},"end":{"line":10,"column":292}},{"start":{"line":10,"column":163},"end":{"line":10,"column":292}}],"line":10},"2":{"loc":{"start":{"line":12,"column":91},"end":{"line":12,"column":131}},"type":"cond-expr","locations":[{"start":{"line":12,"column":114},"end":{"line":12,"column":126}},{"start":{"line":12,"column":129},"end":{"line":12,"column":131}}],"line":12},"3":{"loc":{"start":{"line":12,"column":133},"end":{"line":12,"column":515}},"type":"if","locations":[{"start":{"line":12,"column":133},"end":{"line":12,"column":515}},{"start":{"line":12,"column":133},"end":{"line":12,"column":515}}],"line":12},"4":{"loc":{"start":{"line":12,"column":255},"end":{"line":12,"column":515}},"type":"if","locations":[{"start":{"line":12,"column":255},"end":{"line":12,"column":515}},{"start":{"line":12,"column":255},"end":{"line":12,"column":515}}],"line":12},"5":{"loc":{"start":{"line":14,"column":44},"end":{"line":14,"column":195}},"type":"if","locations":[{"start":{"line":14,"column":44},"end":{"line":14,"column":195}},{"start":{"line":14,"column":44},"end":{"line":14,"column":195}}],"line":14}},"s":{"0":1,"1":1,"2":1,"3":2,"4":2,"5":2,"6":2,"7":2,"8":0,"9":2,"10":2,"11":2,"12":2,"13":2,"14":2,"15":2,"16":8,"17":0,"18":0,"19":0,"20":0,"21":2,"22":8,"23":0,"24":8,"25":8,"26":1,"27":1,"28":2,"29":1,"30":1},"f":{"0":2,"1":0,"2":2,"3":8,"4":0,"5":8,"6":2},"b":{"0":[2,0],"1":[2,0],"2":[2,0],"3":[2,0],"4":[0,0],"5":[0,8]},"inputSourceMap":{"version":3,"sources":["users.js"],"names":["users","username","email","password","role","map","id"],"mappings":";;;;;;;AAAA;;;;;;;;AAEA,IAAIA,KAAK,GAAC,CACN;AAEGC,EAAAA,QAAQ,EAAE,UAFb;AAGGC,EAAAA,KAAK,EAAE,mBAHV;AAIGC,EAAAA,QAAQ,EAAE,SAJb;AAKGC,EAAAA,IAAI,EAAE;AALT,CADM,EAQN;AAEGH,EAAAA,QAAQ,EAAE,WAFb;AAGGC,EAAAA,KAAK,EAAE,mBAHV;AAIGC,EAAAA,QAAQ,EAAE,QAJb;AAKGC,EAAAA,IAAI,EAAE;AALT,CARM,CAAV;AAgBAJ,KAAK,GAAGA,KAAK,CAACK,GAAN,CAAU,UAACL,KAAD;AAAA;AAAcM,IAAAA,EAAE,EAAE;AAAlB,KAA+BN,KAA/B;AAAA,CAAV,CAAR;eAEeA,K","sourceRoot":"D:\\Andela\\Js Pro\\backend-blog-api\\src\\models\\","sourcesContent":["import { v4 as uuidv4 } from 'uuid';\r\n\r\nlet users=[\r\n    {\r\n     \r\n       username: \"Kayihura\",\r\n       email: \"12pazzo@gmail.com\",\r\n       password: \"patrick\",\r\n       role: \"admin\"\r\n    },\r\n    {\r\n       \r\n       username: \"Irankunda\",\r\n       email: \"12pazzo@gmail.com\",\r\n       password: \"pazzoz\",\r\n       role: 'user'\r\n     }\r\n];\r\nusers = users.map((users) => ({ id: uuidv4(), ...users }));\r\n\r\nexport default users;"]},"_coverageSchema":"1a1c01bbd47fc00a2c39e90264f33305004495a9","hash":"4411d9555fdcac3315be7c15d6f2db91941ce1f4","contentHash":"6024b245507a91797d6be314e6b0cc62f5c202f4736a72892306e9dfbb5ce778"},"D:\\Andela\\Js Pro\\backend-blog-api\\src\\controller\\usersController.js":{"path":"D:\\Andela\\Js Pro\\backend-blog-api\\src\\controller\\usersController.js","statementMap":{"0":{"start":{"line":3,"column":0},"end":{"line":5,"column":3}},"1":{"start":{"line":6,"column":0},"end":{"line":6,"column":111}},"2":{"start":{"line":8,"column":13},"end":{"line":8,"column":63}},"3":{"start":{"line":10,"column":12},"end":{"line":10,"column":27}},"4":{"start":{"line":12,"column":39},"end":{"line":12,"column":95}},"5":{"start":{"line":14,"column":15},"end":{"line":23,"column":1}},"6":{"start":{"line":15,"column":2},"end":{"line":22,"column":3}},"7":{"start":{"line":16,"column":4},"end":{"line":19,"column":7}},"8":{"start":{"line":21,"column":4},"end":{"line":21,"column":22}},"9":{"start":{"line":25,"column":0},"end":{"line":25,"column":28}},"10":{"start":{"line":27,"column":19},"end":{"line":41,"column":1}},"11":{"start":{"line":28,"column":11},"end":{"line":28,"column":24}},"12":{"start":{"line":30,"column":14},"end":{"line":32,"column":4}},"13":{"start":{"line":31,"column":4},"end":{"line":31,"column":27}},"14":{"start":{"line":34,"column":2},"end":{"line":40,"column":3}},"15":{"start":{"line":35,"column":4},"end":{"line":37,"column":7}},"16":{"start":{"line":39,"column":4},"end":{"line":39,"column":22}},"17":{"start":{"line":43,"column":0},"end":{"line":43,"column":36}},"18":{"start":{"line":45,"column":15},"end":{"line":64,"column":1}},"19":{"start":{"line":46,"column":14},"end":{"line":52,"column":3}},"20":{"start":{"line":54,"column":2},"end":{"line":54,"column":32}},"21":{"start":{"line":56,"column":2},"end":{"line":63,"column":3}},"22":{"start":{"line":57,"column":4},"end":{"line":60,"column":7}},"23":{"start":{"line":62,"column":4},"end":{"line":62,"column":22}},"24":{"start":{"line":66,"column":0},"end":{"line":66,"column":28}},"25":{"start":{"line":68,"column":18},"end":{"line":86,"column":1}},"26":{"start":{"line":69,"column":11},"end":{"line":69,"column":24}},"27":{"start":{"line":71,"column":14},"end":{"line":73,"column":4}},"28":{"start":{"line":72,"column":4},"end":{"line":72,"column":27}},"29":{"start":{"line":75,"column":2},"end":{"line":75,"column":56}},"30":{"start":{"line":75,"column":14},"end":{"line":75,"column":56}},"31":{"start":{"line":76,"column":2},"end":{"line":76,"column":103}},"32":{"start":{"line":78,"column":2},"end":{"line":85,"column":3}},"33":{"start":{"line":79,"column":4},"end":{"line":82,"column":7}},"34":{"start":{"line":84,"column":4},"end":{"line":84,"column":22}},"35":{"start":{"line":88,"column":0},"end":{"line":88,"column":34}},"36":{"start":{"line":90,"column":17},"end":{"line":110,"column":1}},"37":{"start":{"line":91,"column":11},"end":{"line":91,"column":24}},"38":{"start":{"line":93,"column":14},"end":{"line":95,"column":4}},"39":{"start":{"line":94,"column":4},"end":{"line":94,"column":27}},"40":{"start":{"line":97,"column":2},"end":{"line":97,"column":53}},"41":{"start":{"line":97,"column":14},"end":{"line":97,"column":53}},"42":{"start":{"line":99,"column":14},"end":{"line":99,"column":46}},"43":{"start":{"line":101,"column":2},"end":{"line":101,"column":37}},"44":{"start":{"line":103,"column":2},"end":{"line":109,"column":3}},"45":{"start":{"line":104,"column":4},"end":{"line":106,"column":7}},"46":{"start":{"line":108,"column":4},"end":{"line":108,"column":22}},"47":{"start":{"line":112,"column":0},"end":{"line":112,"column":32}}},"fnMap":{"0":{"name":"_interopRequireDefault","decl":{"start":{"line":12,"column":9},"end":{"line":12,"column":31}},"loc":{"start":{"line":12,"column":37},"end":{"line":12,"column":97}},"line":12},"1":{"name":"allUsers","decl":{"start":{"line":14,"column":24},"end":{"line":14,"column":32}},"loc":{"start":{"line":14,"column":43},"end":{"line":23,"column":1}},"line":14},"2":{"name":"allUsersById","decl":{"start":{"line":27,"column":28},"end":{"line":27,"column":40}},"loc":{"start":{"line":27,"column":51},"end":{"line":41,"column":1}},"line":27},"3":{"name":"(anonymous_3)","decl":{"start":{"line":30,"column":37},"end":{"line":30,"column":38}},"loc":{"start":{"line":30,"column":54},"end":{"line":32,"column":3}},"line":30},"4":{"name":"addUsers","decl":{"start":{"line":45,"column":24},"end":{"line":45,"column":32}},"loc":{"start":{"line":45,"column":43},"end":{"line":64,"column":1}},"line":45},"5":{"name":"modifyUsers","decl":{"start":{"line":68,"column":27},"end":{"line":68,"column":38}},"loc":{"start":{"line":68,"column":49},"end":{"line":86,"column":1}},"line":68},"6":{"name":"(anonymous_6)","decl":{"start":{"line":71,"column":37},"end":{"line":71,"column":38}},"loc":{"start":{"line":71,"column":54},"end":{"line":73,"column":3}},"line":71},"7":{"name":"deleteUser","decl":{"start":{"line":90,"column":26},"end":{"line":90,"column":36}},"loc":{"start":{"line":90,"column":47},"end":{"line":110,"column":1}},"line":90},"8":{"name":"(anonymous_8)","decl":{"start":{"line":93,"column":37},"end":{"line":93,"column":38}},"loc":{"start":{"line":93,"column":54},"end":{"line":95,"column":3}},"line":93}},"branchMap":{"0":{"loc":{"start":{"line":12,"column":46},"end":{"line":12,"column":94}},"type":"cond-expr","locations":[{"start":{"line":12,"column":70},"end":{"line":12,"column":73}},{"start":{"line":12,"column":76},"end":{"line":12,"column":94}}],"line":12},"1":{"loc":{"start":{"line":12,"column":46},"end":{"line":12,"column":67}},"type":"binary-expr","locations":[{"start":{"line":12,"column":46},"end":{"line":12,"column":49}},{"start":{"line":12,"column":53},"end":{"line":12,"column":67}}],"line":12},"2":{"loc":{"start":{"line":15,"column":2},"end":{"line":22,"column":3}},"type":"if","locations":[{"start":{"line":15,"column":2},"end":{"line":22,"column":3}},{"start":{"line":15,"column":2},"end":{"line":22,"column":3}}],"line":15},"3":{"loc":{"start":{"line":34,"column":2},"end":{"line":40,"column":3}},"type":"if","locations":[{"start":{"line":34,"column":2},"end":{"line":40,"column":3}},{"start":{"line":34,"column":2},"end":{"line":40,"column":3}}],"line":34},"4":{"loc":{"start":{"line":56,"column":2},"end":{"line":63,"column":3}},"type":"if","locations":[{"start":{"line":56,"column":2},"end":{"line":63,"column":3}},{"start":{"line":56,"column":2},"end":{"line":63,"column":3}}],"line":56},"5":{"loc":{"start":{"line":75,"column":2},"end":{"line":75,"column":56}},"type":"if","locations":[{"start":{"line":75,"column":2},"end":{"line":75,"column":56}},{"start":{"line":75,"column":2},"end":{"line":75,"column":56}}],"line":75},"6":{"loc":{"start":{"line":78,"column":2},"end":{"line":85,"column":3}},"type":"if","locations":[{"start":{"line":78,"column":2},"end":{"line":85,"column":3}},{"start":{"line":78,"column":2},"end":{"line":85,"column":3}}],"line":78},"7":{"loc":{"start":{"line":97,"column":2},"end":{"line":97,"column":53}},"type":"if","locations":[{"start":{"line":97,"column":2},"end":{"line":97,"column":53}},{"start":{"line":97,"column":2},"end":{"line":97,"column":53}}],"line":97},"8":{"loc":{"start":{"line":103,"column":2},"end":{"line":109,"column":3}},"type":"if","locations":[{"start":{"line":103,"column":2},"end":{"line":109,"column":3}},{"start":{"line":103,"column":2},"end":{"line":109,"column":3}}],"line":103}},"s":{"0":1,"1":1,"2":1,"3":1,"4":1,"5":1,"6":1,"7":1,"8":0,"9":1,"10":1,"11":0,"12":0,"13":0,"14":0,"15":0,"16":0,"17":1,"18":1,"19":0,"20":0,"21":0,"22":0,"23":0,"24":1,"25":1,"26":0,"27":0,"28":0,"29":0,"30":0,"31":0,"32":0,"33":0,"34":0,"35":1,"36":1,"37":0,"38":0,"39":0,"40":0,"41":0,"42":0,"43":0,"44":0,"45":0,"46":0,"47":1},"f":{"0":1,"1":1,"2":0,"3":0,"4":0,"5":0,"6":0,"7":0,"8":0},"b":{"0":[1,0],"1":[1,1],"2":[1,0],"3":[0,0],"4":[0,0],"5":[0,0],"6":[0,0],"7":[0,0],"8":[0,0]},"inputSourceMap":{"version":3,"sources":["usersController.js"],"names":["allUsers","req","res","user","length","json","coount","send","allUsersById","id","params","users","find","addUsers","username","body","email","password","role","push","modifyUsers","status","deleteUser","index","indexOf","splice"],"mappings":";;;;;;;AAAA;;AACA;;;;AAEO,IAAMA,QAAQ,GAAE,SAAVA,QAAU,CAACC,GAAD,EAAMC,GAAN,EAAY;AAC/B,MAAGC,kBAAKC,MAAR,EAAe;AACXF,IAAAA,GAAG,CAACG,IAAJ,CAAS;AACLC,MAAAA,MAAM,EAAEH,kBAAKC,MADR;AAELD,MAAAA,IAAI,EAAJA;AAFK,KAAT;AAIH,GALD,MAKK;AACDD,IAAAA,GAAG,CAACK,IAAJ,CAAS,OAAT;AACH;AACJ,CATM;;;;AAWA,IAAMC,YAAY,GAAE,SAAdA,YAAc,CAACP,GAAD,EAAMC,GAAN,EAAY;AACnC,MAAMO,EAAE,GAACR,GAAG,CAACS,MAAJ,CAAWD,EAApB;;AACA,MAAME,KAAK,GAAGR,kBAAKS,IAAL,CAAU,UAACD,KAAD,EAAS;AAC7B,WAAOA,KAAK,CAACF,EAAN,KAAaA,EAApB;AACH,GAFa,CAAd;;AAGA,MAAGE,KAAH,EAAS;AACLT,IAAAA,GAAG,CAACG,IAAJ,CAAS;AACLM,MAAAA,KAAK,EAALA;AADK,KAAT;AAGH,GAJD,MAIK;AACDT,IAAAA,GAAG,CAACK,IAAJ,CAAS,OAAT;AACH;AACJ,CAZM;;;;AAcA,IAAMM,QAAQ,GAAG,SAAXA,QAAW,CAACZ,GAAD,EAAMC,GAAN,EAAc;AAClC,MAAMS,KAAK,GAAE;AACTF,IAAAA,EAAE,EAAE,eADK;AAETK,IAAAA,QAAQ,EAACb,GAAG,CAACc,IAAJ,CAASD,QAFT;AAGTE,IAAAA,KAAK,EAACf,GAAG,CAACc,IAAJ,CAASC,KAHN;AAITC,IAAAA,QAAQ,EAAChB,GAAG,CAACc,IAAJ,CAASE,QAJT;AAKTC,IAAAA,IAAI,EAAE;AALG,GAAb;;AAOAf,oBAAKgB,IAAL,CAAUR,KAAV;;AACA,MAAGR,kBAAKC,MAAR,EAAe;AACXF,IAAAA,GAAG,CAACG,IAAJ,CAAS;AACLC,MAAAA,MAAM,EAAEH,kBAAKC,MADR;AAELD,MAAAA,IAAI,EAAJA;AAFK,KAAT;AAIH,GALD,MAKK;AACDD,IAAAA,GAAG,CAACK,IAAJ,CAAS,OAAT;AACH;AACJ,CAjBM;;;;AAoBA,IAAMa,WAAW,GAAG,SAAdA,WAAc,CAACnB,GAAD,EAAMC,GAAN,EAAc;AACrC,MAAMO,EAAE,GAACR,GAAG,CAACS,MAAJ,CAAWD,EAApB;;AACA,MAAME,KAAK,GAAGR,kBAAKS,IAAL,CAAU,UAACD,KAAD,EAAS;AAC7B,WAAOA,KAAK,CAACF,EAAN,KAAaA,EAApB;AACH,GAFa,CAAd;;AAGA,MAAG,CAACE,KAAJ,EAAWT,GAAG,CAACmB,MAAJ,CAAW,GAAX,EAAgBd,IAAhB,CAAqB,mBAArB;AAEXI,EAAAA,KAAK,CAACG,QAAN,GAAgBb,GAAG,CAACc,IAAJ,CAASD,QAAzB,EACAH,KAAK,CAACK,KAAN,GAAaf,GAAG,CAACc,IAAJ,CAASC,KADtB,EAEAL,KAAK,CAACM,QAAN,GAAgBhB,GAAG,CAACc,IAAJ,CAASE,QAFzB;;AAGA,MAAGd,kBAAKC,MAAR,EAAe;AACXF,IAAAA,GAAG,CAACG,IAAJ,CAAS;AACLC,MAAAA,MAAM,EAAEH,kBAAKC,MADR;AAELD,MAAAA,IAAI,EAAJA;AAFK,KAAT;AAIH,GALD,MAKK;AACDD,IAAAA,GAAG,CAACK,IAAJ,CAAS,OAAT;AACH;AACJ,CAlBM;;;;AAoBA,IAAMe,UAAU,GAAE,SAAZA,UAAY,CAACrB,GAAD,EAAMC,GAAN,EAAY;AACjC,MAAMO,EAAE,GAACR,GAAG,CAACS,MAAJ,CAAWD,EAApB;;AACA,MAAME,KAAK,GAAGR,kBAAKS,IAAL,CAAU,UAACD,KAAD,EAAS;AAC7B,WAAOA,KAAK,CAACF,EAAN,KAAaA,EAApB;AACH,GAFa,CAAd;;AAGA,MAAG,CAACE,KAAJ,EAAWT,GAAG,CAACmB,MAAJ,CAAW,GAAX,EAAgBd,IAAhB,CAAqB,gBAArB;;AACX,MAAMgB,KAAK,GAACpB,kBAAKqB,OAAL,CAAab,KAAb,CAAZ;;AACAR,oBAAKsB,MAAL,CAAYF,KAAZ,EAAmB,CAAnB;;AAEA,MAAGZ,KAAH,EAAS;AACLT,IAAAA,GAAG,CAACG,IAAJ,CAAS;AACLM,MAAAA,KAAK,EAALA;AADK,KAAT;AAGH,GAJD,MAIK;AACDT,IAAAA,GAAG,CAACK,IAAJ,CAAS,OAAT;AACH;AACJ,CAhBM","sourceRoot":"D:\\Andela\\Js Pro\\backend-blog-api\\src\\controller\\","sourcesContent":["import user from '../models/users';\r\nimport { v4 as uuidv4 } from 'uuid';\r\n\r\nexport const allUsers= (req, res)=>{\r\n    if(user.length){\r\n        res.json({\r\n            coount: user.length,\r\n            user\r\n        })\r\n    }else{\r\n        res.send('error')\r\n    }\r\n}\r\n\r\nexport const allUsersById= (req, res)=>{\r\n    const id=req.params.id;\r\n    const users = user.find((users)=>{\r\n        return users.id === id;\r\n    })\r\n    if(users){\r\n        res.json({\r\n            users\r\n        })\r\n    }else{\r\n        res.send('error')\r\n    }\r\n}\r\n\r\nexport const addUsers = (req, res ) =>{\r\n    const users= {\r\n        id: uuidv4(),\r\n        username:req.body.username,\r\n        email:req.body.email,\r\n        password:req.body.password,\r\n        role: \"user\"\r\n    };\r\n    user.push(users);\r\n    if(user.length){\r\n        res.json({\r\n            coount: user.length,\r\n            user\r\n        })\r\n    }else{\r\n        res.send('error')\r\n    }\r\n}\r\n\r\n\r\nexport const modifyUsers = (req, res ) =>{\r\n    const id=req.params.id;\r\n    const users = user.find((users)=>{\r\n        return users.id === id;\r\n    })\r\n    if(!users) res.status(400).send(\"message not found\");\r\n\r\n    users.username= req.body.username,\r\n    users.email= req.body.email,\r\n    users.password= req.body.password\r\n    if(user.length){\r\n        res.json({\r\n            coount: user.length,\r\n            user\r\n        })\r\n    }else{\r\n        res.send('error')\r\n    }\r\n}\r\n\r\nexport const deleteUser= (req, res)=>{\r\n    const id=req.params.id;\r\n    const users = user.find((users)=>{\r\n        return users.id === id;\r\n    })\r\n    if(!users) res.status(400).send(\"user not found\");\r\n    const index=user.indexOf(users);\r\n    user.splice(index, 1);\r\n\r\n    if(users){\r\n        res.json({\r\n            users\r\n        })\r\n    }else{\r\n        res.send('error')\r\n    }\r\n}"]},"_coverageSchema":"1a1c01bbd47fc00a2c39e90264f33305004495a9","hash":"13db167cb2b838c4b310ad6406a9c534f399c5d7","contentHash":"76b07da8cd025d6fe68ea50a38aff71f25d558fd11a1b73091856948bdbd2c4b"},"D:\\Andela\\Js Pro\\backend-blog-api\\src\\controller\\blogcontroller.js":{"path":"D:\\Andela\\Js Pro\\backend-blog-api\\src\\controller\\blogcontroller.js","statementMap":{"0":{"start":{"line":3,"column":0},"end":{"line":5,"column":3}},"1":{"start":{"line":6,"column":0},"end":{"line":6,"column":108}},"2":{"start":{"line":8,"column":12},"end":{"line":8,"column":61}},"3":{"start":{"line":10,"column":39},"end":{"line":10,"column":95}},"4":{"start":{"line":12,"column":15},"end":{"line":21,"column":1}},"5":{"start":{"line":13,"column":2},"end":{"line":20,"column":3}},"6":{"start":{"line":14,"column":4},"end":{"line":17,"column":7}},"7":{"start":{"line":19,"column":4},"end":{"line":19,"column":22}},"8":{"start":{"line":23,"column":0},"end":{"line":23,"column":28}},"9":{"start":{"line":25,"column":14},"end":{"line":44,"column":1}},"10":{"start":{"line":26,"column":12},"end":{"line":32,"column":3}},"11":{"start":{"line":34,"column":2},"end":{"line":34,"column":29}},"12":{"start":{"line":36,"column":2},"end":{"line":43,"column":3}},"13":{"start":{"line":37,"column":4},"end":{"line":40,"column":7}},"14":{"start":{"line":42,"column":4},"end":{"line":42,"column":22}},"15":{"start":{"line":46,"column":0},"end":{"line":46,"column":26}},"16":{"start":{"line":48,"column":17},"end":{"line":66,"column":1}},"17":{"start":{"line":49,"column":11},"end":{"line":49,"column":24}},"18":{"start":{"line":51,"column":14},"end":{"line":53,"column":4}},"19":{"start":{"line":52,"column":4},"end":{"line":52,"column":27}},"20":{"start":{"line":55,"column":2},"end":{"line":55,"column":56}},"21":{"start":{"line":55,"column":14},"end":{"line":55,"column":56}},"22":{"start":{"line":56,"column":2},"end":{"line":56,"column":127}},"23":{"start":{"line":58,"column":2},"end":{"line":65,"column":3}},"24":{"start":{"line":59,"column":4},"end":{"line":62,"column":7}},"25":{"start":{"line":64,"column":4},"end":{"line":64,"column":22}},"26":{"start":{"line":68,"column":0},"end":{"line":68,"column":32}},"27":{"start":{"line":70,"column":18},"end":{"line":84,"column":1}},"28":{"start":{"line":71,"column":11},"end":{"line":71,"column":24}},"29":{"start":{"line":73,"column":14},"end":{"line":75,"column":4}},"30":{"start":{"line":74,"column":4},"end":{"line":74,"column":27}},"31":{"start":{"line":77,"column":2},"end":{"line":83,"column":3}},"32":{"start":{"line":78,"column":4},"end":{"line":80,"column":7}},"33":{"start":{"line":82,"column":4},"end":{"line":82,"column":22}},"34":{"start":{"line":86,"column":0},"end":{"line":86,"column":34}},"35":{"start":{"line":88,"column":17},"end":{"line":108,"column":1}},"36":{"start":{"line":89,"column":11},"end":{"line":89,"column":24}},"37":{"start":{"line":91,"column":14},"end":{"line":93,"column":4}},"38":{"start":{"line":92,"column":4},"end":{"line":92,"column":27}},"39":{"start":{"line":95,"column":2},"end":{"line":95,"column":56}},"40":{"start":{"line":95,"column":14},"end":{"line":95,"column":56}},"41":{"start":{"line":97,"column":14},"end":{"line":97,"column":45}},"42":{"start":{"line":99,"column":2},"end":{"line":99,"column":36}},"43":{"start":{"line":101,"column":2},"end":{"line":107,"column":3}},"44":{"start":{"line":102,"column":4},"end":{"line":104,"column":7}},"45":{"start":{"line":106,"column":4},"end":{"line":106,"column":22}},"46":{"start":{"line":110,"column":0},"end":{"line":110,"column":32}}},"fnMap":{"0":{"name":"_interopRequireDefault","decl":{"start":{"line":10,"column":9},"end":{"line":10,"column":31}},"loc":{"start":{"line":10,"column":37},"end":{"line":10,"column":97}},"line":10},"1":{"name":"allBlogs","decl":{"start":{"line":12,"column":24},"end":{"line":12,"column":32}},"loc":{"start":{"line":12,"column":43},"end":{"line":21,"column":1}},"line":12},"2":{"name":"addBlog","decl":{"start":{"line":25,"column":23},"end":{"line":25,"column":30}},"loc":{"start":{"line":25,"column":41},"end":{"line":44,"column":1}},"line":25},"3":{"name":"modifyBlog","decl":{"start":{"line":48,"column":26},"end":{"line":48,"column":36}},"loc":{"start":{"line":48,"column":47},"end":{"line":66,"column":1}},"line":48},"4":{"name":"(anonymous_4)","decl":{"start":{"line":51,"column":36},"end":{"line":51,"column":37}},"loc":{"start":{"line":51,"column":53},"end":{"line":53,"column":3}},"line":51},"5":{"name":"allBlogById","decl":{"start":{"line":70,"column":27},"end":{"line":70,"column":38}},"loc":{"start":{"line":70,"column":49},"end":{"line":84,"column":1}},"line":70},"6":{"name":"(anonymous_6)","decl":{"start":{"line":73,"column":36},"end":{"line":73,"column":37}},"loc":{"start":{"line":73,"column":53},"end":{"line":75,"column":3}},"line":73},"7":{"name":"deleteBlog","decl":{"start":{"line":88,"column":26},"end":{"line":88,"column":36}},"loc":{"start":{"line":88,"column":47},"end":{"line":108,"column":1}},"line":88},"8":{"name":"(anonymous_8)","decl":{"start":{"line":91,"column":36},"end":{"line":91,"column":37}},"loc":{"start":{"line":91,"column":53},"end":{"line":93,"column":3}},"line":91}},"branchMap":{"0":{"loc":{"start":{"line":10,"column":46},"end":{"line":10,"column":94}},"type":"cond-expr","locations":[{"start":{"line":10,"column":70},"end":{"line":10,"column":73}},{"start":{"line":10,"column":76},"end":{"line":10,"column":94}}],"line":10},"1":{"loc":{"start":{"line":10,"column":46},"end":{"line":10,"column":67}},"type":"binary-expr","locations":[{"start":{"line":10,"column":46},"end":{"line":10,"column":49}},{"start":{"line":10,"column":53},"end":{"line":10,"column":67}}],"line":10},"2":{"loc":{"start":{"line":13,"column":2},"end":{"line":20,"column":3}},"type":"if","locations":[{"start":{"line":13,"column":2},"end":{"line":20,"column":3}},{"start":{"line":13,"column":2},"end":{"line":20,"column":3}}],"line":13},"3":{"loc":{"start":{"line":36,"column":2},"end":{"line":43,"column":3}},"type":"if","locations":[{"start":{"line":36,"column":2},"end":{"line":43,"column":3}},{"start":{"line":36,"column":2},"end":{"line":43,"column":3}}],"line":36},"4":{"loc":{"start":{"line":55,"column":2},"end":{"line":55,"column":56}},"type":"if","locations":[{"start":{"line":55,"column":2},"end":{"line":55,"column":56}},{"start":{"line":55,"column":2},"end":{"line":55,"column":56}}],"line":55},"5":{"loc":{"start":{"line":58,"column":2},"end":{"line":65,"column":3}},"type":"if","locations":[{"start":{"line":58,"column":2},"end":{"line":65,"column":3}},{"start":{"line":58,"column":2},"end":{"line":65,"column":3}}],"line":58},"6":{"loc":{"start":{"line":77,"column":2},"end":{"line":83,"column":3}},"type":"if","locations":[{"start":{"line":77,"column":2},"end":{"line":83,"column":3}},{"start":{"line":77,"column":2},"end":{"line":83,"column":3}}],"line":77},"7":{"loc":{"start":{"line":95,"column":2},"end":{"line":95,"column":56}},"type":"if","locations":[{"start":{"line":95,"column":2},"end":{"line":95,"column":56}},{"start":{"line":95,"column":2},"end":{"line":95,"column":56}}],"line":95},"8":{"loc":{"start":{"line":101,"column":2},"end":{"line":107,"column":3}},"type":"if","locations":[{"start":{"line":101,"column":2},"end":{"line":107,"column":3}},{"start":{"line":101,"column":2},"end":{"line":107,"column":3}}],"line":101}},"s":{"0":1,"1":1,"2":1,"3":1,"4":1,"5":0,"6":0,"7":0,"8":1,"9":1,"10":0,"11":0,"12":0,"13":0,"14":0,"15":1,"16":1,"17":0,"18":0,"19":0,"20":0,"21":0,"22":0,"23":0,"24":0,"25":0,"26":1,"27":1,"28":0,"29":0,"30":0,"31":0,"32":0,"33":0,"34":1,"35":1,"36":0,"37":0,"38":0,"39":0,"40":0,"41":0,"42":0,"43":0,"44":0,"45":0,"46":1},"f":{"0":1,"1":0,"2":0,"3":0,"4":0,"5":0,"6":0,"7":0,"8":0},"b":{"0":[1,0],"1":[1,1],"2":[0,0],"3":[0,0],"4":[0,0],"5":[0,0],"6":[0,0],"7":[0,0],"8":[0,0]},"inputSourceMap":{"version":3,"sources":["blogcontroller.js"],"names":["allBlogs","req","res","blog","length","json","coount","send","addBlog","blo","id","author","body","email","title","content","push","modifyBlog","params","blogs","find","status","allBlogById","deleteBlog","index","indexOf","splice"],"mappings":";;;;;;;AAAA;;;;AAEO,IAAMA,QAAQ,GAAE,SAAVA,QAAU,CAACC,GAAD,EAAMC,GAAN,EAAY;AAC/B,MAAGC,iBAAKC,MAAR,EAAe;AACXF,IAAAA,GAAG,CAACG,IAAJ,CAAS;AACLC,MAAAA,MAAM,EAAEH,iBAAKC,MADR;AAELD,MAAAA,IAAI,EAAJA;AAFK,KAAT;AAIH,GALD,MAKK;AACDD,IAAAA,GAAG,CAACK,IAAJ,CAAS,OAAT;AACH;AACJ,CATM;;;;AAYA,IAAMC,OAAO,GAAG,SAAVA,OAAU,CAACP,GAAD,EAAMC,GAAN,EAAc;AACjC,MAAMO,GAAG,GAAE;AACPC,IAAAA,EAAE,EAAEP,iBAAKC,MAAL,GAAc,CADX;AAEPO,IAAAA,MAAM,EAACV,GAAG,CAACW,IAAJ,CAASD,MAFT;AAGPE,IAAAA,KAAK,EAACZ,GAAG,CAACW,IAAJ,CAASC,KAHR;AAIPC,IAAAA,KAAK,EAACb,GAAG,CAACW,IAAJ,CAASE,KAJR;AAKPC,IAAAA,OAAO,EAACd,GAAG,CAACW,IAAJ,CAASG;AALV,GAAX;;AAOAZ,mBAAKa,IAAL,CAAUP,GAAV;;AACA,MAAGN,iBAAKC,MAAR,EAAe;AACXF,IAAAA,GAAG,CAACG,IAAJ,CAAS;AACLC,MAAAA,MAAM,EAAEH,iBAAKC,MADR;AAELD,MAAAA,IAAI,EAAJA;AAFK,KAAT;AAIH,GALD,MAKK;AACDD,IAAAA,GAAG,CAACK,IAAJ,CAAS,OAAT;AACH;AACJ,CAjBM;;;;AAmBA,IAAMU,UAAU,GAAG,SAAbA,UAAa,CAAChB,GAAD,EAAMC,GAAN,EAAc;AACpC,MAAMQ,EAAE,GAACT,GAAG,CAACiB,MAAJ,CAAWR,EAApB;;AACA,MAAMS,KAAK,GAAGhB,iBAAKiB,IAAL,CAAU,UAACD,KAAD,EAAS;AAC7B,WAAOA,KAAK,CAACT,EAAN,KAAaA,EAApB;AACH,GAFa,CAAd;;AAGA,MAAG,CAACS,KAAJ,EAAWjB,GAAG,CAACmB,MAAJ,CAAW,GAAX,EAAgBd,IAAhB,CAAqB,mBAArB;AAEXY,EAAAA,KAAK,CAACR,MAAN,GAAaV,GAAG,CAACW,IAAJ,CAASD,MAAtB,EACAQ,KAAK,CAACN,KAAN,GAAYZ,GAAG,CAACW,IAAJ,CAASC,KADrB,EAEAM,KAAK,CAACL,KAAN,GAAYb,GAAG,CAACW,IAAJ,CAASE,KAFrB,EAGAK,KAAK,CAACJ,OAAN,GAAcd,GAAG,CAACW,IAAJ,CAASG,OAHvB;;AAIA,MAAGZ,iBAAKC,MAAR,EAAe;AACXF,IAAAA,
[...]
"start":{"line":57,"column":21},"end":{"line":57,"column":32}},"89":{"start":{"line":58,"column":14},"end":{"line":58,"column":32}},"90":{"start":{"line":59,"column":17},"end":{"line":59,"column":38}},"91":{"start":{"line":61,"column":2},"end":{"line":111,"column":3}},"92":{"start":{"line":62,"column":21},"end":{"line":62,"column":54}},"93":{"start":{"line":65,"column":4},"end":{"line":105,"column":5}},"94":{"start":{"line":66,"column":6},"end":{"line":100,"column":7}},"95":{"start":{"line":67,"column":19},"end":{"line":67,"column":31}},"96":{"start":{"line":69,"column":8},"end":{"line":99,"column":9}},"97":{"start":{"line":70,"column":10},"end":{"line":70,"column":26}},"98":{"start":{"line":72,"column":10},"end":{"line":98,"column":11}},"99":{"start":{"line":73,"column":12},"end":{"line":92,"column":15}},"100":{"start":{"line":79,"column":14},"end":{"line":91,"column":17}},"101":{"start":{"line":80,"column":16},"end":{"line":80,"column":32}},"102":{"start":{"line":81,"column":16},"end":{"line":81,"column":34}},"103":{"start":{"line":82,"column":16},"end":{"line":84,"column":19}},"104":{"start":{"line":85,"column":21},"end":{"line":91,"column":17}},"105":{"start":{"line":85,"column":30},"end":{"line":88,"column":17}},"106":{"start":{"line":88,"column":22},"end":{"line":91,"column":17}},"107":{"start":{"line":94,"column":12},"end":{"line":97,"column":15}},"108":{"start":{"line":102,"column":6},"end":{"line":102,"column":24}},"109":{"start":{"line":104,"column":6},"end":{"line":104,"column":21}},"110":{"start":{"line":107,"column":4},"end":{"line":110,"column":7}},"111":{"start":{"line":113,"column":2},"end":{"line":118,"column":3}},"112":{"start":{"line":114,"column":4},"end":{"line":117,"column":7}},"113":{"start":{"line":121,"column":0},"end":{"line":121,"column":22}}},"fnMap":{"0":{"name":"_interopRequireDefault","decl":{"start":{"line":20,"column":9},"end":{"line":20,"column":31}},"loc":{"start":{"line":20,"column":37},"end":{"line":20,"column":97}},"line":20},"1":{"name":"ownKeys","decl":{"start":{"line":22,"column":9},"end":{"line":22,"column":16}},"loc":{"start":{"line":22,"column":41},"end":{"line":22,"column":341}},"line":22},"2":{"name":"(anonymous_2)","decl":{"start":{"line":22,"column":208},"end":{"line":22,"column":209}},"loc":{"start":{"line":22,"column":223},"end":{"line":22,"column":290}},"line":22},"3":{"name":"_objectSpread","decl":{"start":{"line":24,"column":9},"end":{"line":24,"column":22}},"loc":{"start":{"line":24,"column":31},"end":{"line":24,"column":534}},"line":24},"4":{"name":"(anonymous_4)","decl":{"start":{"line":24,"column":184},"end":{"line":24,"column":185}},"loc":{"start":{"line":24,"column":199},"end":{"line":24,"column":245}},"line":24},"5":{"name":"(anonymous_5)","decl":{"start":{"line":24,"column":411},"end":{"line":24,"column":412}},"loc":{"start":{"line":24,"column":426},"end":{"line":24,"column":511}},"line":24},"6":{"name":"_defineProperty","decl":{"start":{"line":26,"column":9},"end":{"line":26,"column":24}},"loc":{"start":{"line":26,"column":42},"end":{"line":26,"column":209}},"line":26},"7":{"name":"_createForOfIteratorHelper","decl":{"start":{"line":28,"column":9},"end":{"line":28,"column":35}},"loc":{"start":{"line":28,"column":55},"end":{"line":28,"column":997}},"line":28},"8":{"name":"F","decl":{"start":{"line":28,"column":296},"end":{"line":28,"column":297}},"loc":{"start":{"line":28,"column":300},"end":{"line":28,"column":302}},"line":28},"9":{"name":"n","decl":{"start":{"line":28,"column":331},"end":{"line":28,"column":332}},"loc":{"start":{"line":28,"column":335},"end":{"line":28,"column":419}},"line":28},"10":{"name":"e","decl":{"start":{"line":28,"column":433},"end":{"line":28,"column":434}},"loc":{"start":{"line":28,"column":439},"end":{"line":28,"column":452}},"line":28},"11":{"name":"s","decl":{"start":{"line":28,"column":695},"end":{"line":28,"column":696}},"loc":{"start":{"line":28,"column":699},"end":{"line":28,"column":729}},"line":28},"12":{"name":"n","decl":{"start":{"line":28,"column":743},"end":{"line":28,"column":744}},"loc":{"start":{"line":28,"column":747},"end":{"line":28,"column":815}},"line":28},"13":{"name":"e","decl":{"start":{"line":28,"column":829},"end":{"line":28,"column":830}},"loc":{"start":{"line":28,"column":836},"end":{"line":28,"column":865}},"line":28},"14":{"name":"f","decl":{"start":{"line":28,"column":879},"end":{"line":28,"column":880}},"loc":{"start":{"line":28,"column":883},"end":{"line":28,"column":992}},"line":28},"15":{"name":"_unsupportedIterableToArray","decl":{"start":{"line":30,"column":9},"end":{"line":30,"column":36}},"loc":{"start":{"line":30,"column":48},"end":{"line":30,"column":416}},"line":30},"16":{"name":"_arrayLikeToArray","decl":{"start":{"line":32,"column":9},"end":{"line":32,"column":26}},"loc":{"start":{"line":32,"column":37},"end":{"line":32,"column":183}},"line":32},"17":{"name":"login","decl":{"start":{"line":36,"column":21},"end":{"line":36,"column":26}},"loc":{"start":{"line":36,"column":37},"end":{"line":119,"column":1}},"line":36},"18":{"name":"(anonymous_18)","decl":{"start":{"line":78,"column":27},"end":{"line":78,"column":28}},"loc":{"start":{"line":78,"column":49},"end":{"line":92,"column":13}},"line":78}},"branchMap":{"0":{"loc":{"start":{"line":20,"column":46},"end":{"line":20,"column":94}},"type":"cond-expr","locations":[{"start":{"line":20,"column":70},"end":{"line":20,"column":73}},{"start":{"line":20,"column":76},"end":{"line":20,"column":94}}],"line":20},"1":{"loc":{"start":{"line":20,"column":46},"end":{"line":20,"column":67}},"type":"binary-expr","locations":[{"start":{"line":20,"column":46},"end":{"line":20,"column":49}},{"start":{"line":20,"column":53},"end":{"line":20,"column":67}}],"line":20},"2":{"loc":{"start":{"line":22,"column":75},"end":{"line":22,"column":326}},"type":"if","locations":[{"start":{"line":22,"column":75},"end":{"line":22,"column":326}},{"start":{"line":22,"column":75},"end":{"line":22,"column":326}}],"line":22},"3":{"loc":{"start":{"line":22,"column":163},"end":{"line":22,"column":292}},"type":"if","locations":[{"start":{"line":22,"column":163},"end":{"line":22,"column":292}},{"start":{"line":22,"column":163},"end":{"line":22,"column":292}}],"line":22},"4":{"loc":{"start":{"line":24,"column":91},"end":{"line":24,"column":131}},"type":"cond-expr","locations":[{"start":{"line":24,"column":114},"end":{"line":24,"column":126}},{"start":{"line":24,"column":129},"end":{"line":24,"column":131}}],"line":24},"5":{"loc":{"start":{"line":24,"column":133},"end":{"line":24,"column":515}},"type":"if","locations":[{"start":{"line":24,"column":133},"end":{"line":24,"column":515}},{"start":{"line":24,"column":133},"end":{"line":24,"column":515}}],"line":24},"6":{"loc":{"start":{"line":24,"column":255},"end":{"line":24,"column":515}},"type":"if","locations":[{"start":{"line":24,"column":255},"end":{"line":24,"column":515}},{"start":{"line":24,"column":255},"end":{"line":24,"column":515}}],"line":24},"7":{"loc":{"start":{"line":26,"column":44},"end":{"line":26,"column":195}},"type":"if","locations":[{"start":{"line":26,"column":44},"end":{"line":26,"column":195}},{"start":{"line":26,"column":44},"end":{"line":26,"column":195}}],"line":26},"8":{"loc":{"start":{"line":28,"column":65},"end":{"line":28,"column":623}},"type":"if","locations":[{"start":{"line":28,"column":65},"end":{"line":28,"column":623}},{"start":{"line":28,"column":65},"end":{"line":28,"column":623}}],"line":28},"9":{"loc":{"start":{"line":28,"column":69},"end":{"line":28,"column":128}},"type":"binary-expr","locations":[{"start":{"line":28,"column":69},"end":{"line":28,"column":98}},{"start":{"line":28,"column":102},"end":{"line":28,"column":128}}],"line":28},"10":{"loc":{"start":{"line":28,"column":132},"end":{"line":28,"column":463}},"type":"if","locations":[{"start":{"line":28,"column":132},"end":{"line":28,"column":463}},{"start":{"line":28,"column":132},"end":{"line":28,"column":463}}],"line":28},"11":{"loc":{"start":{"line":28,"column":136},"end":{"line":28,"column":248}},"type":"binary-expr","locations":[{"start":{"line":28,"column":136},"end":{"line":28,"column":152}},{"start":{"line":28,"column":157},"end":{"line":28,"column":192}},{"start":{"line":28,"column":197},"end":{"line":28,"column":211}},{"start":{"line":28,"column":215},"end":{"line":28,"column":216}},{"start":{"line":28,"column":220},"end":{"line":28,"column":248}}],"line":28},"12":{"loc":{"start":{"line":28,"column":252},"end":{"line":28,"column":267}},"type":"if","locations":[{"start":{"line":28,"column":252},"end":{"line":28,"column":267}},{"start":{"line":28,"column":252},"end":{"line":28,"column":267}}],"line":28},"13":{"loc":{"start":{"line":28,"column":337},"end":{"line":28,"column":378}},"type":"if","locations":[{"start":{"line":28,"column":337},"end":{"line":28,"column":378}},{"start":{"line":28,"column":337},"end":{"line":28,"column":378}}],"line":28},"14":{"loc":{"start":{"line":28,"column":891},"end":{"line":28,"column":953}},"type":"if","locations":[{"start":{"line":28,"column":891},"end":{"line":28,"column":953}},{"start":{"line":28,"column":891},"end":{"line":28,"column":953}}],"line":28},"15":{"loc":{"start":{"line":28,"column":895},"end":{"line":28,"column":936}},"type":"binary-expr","locations":[{"start":{"line":28,"column":895},"end":{"line":28,"column":912}},{"start":{"line":28,"column":916},"end":{"line":28,"column":936}}],"line":28},"16":{"loc":{"start":{"line":28,"column":966},"end":{"line":28,"column":988}},"type":"if","locations":[{"start":{"line":28,"column":966},"end":{"line":28,"column":988}},{"start":{"line":28,"column":966},"end":{"line":28,"column":988}}],"line":28},"17":{"loc":{"start":{"line":30,"column":50},"end":{"line":30,"column":65}},"type":"if","locations":[{"start":{"line":30,"column":50},"end":{"line":30,"column":65}},{"start":{"line":30,"column":50},"end":{"line":30,"column":65}}],"line":30},"18":{"loc":{"start":{"line":30,"column":66},"end":{"line":30,"column":129}},"type":"if","locations":[{"start":{"line":30,"column":66},"end":{"line":30,"column":129}},{"start":{"line":30,"column":66},"end":{"line":30,"column":129}}],"line":30},"19":{"loc":{"start":{"line":30,"column":186},"end":{"line":30,"column":246}},"type":"if","locations":[{"start":{"line":30,"column":186},"end":{"line":30,"column":246}},{"start":{"line":30,"column":186},"end":{"line":30,"column":246}}],"line":30},"20":{"loc":{"start":{"line":30,"column":190},"end":{"line":30,"column":221}},"type":"binary-expr","locations":[{"start":{"line":30,"column":190},"end":{"line":30,"column":204}},{"start":{"line":30,"column":208},"end":{"line":30,"column":221}}],"line":30},"21":{"loc":{"start":{"line":30,"column":247},"end":{"line":30,"column":300}},"type":"if","locations":[{"start":{"line":30,"column":247},"end":{"line":30,"column":300}},{"start":{"line":30,"column":247},"end":{"line":30,"column":300}}],"line":30},"22":{"loc":{"start":{"line":30,"column":251},"end":{"line":30,"column":277}},"type":"binary-expr","locations":[{"start":{"line":30,"column":251},"end":{"line":30,"column":262}},{"start":{"line":30,"column":266},"end":{"line":30,"column":277}}],"line":30},"23":{"loc":{"start":{"line":30,"column":301},"end":{"line":30,"column":414}},"type":"if","locations":[{"start":{"line":30,"column":301},"end":{"line":30,"column":414}},{"start":{"line":30,"column":301},"end":{"line":30,"column":414}}],"line":30},"24":{"loc":{"start":{"line":30,"column":305},"end":{"line":30,"column":376}},"type":"binary-expr","locations":[{"start":{"line":30,"column":305},"end":{"line":30,"column":322}},{"start":{"line":30,"column":326},"end":{"line":30,"column":376}}],"line":30},"25":{"loc":{"start":{"line":32,"column":39},"end":{"line":32,"column":93}},"type":"if","locations":[{"start":{"line":32,"column":39},"end":{"line":32,"column":93}},{"start":{"line":32,"column":39},"end":{"line":32,"column":93}}],"line":32},"26":{"loc":{"start":{"line":32,"column":43},"end":{"line":32,"column":74}},"type":"binary-expr","locations":[{"start":{"line":32,"column":43},"end":{"line":32,"column":54}},{"start":{"line":32,"column":58},"end":{"line":32,"column":74}}],"line":32},"27":{"loc":{"start":{"line":61,"column":2},"end":{"line":111,"column":3}},"type":"if","locations":[{"start":{"line":61,"column":2},"end":{"line":111,"column":3}},{"start":{"line":61,"column":2},"end":{"line":111,"column":3}}],"line":61},"28":{"loc":{"start":{"line":61,"column":6},"end":{"line":61,"column":23}},"type":"binary-expr","locations":[{"start":{"line":61,"column":6},"end":{"line":61,"column":11}},{"start":{"line":61,"column":15},"end":{"line":61,"column":23}}],"line":61},"29":{"loc":{"start":{"line":69,"column":8},"end":{"line":99,"column":9}},"type":"if","locations":[{"start":{"line":69,"column":8},"end":{"line":99,"column":9}},{"start":{"line":69,"column":8},"end":{"line":99,"column":9}}],"line":69},"30":{"loc":{"start":{"line":69,"column":12},"end":{"line":69,"column":62}},"type":"binary-expr","locations":[{"start":{"line":69,"column":12},"end":{"line":69,"column":32}},{"start":{"line":69,"column":36},"end":{"line":69,"column":62}}],"line":69},"31":{"loc":{"start":{"line":79,"column":14},"end":{"line":91,"column":17}},"type":"if","locations":[{"start":{"line":79,"column":14},"end":{"line":91,"column":17}},{"start":{"line":79,"column":14},"end":{"line":91,"column":17}}],"line":79},"32":{"loc":{"start":{"line":85,"column":21},"end":{"line":91,"column":17}},"type":"if","locations":[{"start":{"line":85,"column":21},"end":{"line":91,"column":17}},{"start":{"line":85,"column":21},"end":{"line":91,"column":17}}],"line":85},"33":{"loc":{"start":{"line":113,"column":2},"end":{"line":118,"column":3}},"type":"if","locations":[{"start":{"line":113,"column":2},"end":{"line":118,"column":3}},{"start":{"line":113,"column":2},"end":{"line":118,"column":3}}],"line":113}},"s":{"0":1,"1":1,"2":1,"3":1,"4":1,"5":1,"6":1,"7":1,"8":3,"9":0,"10":0,"11":0,"12":0,"13":0,"14":0,"15":0,"16":0,"17":0,"18":0,"19":0,"20":0,"21":0,"22":0,"23":0,"24":0,"25":0,"26":0,"27":0,"28":0,"29":0,"30":0,"31":0,"32":0,"33":0,"34":0,"35":0,"36":0,"37":0,"38":0,"39":0,"40":0,"41":0,"42":0,"43":0,"44":0,"45":0,"46":0,"47":0,"48":0,"49":0,"50":0,"51":0,"52":0,"53":0,"54":0,"55":0,"56":0,"57":0,"58":0,"59":0,"60":0,"61":0,"62":0,"63":0,"64":0,"65":0,"66":0,"67":0,"68":0,"69":0,"70":0,"71":0,"72":0,"73":0,"74":0,"75":0,"76":1,"77":1,"78":0,"79":0,"80":0,"81":0,"82":0,"83":0,"84":0,"85":0,"86":0,"87":0,"88":0,"89":0,"90":0,"91":0,"92":0,"93":0,"94":0,"95":0,"96":0,"97":0,"98":0,"99":0,"100":0,"101":0,"102":0,"103":0,"104":0,"105":0,"106":0,"107":0,"108":0,"109":0,"110":0,"111":0,"112":0,"113":1},"f":{"0":3,"1":0,"2":0,"3":0,"4":0,"5":0,"6":0,"7":0,"8":0,"9":0,"10":0,"11":0,"12":0,"13":0,"14":0,"15":0,"16":0,"17":0,"18":0},"b":{"0":[1,2],"1":[3,3],"2":[0,0],"3":[0,0],"4":[0,0],"5":[0,0],"6":[0,0],"7":[0,0],"8":[0,0],"9":[0,0],"10":[0,0],"11":[0,0,0,0,0],"12":[0,0],"13":[0,0],"14":[0,0],"15":[0,0],"16":[0,0],"17":[0,0],"18":[0,0],"19":[0,0],"20":[0,0],"21":[0,0],"22":[0,0],"23":[0,0],"24":[0,0],"25":[0,0],"26":[0,0],"27":[0,0],"28":[0,0],"29":[0,0],"30":[0,0],"31":[0,0],"32":[0,0],"33":[0,0]},"inputSourceMap":{"version":3,"sources":["loginUser.js"],"names":["SECRET_KEY","process","env","login","req","res","users","auth","userInfo","user","id","push","headers","email","password","jwt","sign","username","role","err","token","status","json","message"],"mappings":";;;;;;;AAAA;;AACA;;AACA;;AACA;;AACA;;AACA;;;;;;;;;;;;;;;;IAEOA,U,GAAcC,OAAO,CAACC,G,CAAtBF,U;;AAGA,IAAOG,KAAK,GAAC,SAANA,KAAM,CAACC,GAAD,EAAKC,GAAL,EAAW;AAE3B,MAAIC,KAAK,GAAC,EAAV;AACAF,EAAAA,GAAG,CAACG,IAAJ,GAAW,KAAX;;AAH2B,6CAKVC,iBALU;AAAA;;AAAA;AAK3B,wDAA2B;AAAA,UAAlBC,KAAkB;AACvBA,MAAAA,KAAI;AAAKC,QAAAA,EAAE,EAAE;AAAT,SAAsBJ,KAAtB,CAAJ;AACAA,MAAAA,KAAK,CAACK,IAAN,CAAWF,KAAX;AACH;AAR0B;AAAA;AAAA;AAAA;AAAA;;AAAA,qBAUDL,GAAG,CAACQ,OAVH;AAAA,MAUpBC,KAVoB,gBAUpBA,KAVoB;AAAA,MAUbC,QAVa,gBAUbA,QAVa;;AAW3B,MAAID,KAAK,IAAIC,QAAb,EAAuB;AAAA,gDACFR,KADE;AAAA;;AAAA;AACnB,6DAAwB;AAAA,YAAfG,IAAe;;AACpB,YAAII,KAAK,KAAKJ,IAAI,CAACI,KAAf,IAAwBC,QAAQ,KAAKL,IAAI,CAACK,QAA9C,EAAwD;AACpDV,UAAAA,GAAG,CAACG,IAAJ,GAAW,IAAX;;AACA,cAAI;AACAQ,qCAAIC,IAAJ,CAAS;AAAEC,cAAAA,QAAQ,EAAER,IAAI,CAACQ,QAAjB;AAA2BJ,cAAAA,KAAK,EAALA,KAA3B;AAAkCC,cAAAA,QAAQ,EAARA,QAAlC;AAA4CI,cAAAA,IAAI,EAAET,IAAI,CAACS;AAAvD,aAAT,EAAuElB,UAAvE,EAAmF,UAACmB,GAAD,EAAMC,KAAN,EAAgB;AAC/F,kBAAGA,KAAH,EAAU;AACNhB,gBAAAA,GAAG,CAACG,IAAJ,GAAW,IAAX;AACAH,gBAAAA,GAAG,CAACgB,KAAJ,GAAYA,KAAZ;AACA,uBAAOf,GAAG,CAACgB,MAAJ,CAAW,GAAX,EAAgBC,IAAhB,CAAqB;AAAEF,kBAAAA,KAAK,EAALA;AAAF,iBAArB,CAAP;AACH,eAJD,MAKK,IAAGD,GAAH,EACD,OAAOd,GAAG,CAACgB,MAAJ,CAAWF,GAAG,CAACE,MAAf,EAAuBC,IAAvB,CAA4B;AAC/BD,gBAAAA,MAAM,EAAEF,GAAG,CAACE,MADmB;AAE/BE,gBAAAA,OAAO,EAAEJ,GAAG,CAACI;AAFkB,eAA5B,CAAP,CADC,KAMD,OAAOlB,GAAG,CAACgB,MAAJ,CAAW,GAAX,EAAgBC,IAAhB,CAAqB;AACxBD,gBAAAA,MAAM,EAAE,GADgB;AAExBE,gBAAAA,OAAO,EAAE;AAFe,eAArB,CAAP;AAIP,aAhBD;AAiBH,WAlBD,CAkBE,OAAOJ,GAAP,EAAY;AACV,mBAAOd,GAAG,CAACiB,IAAJ,CAAS;AACZD,cAAAA,MAAM,EAAEF,GAAG,CAACE,MADA;AAEZE,cAAAA,OAAO,EAAEJ,GAAG,CAACI;AAFD,aAAT,CAAP;AAIH;AACJ;AACJ;AA7BkB;AAAA;AAAA;AAAA;AAAA;AA8BtB,GA9BD,MA8BO;AACH,WAAOlB,GAAG,CAACgB,MAAJ,CAAW,GAAX,EAAgBC,IAAhB,CAAqB;AACxBD,MAAAA,MAAM,EAAE,aADgB;AAExBE,MAAAA,OAAO,EAAE;AAFe,KAArB,CAAP;AAIH;;AACD,MAAG,CAACnB,GAAG,CAACG,IAAR,EAAc;AACV,WAAOF,GAAG,CAACgB,MAAJ,CAAW,GAAX,EAAgBC,IAAhB,CAAqB;AACxBD,MAAAA,MAAM,EAAE,cADgB;AAExBE,MAAAA,OAAO,EAAE;AAFe,KAArB,CAAP;AAIH;AACJ,CArDM","sourceRoot":"D:\\Andela\\Js Pro\\backend-blog-api\\src\\controller\\","sourcesContent":["import express from 'express';\r\nimport jwt from 'jsonwebtoken';\r\nimport userInfo from '../models/users';\r\nimport {} from 'dotenv/config';\r\nimport {createError} from 'http-errors';\r\nimport { v4 as uuidv4 } from 'uuid';\r\n\r\nconst {SECRET_KEY} = process.env;\r\n\r\n\r\nexport const  login=(req,res)=>{\r\n\r\n    let users=[];\r\n    req.auth = false;\r\n\r\n    for (let user of userInfo) {\r\n        user = { id: uuidv4(), ...users };\r\n        users.push(user);\r\n    }\r\n\r\n    const {email ,password} = req.headers;\r\n    if (email && password) {\r\n        for (let user of users) {\r\n            if (email === user.email && password === user.password) {\r\n                req.auth = true;\r\n                try {\r\n                    jwt.sign({ username: user.username, email, password, role: user.role },SECRET_KEY, (err, token) => {\r\n                        if(token) {\r\n                            req.auth = true;\r\n                            req.token = token;\r\n                            return res.status(200).json({ token });\r\n                        }\r\n                        else if(err)\r\n                            return res.status(err.status).json({\r\n                                status: err.status,\r\n                                message: err.message\r\n                            })\r\n                        else\r\n                            return res.status(501).json({\r\n                                status: 501,\r\n                                message: \"Unknown error\"\r\n                            });\r\n                    })\r\n                } catch (err) {\r\n                    return res.json({\r\n                        status: err.status,\r\n                        message: err.message\r\n                    })\r\n                }\r\n            }\r\n        }\r\n    } else {\r\n        return res.status(400).json({\r\n            status: 'Bad Request',\r\n            message: 'You need to supply the email and password'\r\n        })\r\n    }\r\n    if(!req.auth) {\r\n        return res.status(401).json({\r\n            status: 'Unauthorized',\r\n            message: 'Unable to find user with the provided email / password combination'\r\n        });\r\n    }\r\n}\r\n\r\n\r\n"]},"_coverageSchema":"1a1c01bbd47fc00a2c39e90264f33305004495a9","hash":"0ca88d43c3ac4ce9f4a1860bcda547f70e6df158","contentHash":"fb2e0f15fb270bc5caa3fcff5fde4f0e51a0864d31737a6bee6c4f206e5eb13e"}}