{"D:\\Andela\\Js Pro\\backend-blog-api\\src\\index.js":{"path":"D:\\Andela\\Js Pro\\backend-blog-api\\src\\index.js","statementMap":{"0":{"start":{"line":3,"column":51},"end":{"line":3,"column":355}},"1":{"start":{"line":3,"column":126},"end":{"line":3,"column":181}},"2":{"start":{"line":3,"column":160},"end":{"line":3,"column":178}},"3":{"start":{"line":3,"column":191},"end":{"line":3,"column":353}},"4":{"start":{"line":3,"column":225},"end":{"line":3,"column":350}},"5":{"start":{"line":3,"column":356},"end":{"line":3,"column":376}},"6":{"start":{"line":5,"column":0},"end":{"line":7,"column":3}},"7":{"start":{"line":8,"column":0},"end":{"line":8,"column":28}},"8":{"start":{"line":10,"column":15},"end":{"line":10,"column":57}},"9":{"start":{"line":12,"column":18},"end":{"line":12,"column":64}},"10":{"start":{"line":14,"column":18},"end":{"line":14,"column":65}},"11":{"start":{"line":16,"column":16},"end":{"line":16,"column":71}},"12":{"start":{"line":18,"column":18},"end":{"line":18,"column":75}},"13":{"start":{"line":20,"column":20},"end":{"line":20,"column":67}},"14":{"start":{"line":22,"column":16},"end":{"line":22,"column":59}},"15":{"start":{"line":24,"column":38},"end":{"line":24,"column":85}},"16":{"start":{"line":24,"column":73},"end":{"line":24,"column":85}},"17":{"start":{"line":24,"column":98},"end":{"line":24,"column":111}},"18":{"start":{"line":24,"column":113},"end":{"line":24,"column":194}},"19":{"start":{"line":24,"column":178},"end":{"line":24,"column":191}},"20":{"start":{"line":24,"column":195},"end":{"line":24,"column":208}},"21":{"start":{"line":26,"column":40},"end":{"line":26,"column":82}},"22":{"start":{"line":26,"column":69},"end":{"line":26,"column":80}},"23":{"start":{"line":26,"column":83},"end":{"line":26,"column":189}},"24":{"start":{"line":26,"column":161},"end":{"line":26,"column":187}},"25":{"start":{"line":26,"column":202},"end":{"line":26,"column":228}},"26":{"start":{"line":26,"column":230},"end":{"line":26,"column":285}},"27":{"start":{"line":26,"column":261},"end":{"line":26,"column":283}},"28":{"start":{"line":26,"column":299},"end":{"line":26,"column":301}},"29":{"start":{"line":26,"column":331},"end":{"line":26,"column":387}},"30":{"start":{"line":26,"column":389},"end":{"line":26,"column":669}},"31":{"start":{"line":26,"column":412},"end":{"line":26,"column":667}},"32":{"start":{"line":26,"column":477},"end":{"line":26,"column":549}},"33":{"start":{"line":26,"column":551},"end":{"line":26,"column":665}},"34":{"start":{"line":26,"column":589},"end":{"line":26,"column":630}},"35":{"start":{"line":26,"column":640},"end":{"line":26,"column":663}},"36":{"start":{"line":26,"column":670},"end":{"line":26,"column":694}},"37":{"start":{"line":26,"column":695},"end":{"line":26,"column":733}},"38":{"start":{"line":26,"column":708},"end":{"line":26,"column":731}},"39":{"start":{"line":26,"column":734},"end":{"line":26,"column":748}},"40":{"start":{"line":28,"column":39},"end":{"line":28,"column":95}},"41":{"start":{"line":30,"column":0},"end":{"line":30,"column":27}},"42":{"start":{"line":32,"column":11},"end":{"line":32,"column":35}},"43":{"start":{"line":33,"column":17},"end":{"line":33,"column":39}},"44":{"start":{"line":34,"column":17},"end":{"line":34,"column":39}},"45":{"start":{"line":35,"column":10},"end":{"line":35,"column":36}},"46":{"start":{"line":36,"column":0},"end":{"line":36,"column":39}},"47":{"start":{"line":37,"column":0},"end":{"line":39,"column":4}},"48":{"start":{"line":41,"column":0},"end":{"line":46,"column":3}},"49":{"start":{"line":45,"column":2},"end":{"line":45,"column":34}},"50":{"start":{"line":48,"column":0},"end":{"line":48,"column":35}},"51":{"start":{"line":49,"column":0},"end":{"line":49,"column":37}},"52":{"start":{"line":50,"column":0},"end":{"line":54,"column":3}},"53":{"start":{"line":51,"column":2},"end":{"line":53,"column":5}},"54":{"start":{"line":66,"column":0},"end":{"line":68,"column":3}},"55":{"start":{"line":67,"column":2},"end":{"line":67,"column":42}},"56":{"start":{"line":69,"column":0},"end":{"line":75,"column":3}},"57":{"start":{"line":70,"column":2},"end":{"line":70,"column":35}},"58":{"start":{"line":71,"column":2},"end":{"line":74,"column":5}},"59":{"start":{"line":76,"column":0},"end":{"line":78,"column":3}},"60":{"start":{"line":77,"column":2},"end":{"line":77,"column":57}},"61":{"start":{"line":79,"column":15},"end":{"line":79,"column":18}},"62":{"start":{"line":80,"column":0},"end":{"line":80,"column":30}}},"fnMap":{"0":{"name":"_typeof","decl":{"start":{"line":3,"column":9},"end":{"line":3,"column":16}},"loc":{"start":{"line":3,"column":22},"end":{"line":3,"column":378}},"line":3},"1":{"name":"_typeof","decl":{"start":{"line":3,"column":145},"end":{"line":3,"column":152}},"loc":{"start":{"line":3,"column":158},"end":{"line":3,"column":180}},"line":3},"2":{"name":"_typeof","decl":{"start":{"line":3,"column":210},"end":{"line":3,"column":217}},"loc":{"start":{"line":3,"column":223},"end":{"line":3,"column":352}},"line":3},"3":{"name":"_getRequireWildcardCache","decl":{"start":{"line":24,"column":9},"end":{"line":24,"column":33}},"loc":{"start":{"line":24,"column":36},"end":{"line":24,"column":210}},"line":24},"4":{"name":"_getRequireWildcardCache","decl":{"start":{"line":24,"column":149},"end":{"line":24,"column":173}},"loc":{"start":{"line":24,"column":176},"end":{"line":24,"column":193}},"line":24},"5":{"name":"_interopRequireWildcard","decl":{"start":{"line":26,"column":9},"end":{"line":26,"column":32}},"loc":{"start":{"line":26,"column":38},"end":{"line":26,"column":750}},"line":26},"6":{"name":"_interopRequireDefault","decl":{"start":{"line":28,"column":9},"end":{"line":28,"column":31}},"loc":{"start":{"line":28,"column":37},"end":{"line":28,"column":97}},"line":28},"7":{"name":"(anonymous_7)","decl":{"start":{"line":44,"column":3},"end":{"line":44,"column":4}},"loc":{"start":{"line":44,"column":15},"end":{"line":46,"column":1}},"line":44},"8":{"name":"(anonymous_8)","decl":{"start":{"line":50,"column":13},"end":{"line":50,"column":14}},"loc":{"start":{"line":50,"column":33},"end":{"line":54,"column":1}},"line":50},"9":{"name":"(anonymous_9)","decl":{"start":{"line":66,"column":8},"end":{"line":66,"column":9}},"loc":{"start":{"line":66,"column":34},"end":{"line":68,"column":1}},"line":66},"10":{"name":"(anonymous_10)","decl":{"start":{"line":69,"column":8},"end":{"line":69,"column":9}},"loc":{"start":{"line":69,"column":41},"end":{"line":75,"column":1}},"line":69},"11":{"name":"(anonymous_11)","decl":{"start":{"line":76,"column":17},"end":{"line":76,"column":18}},"loc":{"start":{"line":76,"column":29},"end":{"line":78,"column":1}},"line":76}},"branchMap":{"0":{"loc":{"start":{"line":3,"column":51},"end":{"line":3,"column":355}},"type":"if","locations":[{"start":{"line":3,"column":51},"end":{"line":3,"column":355}},{"start":{"line":3,"column":51},"end":{"line":3,"column":355}}],"line":3},"1":{"loc":{"start":{"line":3,"column":55},"end":{"line":3,"column":122}},"type":"binary-expr","locations":[{"start":{"line":3,"column":55},"end":{"line":3,"column":83}},{"start":{"line":3,"column":87},"end":{"line":3,"column":122}}],"line":3},"2":{"loc":{"start":{"line":3,"column":232},"end":{"line":3,"column":349}},"type":"cond-expr","locations":[{"start":{"line":3,"column":328},"end":{"line":3,"column":336}},{"start":{"line":3,"column":339},"end":{"line":3,"column":349}}],"line":3},"3":{"loc":{"start":{"line":3,"column":232},"end":{"line":3,"column":325}},"type":"binary-expr","locations":[{"start":{"line":3,"column":232},"end":{"line":3,"column":235}},{"start":{"line":3,"column":239},"end":{"line":3,"column":267}},{"start":{"line":3,"column":271},"end":{"line":3,"column":297}},{"start":{"line":3,"column":301},"end":{"line":3,"column":325}}],"line":3},"4":{"loc":{"start":{"line":24,"column":38},"end":{"line":24,"column":85}},"type":"if","locations":[{"start":{"line":24,"column":38},"end":{"line":24,"column":85}},{"start":{"line":24,"column":38},"end":{"line":24,"column":85}}],"line":24},"5":{"loc":{"start":{"line":26,"column":40},"end":{"line":26,"column":82}},"type":"if","locations":[{"start":{"line":26,"column":40},"end":{"line":26,"column":82}},{"start":{"line":26,"column":40},"end":{"line":26,"column":82}}],"line":26},"6":{"loc":{"start":{"line":26,"column":44},"end":{"line":26,"column":65}},"type":"binary-expr","locations":[{"start":{"line":26,"column":44},"end":{"line":26,"column":47}},{"start":{"line":26,"column":51},"end":{"line":26,"column":65}}],"line":26},"7":{"loc":{"start":{"line":26,"column":83},"end":{"line":26,"column":189}},"type":"if","locations":[{"start":{"line":26,"column":83},"end":{"line":26,"column":189}},{"start":{"line":26,"column":83},"end":{"line":26,"column":189}}],"line":26},"8":{"loc":{"start":{"line":26,"column":87},"end":{"line":26,"column":157}},"type":"binary-expr","locations":[{"start":{"line":26,"column":87},"end":{"line":26,"column":99}},{"start":{"line":26,"column":103},"end":{"line":26,"column":128}},{"start":{"line":26,"column":132},"end":{"line":26,"column":157}}],"line":26},"9":{"loc":{"start":{"line":26,"column":230},"end":{"line":26,"column":285}},"type":"if","locations":[{"start":{"line":26,"column":230},"end":{"line":26,"column":285}},{"start":{"line":26,"column":230},"end":{"line":26,"column":285}}],"line":26},"10":{"loc":{"start":{"line":26,"column":234},"end":{"line":26,"column":257}},"type":"binary-expr","locations":[{"start":{"line":26,"column":234},"end":{"line":26,"column":239}},{"start":{"line":26,"column":243},"end":{"line":26,"column":257}}],"line":26},"11":{"loc":{"start":{"line":26,"column":331},"end":{"line":26,"column":387}},"type":"binary-expr","locations":[{"start":{"line":26,"column":331},"end":{"line":26,"column":352}},{"start":{"line":26,"column":356},"end":{"line":26,"column":387}}],"line":26},"12":{"loc":{"start":{"line":26,"column":412},"end":{"line":26,"column":667}},"type":"if","locations":[{"start":{"line":26,"column":412},"end":{"line":26,"column":667}},{"start":{"line":26,"column":412},"end":{"line":26,"column":667}}],"line":26},"13":{"loc":{"start":{"line":26,"column":477},"end":{"line":26,"column":549}},"type":"cond-expr","locations":[{"start":{"line":26,"column":501},"end":{"line":26,"column":542}},{"start":{"line":26,"column":545},"end":{"line":26,"column":549}}],"line":26},"14":{"loc":{"start":{"line":26,"column":551},"end":{"line":26,"column":665}},"type":"if","locations":[{"start":{"line":26,"column":551},"end":{"line":26,"column":665}},{"start":{"line":26,"column":551},"end":{"line":26,"column":665}}],"line":26},"15":{"loc":{"start":{"line":26,"column":555},"end":{"line":26,"column":585}},"type":"binary-expr","locations":[{"start":{"line":26,"column":555},"end":{"line":26,"column":559}},{"start":{"line":26,"column":564},"end":{"line":26,"column":572}},{"start":{"line":26,"column":576},"end":{"line":26,"column":584}}],"line":26},"16":{"loc":{"start":{"line":26,"column":695},"end":{"line":26,"column":733}},"type":"if","locations":[{"start":{"line":26,"column":695},"end":{"line":26,"column":733}},{"start":{"line":26,"column":695},"end":{"line":26,"column":733}}],"line":26},"17":{"loc":{"start":{"line":28,"column":46},"end":{"line":28,"column":94}},"type":"cond-expr","locations":[{"start":{"line":28,"column":70},"end":{"line":28,"column":73}},{"start":{"line":28,"column":76},"end":{"line":28,"column":94}}],"line":28},"18":{"loc":{"start":{"line":28,"column":46},"end":{"line":28,"column":67}},"type":"binary-expr","locations":[{"start":{"line":28,"column":46},"end":{"line":28,"column":49}},{"start":{"line":28,"column":53},"end":{"line":28,"column":67}}],"line":28},"19":{"loc":{"start":{"line":32,"column":11},"end":{"line":32,"column":35}},"type":"binary-expr","locations":[{"start":{"line":32,"column":11},"end":{"line":32,"column":27}},{"start":{"line":32,"column":31},"end":{"line":32,"column":35}}],"line":32},"20":{"loc":{"start":{"line":70,"column":15},"end":{"line":70,"column":34}},"type":"binary-expr","locations":[{"start":{"line":70,"column":15},"end":{"line":70,"column":27}},{"start":{"line":70,"column":31},"end":{"line":70,"column":34}}],"line":70}},"s":{"0":1,"1":1,"2":1,"3":0,"4":0,"5":1,"6":1,"7":1,"8":1,"9":1,"10":1,"11":1,"12":1,"13":1,"14":1,"15":1,"16":0,"17":1,"18":1,"19":0,"20":1,"21":1,"22":0,"23":1,"24":0,"25":1,"26":1,"27":0,"28":1,"29":1,"30":1,"31":4,"32":4,"33":4,"34":4,"35":0,"36":1,"37":1,"38":1,"39":1,"40":6,"41":1,"42":1,"43":1,"44":1,"45":1,"46":1,"47":1,"48":1,"49":0,"50":1,"51":1,"52":1,"53":0,"54":1,"55":9,"56":1,"57":9,"58":9,"59":1,"60":1,"61":1,"62":1},"f":{"0":1,"1":1,"2":0,"3":1,"4":0,"5":1,"6":6,"7":0,"8":0,"9":9,"10":9,"11":1},"b":{"0":[1,0],"1":[1,1],"2":[0,0],"3":[0,0,0,0],"4":[0,1],"5":[0,1],"6":[1,1],"7":[0,1],"8":[1,1,1],"9":[0,1],"10":[1,1],"11":[1,1],"12":[4,0],"13":[4,0],"14":[4,0],"15":[4,4,0],"16":[1,0],"17":[2,4],"18":[6,6],"19":[1,1],"20":[9,0]},"inputSourceMap":{"version":3,"sources":["index.js"],"names":["require","config","PORT","process","env","SECRET_KEY","DB_CONNECT","app","use","bodyparser","json","urlencoded","extended","mongo","connect","useNewUrlParser","useUnifiedTopology","console","log","route","auth","get","req","res","message","next","createError","NotFound","error","status","send","listen"],"mappings":";;;;;;;;;AAAA;;AACA;;AAEA;;AACA;;AACA;;AACA;;AACA;;;;;;;;AALAA,OAAO,CAAE,QAAF,CAAP,CAAmBC,MAAnB;;AAUA,IAAMC,IAAI,GAACC,OAAO,CAACC,GAAR,CAAYF,IAAZ,IAAoB,IAA/B;AACA,IAAMG,UAAU,GAACF,OAAO,CAACC,GAAR,CAAYC,UAA7B;AACA,IAAMC,UAAU,GAACH,OAAO,CAACC,GAAR,CAAYE,UAA7B;AAGA,IAAMC,GAAG,GAAE,0BAAX;AAEAA,GAAG,CAACC,GAAJ,CAAQC,uBAAWC,IAAX,EAAR;AACAH,GAAG,CAACC,GAAJ,CAAQC,uBAAWE,UAAX,CAAsB;AAAEC,EAAAA,QAAQ,EAAE;AAAZ,CAAtB,CAAR;;AAEAC,qBAAMC,OAAN,CAAcR,UAAd,EAA0B;AAAES,EAAAA,eAAe,EAAE,IAAnB;AAAyBC,EAAAA,kBAAkB,EAAE;AAA7C,CAA1B,EAA+E,YAAI;AAE/EC,EAAAA,OAAO,CAACC,GAAR,CAAY,kBAAZ;AACH,CAHD;;AAKAX,GAAG,CAACC,GAAJ,CAAQ,GAAR,EAAaW,oBAAb;AACAZ,GAAG,CAACC,GAAJ,CAAQ,GAAR,EAAaY,sBAAb;AAEAb,GAAG,CAACc,GAAJ,CAAQ,GAAR,EAAa,UAACC,GAAD,EAAKC,GAAL,EAAY;AAEbA,EAAAA,GAAG,CAACb,IAAJ,CAAS;AACLc,IAAAA,OAAO,EAAE;AADJ,GAAT;AAIX,CAND,E,CAYA;AACA;AACA;AAEA;AAEA;AAEA;AAEA;AACA;AACA;AACA;AAEA;;AAIAjB,GAAG,CAACC,GAAJ,CAAQ,UAACc,GAAD,EAAMC,GAAN,EAAUE,IAAV,EAAiB;AACrBA,EAAAA,IAAI,CAACC,uBAAYC,QAAZ,EAAD,CAAJ;AACH,CAFD;AAGApB,GAAG,CAACC,GAAJ,CAAQ,UAACoB,KAAD,EAAQN,GAAR,EAAaC,GAAb,EAAkBE,IAAlB,EAA0B;AAC9BF,EAAAA,GAAG,CAACM,MAAJ,GAAYD,KAAK,CAACC,MAAN,IAAgB,GAA5B;AACAN,EAAAA,GAAG,CAACO,IAAJ,CAAS;AAACD,IAAAA,MAAM,EAAED,KAAK,CAACC,MAAf;AAAuBL,IAAAA,OAAO,EAAEI,KAAK,CAACJ;AAAtC,GAAT;AACH,CAHD;AAMAjB,GAAG,CAACwB,MAAJ,CAAW7B,IAAX,EAAiB,YAAI;AACjBe,EAAAA,OAAO,CAACC,GAAR,qCAAyChB,IAAzC;AACH,CAFD;eAGeK,G","sourceRoot":"D:\\Andela\\Js Pro\\backend-blog-api\\src\\","sourcesContent":["import express from 'express';\r\nimport createError from 'http-errors';\r\nrequire ('dotenv').config();\r\nimport bodyparser, { json } from 'body-parser';\r\nimport route from './routes/contacts.js';\r\nimport auth from './midleware/authoruser';\r\nimport jwt from 'jsonwebtoken';\r\nimport mongo from 'mongoose';\r\n\r\n\r\n\r\n\r\nconst PORT=process.env.PORT || 4000;\r\nconst SECRET_KEY=process.env.SECRET_KEY;\r\nconst DB_CONNECT=process.env.DB_CONNECT;\r\n\r\n\r\nconst app= express();\r\n\r\napp.use(bodyparser.json());\r\napp.use(bodyparser.urlencoded({ extended: true }));\r\n\r\nmongo.connect(DB_CONNECT, { useNewUrlParser: true, useUnifiedTopology: true } ,()=>{\r\n   \r\n    console.log(\"connectedd to DB\")\r\n});\r\n\r\napp.use('/', route);\r\napp.use('/', auth);\r\n \r\napp.get('/', (req,res )=>{\r\n   \r\n            res.json({\r\n                message: \"Welcome\",\r\n                \r\n            }) \r\n});\r\n\r\n\r\n\r\n\r\n\r\n// function checktoken(req, res, next){\r\n//     const bearerHeader= req.headers['authorization'];\r\n//     if(typeof bearerHeader !== 'undefined' ){\r\n\r\n//         const bearer =bearerHeader.split(' ');\r\n\r\n//         const bearerToken=bearer[1];\r\n\r\n//         req.token=bearerToken;\r\n\r\n//         next();\r\n//     }else{\r\n//         res.sendStatus('403');\r\n//     }\r\n\r\n//}\r\n\r\n\r\n\r\napp.use((req, res,next)=>{\r\n    next(createError.NotFound());\r\n})\r\napp.use((error, req, res, next )=>{\r\n    res.status= error.status || 404;\r\n    res.send({status: error.status, message: error.message })\r\n})\r\n\r\n\r\napp.listen(PORT, ()=>{\r\n    console.log(`server is running on Port ${PORT}`);\r\n});\r\nexport default app;"]},"_coverageSchema":"1a1c01bbd47fc00a2c39e90264f33305004495a9","hash":"c1582c7d6785101013b0e42c00040c4b68ad79ff","contentHash":"967cf7de47fe88e538098909f643a9951fa56dfb349bd9b81625a57909055292"},"D:\\Andela\\Js Pro\\backend-blog-api\\src\\routes\\contacts.js":{"path":"D:\\Andela\\Js Pro\\backend-blog-api\\src\\routes\\contacts.js","statementMap":{"0":{"start":{"line":3,"column":0},"end":{"line":5,"column":3}},"1":{"start":{"line":6,"column":0},"end":{"line":6,"column":28}},"2":{"start":{"line":8,"column":15},"end":{"line":8,"column":33}},"3":{"start":{"line":10,"column":18},"end":{"line":10,"column":52}},"4":{"start":{"line":12,"column":26},"end":{"line":12,"column":69}},"5":{"start":{"line":14,"column":23},"end":{"line":14,"column":63}},"6":{"start":{"line":16,"column":22},"end":{"line":16,"column":61}},"7":{"start":{"line":18,"column":25},"end":{"line":18,"column":67}},"8":{"start":{"line":20,"column":17},"end":{"line":20,"column":51}},"9":{"start":{"line":22,"column":12},"end":{"line":22,"column":34}},"10":{"start":{"line":23,"column":0},"end":{"line":23,"column":56}},"11":{"start":{"line":24,"column":0},"end":{"line":24,"column":57}},"12":{"start":{"line":25,"column":0},"end":{"line":25,"column":64}},"13":{"start":{"line":26,"column":0},"end":{"line":26,"column":64}},"14":{"start":{"line":27,"column":0},"end":{"line":27,"column":68}},"15":{"start":{"line":28,"column":0},"end":{"line":28,"column":47}},"16":{"start":{"line":29,"column":0},"end":{"line":29,"column":55}},"17":{"start":{"line":30,"column":0},"end":{"line":30,"column":48}},"18":{"start":{"line":31,"column":0},"end":{"line":31,"column":54}},"19":{"start":{"line":32,"column":0},"end":{"line":32,"column":59}},"20":{"start":{"line":33,"column":0},"end":{"line":33,"column":46}},"21":{"start":{"line":34,"column":0},"end":{"line":34,"column":46}},"22":{"start":{"line":35,"column":0},"end":{"line":35,"column":54}},"23":{"start":{"line":36,"column":0},"end":{"line":36,"column":53}},"24":{"start":{"line":37,"column":0},"end":{"line":37,"column":58}},"25":{"start":{"line":38,"column":0},"end":{"line":38,"column":54}},"26":{"start":{"line":39,"column":0},"end":{"line":39,"column":56}},"27":{"start":{"line":40,"column":0},"end":{"line":40,"column":63}},"28":{"start":{"line":41,"column":0},"end":{"line":41,"column":60}},"29":{"start":{"line":42,"column":0},"end":{"line":42,"column":68}},"30":{"start":{"line":43,"column":0},"end":{"line":45,"column":3}},"31":{"start":{"line":44,"column":2},"end":{"line":44,"column":41}},"32":{"start":{"line":46,"column":15},"end":{"line":46,"column":20}},"33":{"start":{"line":47,"column":0},"end":{"line":47,"column":30}}},"fnMap":{"0":{"name":"(anonymous_0)","decl":{"start":{"line":43,"column":25},"end":{"line":43,"column":26}},"loc":{"start":{"line":43,"column":45},"end":{"line":45,"column":1}},"line":43}},"branchMap":{},"s":{"0":1,"1":1,"2":1,"3":1,"4":1,"5":1,"6":1,"7":1,"8":1,"9":1,"10":1,"11":1,"12":1,"13":1,"14":1,"15":1,"16":1,"17":1,"18":1,"19":1,"20":1,"21":1,"22":1,"23":1,"24":1,"25":1,"26":1,"27":1,"28":1,"29":1,"30":1,"31":0,"32":1,"33":1},"f":{"0":0},"b":{},"inputSourceMap":{"version":3,"sources":["contacts.js"],"names":["route","get","allContacts","post","addcontacts","allContactsById","patch","modifyContact","deleteContact","allUsers","allUsersById","addUsers","put","modifyUsers","deleteUser","allBlogs","addBlog","modifyBlog","allBlogById","deleteBlog","allComment","addcomments","modifyComment","commentsById","deletecomement","req","res"],"mappings":";;;;;;;AAAA;;AACA;;AACA;;AACA;;AACA;;AACA;;AACA;;AACA,IAAMA,KAAK,GAAE,sBAAb;AAEAA,KAAK,CAACC,GAAN,CAAU,WAAV,EAAuBC,+BAAvB;AACAF,KAAK,CAACG,IAAN,CAAW,WAAX,EAAwBC,+BAAxB;AACAJ,KAAK,CAACC,GAAN,CAAU,eAAV,EAA2BI,mCAA3B;AACAL,KAAK,CAACM,KAAN,CAAY,eAAZ,EAA6BC,iCAA7B;AACAP,KAAK,UAAL,CAAa,eAAb,EAA+BQ,iCAA/B;AACAR,KAAK,CAACC,GAAN,CAAU,QAAV,EAAoBQ,yBAApB;AACAT,KAAK,CAACC,GAAN,CAAU,YAAV,EAAyBS,6BAAzB;AACAV,KAAK,CAACG,IAAN,CAAW,QAAX,EAAqBQ,yBAArB;AACAX,KAAK,CAACY,GAAN,CAAU,YAAV,EAAyBC,4BAAzB;AACAb,KAAK,UAAL,CAAa,YAAb,EAA4Bc,2BAA5B;AACAd,KAAK,CAACC,GAAN,CAAU,QAAV,EAAoBc,wBAApB;AACAf,KAAK,CAACG,IAAN,CAAW,QAAX,EAAqBa,uBAArB;AACAhB,KAAK,CAACM,KAAN,CAAY,YAAZ,EAA0BW,0BAA1B;AACAjB,KAAK,CAACC,GAAN,CAAU,YAAV,EAAwBiB,2BAAxB;AACAlB,KAAK,UAAL,CAAa,YAAb,EAA2BmB,0BAA3B;AACAnB,KAAK,CAACC,GAAN,CAAU,WAAV,EAAuBmB,6BAAvB;AACApB,KAAK,CAACG,IAAN,CAAW,WAAX,EAAwBkB,8BAAxB;AACArB,KAAK,CAACM,KAAN,CAAY,eAAZ,EAA4BgB,gCAA5B;AACAtB,KAAK,CAACC,GAAN,CAAU,eAAV,EAA0BsB,+BAA1B;AACAvB,KAAK,UAAL,CAAa,eAAb,EAA8BwB,iCAA9B;AACAxB,KAAK,CAACG,IAAN,CAAW,YAAX,EAAyB,UAACsB,GAAD,EAAMC,GAAN;AAAA,SAAc,sBAAMD,GAAN,EAAWC,GAAX,CAAd;AAAA,CAAzB;eACe1B,K","sourceRoot":"D:\\Andela\\Js Pro\\backend-blog-api\\src\\routes\\","sourcesContent":["import {Router} from 'express';\r\nimport {checkUser} from '../midleware/authoruser';\r\nimport {allContacts, allContactsById ,addcontacts, modifyContact, deleteContact} from '../controller/contactsController';\r\nimport {allUsers, allUsersById, addUsers, modifyUsers, deleteUser} from '../controller/usersController';\r\nimport {allBlogs, addBlog, modifyBlog, allBlogById, deleteBlog} from '../controller/blogcontroller';\r\nimport {allComment, addcomments,modifyComment, commentsById, deletecomement} from '../controller/commentController';\r\nimport {login} from '../controller/loginUser';\r\nconst route= Router();\r\n\r\nroute.get('/contacts', allContacts);\r\nroute.post('/contacts', addcontacts);\r\nroute.get('/contacts/:id', allContactsById);\r\nroute.patch('/contacts/:id', modifyContact);\r\nroute.delete('/contacts/:id',  deleteContact);\r\nroute.get('/users', allUsers);\r\nroute.get('/users/:id',  allUsersById);\r\nroute.post('/users', addUsers);\r\nroute.put('/users/:id',  modifyUsers);\r\nroute.delete('/users/:id',  deleteUser);\r\nroute.get('/blogs', allBlogs);\r\nroute.post('/blogs', addBlog);\r\nroute.patch('/blogs/:id', modifyBlog);\r\nroute.get('/blogs/:id', allBlogById);\r\nroute.delete('/blogs/:id', deleteBlog);\r\nroute.get('/comments', allComment);\r\nroute.post('/comments', addcomments);\r\nroute.patch('/comments/:id',modifyComment);\r\nroute.get('/comments/:id',commentsById);\r\nroute.delete('/comments/:id', deletecomement);\r\nroute.post('/api/login', (req, res) => login(req, res));\r\nexport default route;\r\n\r\n"]},"_coverageSchema":"1a1c01bbd47fc00a2c39e90264f33305004495a9","hash":"c85b89f0bee7547496f8fb440cd54490651edb88","contentHash":"2db94e488f4b502789cce227de45977c637999b757c8cee8ae521824ef103856"},"D:\\Andela\\Js Pro\\backend-blog-api\\src\\midleware\\authoruser.js":{"path":"D:\\Andela\\Js Pro\\backend-blog-api\\src\\midleware\\authoruser.js","statementMap":{"0":{"start":{"line":3,"column":0},"end":{"line":5,"column":3}},"1":{"start":{"line":6,"column":0},"end":{"line":6,"column":28}},"2":{"start":{"line":8,"column":77},"end":{"line":8,"column":175}},"3":{"start":{"line":8,"column":94},"end":{"line":8,"column":107}},"4":{"start":{"line":8,"column":121},"end":{"line":8,"column":131}},"5":{"start":{"line":8,"column":151},"end":{"line":8,"column":165}},"6":{"start":{"line":8,"column":166},"end":{"line":8,"column":173}},"7":{"start":{"line":8,"column":176},"end":{"line":8,"column":263}},"8":{"start":{"line":8,"column":193},"end":{"line":8,"column":208}},"9":{"start":{"line":8,"column":218},"end":{"line":8,"column":261}},"10":{"start":{"line":10,"column":33},"end":{"line":10,"column":387}},"11":{"start":{"line":10,"column":65},"end":{"line":10,"column":69}},"12":{"start":{"line":10,"column":78},"end":{"line":10,"column":87}},"13":{"start":{"line":10,"column":89},"end":{"line":10,"column":384}},"14":{"start":{"line":10,"column":147},"end":{"line":10,"column":167}},"15":{"start":{"line":10,"column":193},"end":{"line":10,"column":264}},"16":{"start":{"line":10,"column":290},"end":{"line":10,"column":360}},"17":{"start":{"line":10,"column":363},"end":{"line":10,"column":380}},"18":{"start":{"line":12,"column":13},"end":{"line":12,"column":31}},"19":{"start":{"line":14,"column":11},"end":{"line":14,"column":37}},"20":{"start":{"line":16,"column":12},"end":{"line":16,"column":20}},"21":{"start":{"line":17,"column":0},"end":{"line":56,"column":5}},"22":{"start":{"line":18,"column":13},"end":{"line":51,"column":5}},"23":{"start":{"line":20,"column":4},"end":{"line":50,"column":32}},"24":{"start":{"line":21,"column":6},"end":{"line":49,"column":7}},"25":{"start":{"line":22,"column":8},"end":{"line":48,"column":9}},"26":{"start":{"line":24,"column":12},"end":{"line":29,"column":15}},"27":{"start":{"line":30,"column":12},"end":{"line":30,"column":30}},"28":{"start":{"line":31,"column":12},"end":{"line":31,"column":30}},"29":{"start":{"line":32,"column":12},"end":{"line":32,"column":31}},"30":{"start":{"line":35,"column":12},"end":{"line":35,"column":38}},"31":{"start":{"line":36,"column":12},"end":{"line":36,"column":32}},"32":{"start":{"line":37,"column":12},"end":{"line":37,"column":31}},"33":{"start":{"line":38,"column":12},"end":{"line":38,"column":18}},"34":{"start":{"line":41,"column":12},"end":{"line":41,"column":30}},"35":{"start":{"line":42,"column":12},"end":{"line":42,"column":47}},"36":{"start":{"line":43,"column":12},"end":{"line":43,"column":46}},"37":{"start":{"line":47,"column":12},"end":{"line":47,"column":35}},"38":{"start":{"line":53,"column":2},"end":{"line":55,"column":4}},"39":{"start":{"line":54,"column":4},"end":{"line":54,"column":39}},"40":{"start":{"line":57,"column":15},"end":{"line":57,"column":20}},"41":{"start":{"line":58,"column":0},"end":{"line":58,"column":30}}},"fnMap":{"0":{"name":"asyncGeneratorStep","decl":{"start":{"line":8,"column":9},"end":{"line":8,"column":27}},"loc":{"start":{"line":8,"column":75},"end":{"line":8,"column":265}},"line":8},"1":{"name":"_asyncToGenerator","decl":{"start":{"line":10,"column":9},"end":{"line":10,"column":26}},"loc":{"start":{"line":10,"column":31},"end":{"line":10,"column":389}},"line":10},"2":{"name":"(anonymous_2)","decl":{"start":{"line":10,"column":40},"end":{"line":10,"column":41}},"loc":{"start":{"line":10,"column":52},"end":{"line":10,"column":386}},"line":10},"3":{"name":"(anonymous_3)","decl":{"start":{"line":10,"column":108},"end":{"line":10,"column":109}},"loc":{"start":{"line":10,"column":135},"end":{"line":10,"column":382}},"line":10},"4":{"name":"_next","decl":{"start":{"line":10,"column":178},"end":{"line":10,"column":183}},"loc":{"start":{"line":10,"column":191},"end":{"line":10,"column":266}},"line":10},"5":{"name":"_throw","decl":{"start":{"line":10,"column":276},"end":{"line":10,"column":282}},"loc":{"start":{"line":10,"column":288},"end":{"line":10,"column":362}},"line":10},"6":{"name":"(anonymous_6)","decl":{"start":{"line":17,"column":37},"end":{"line":17,"column":38}},"loc":{"start":{"line":17,"column":49},"end":{"line":56,"column":1}},"line":17},"7":{"name":"_callee","decl":{"start":{"line":18,"column":78},"end":{"line":18,"column":85}},"loc":{"start":{"line":18,"column":96},"end":{"line":51,"column":3}},"line":18},"8":{"name":"_callee$","decl":{"start":{"line":20,"column":44},"end":{"line":20,"column":52}},"loc":{"start":{"line":20,"column":63},"end":{"line":50,"column":5}},"line":20},"9":{"name":"(anonymous_9)","decl":{"start":{"line":53,"column":9},"end":{"line":53,"column":10}},"loc":{"start":{"line":53,"column":28},"end":{"line":55,"column":3}},"line":53}},"branchMap":{"0":{"loc":{"start":{"line":8,"column":176},"end":{"line":8,"column":263}},"type":"if","locations":[{"start":{"line":8,"column":176},"end":{"line":8,"column":263}},{"start":{"line":8,"column":176},"end":{"line":8,"column":263}}],"line":8},"1":{"loc":{"start":{"line":22,"column":8},"end":{"line":48,"column":9}},"type":"switch","locations":[{"start":{"line":23,"column":10},"end":{"line":32,"column":31}},{"start":{"line":34,"column":10},"end":{"line":38,"column":18}},{"start":{"line":40,"column":10},"end":{"line":43,"column":46}},{"start":{"line":45,"column":10},"end":{"line":45,"column":18}},{"start":{"line":46,"column":10},"end":{"line":47,"column":35}}],"line":22}},"s":{"0":1,"1":1,"2":0,"3":0,"4":0,"5":0,"6":0,"7":0,"8":0,"9":0,"10":1,"11":0,"12":0,"13":0,"14":0,"15":0,"16":0,"17":0,"18":1,"19":1,"20":1,"21":1,"22":1,"23":0,"24":0,"25":0,"26":0,"27":0,"28":0,"29":0,"30":0,"31":0,"32":0,"33":0,"34":0,"35":0,"36":0,"37":0,"38":1,"39":0,"40":1,"41":1},"f":{"0":0,"1":1,"2":0,"3":0,"4":0,"5":0,"6":1,"7":0,"8":0,"9":0},"b":{"0":[0,0],"1":[0,0,0,0,0]},"inputSourceMap":{"version":3,"sources":["authoruser.js"],"names":["router","require","User","route","post","req","res","user","name","body","email","password","role","save","savedUser","send","status"],"mappings":";;;;;;;;;;;AAAA,IAAMA,MAAM,GAAEC,OAAO,CAAE,SAAF,CAArB;;AACA,IAAMC,IAAI,GAAGD,OAAO,CAAE,iBAAF,CAApB;;AAEA,IAAME,KAAK,GAACH,MAAM,EAAlB;AAEAG,KAAK,CAACC,IAAN,CAAW,WAAX;AAAA,qEAAwB,iBAAOC,GAAP,EAAYC,GAAZ;AAAA;AAAA;AAAA;AAAA;AAAA;AACdC,YAAAA,IADc,GACT,IAAIL,IAAJ,CAAS;AAChBM,cAAAA,IAAI,EAACH,GAAG,CAACI,IAAJ,CAASD,IADE;AAEhBE,cAAAA,KAAK,EAACL,GAAG,CAACI,IAAJ,CAASC,KAFC;AAGhBC,cAAAA,QAAQ,EAACN,GAAG,CAACI,IAAJ,CAASE,QAHF;AAIhBC,cAAAA,IAAI,EAAE;AAJU,aAAT,CADS;AAAA;AAAA;AAAA,mBAQOL,IAAI,CAACM,IAAL,EARP;;AAAA;AAQVC,YAAAA,SARU;AAShBR,YAAAA,GAAG,CAACS,IAAJ,CAASD,SAAT;AATgB;AAAA;;AAAA;AAAA;AAAA;AAWhBR,YAAAA,GAAG,CAACU,MAAJ,CAAW,GAAX,EAAgBD,IAAhB;;AAXgB;AAAA;AAAA;AAAA;AAAA;AAAA;AAAA,GAAxB;;AAAA;AAAA;AAAA;AAAA;eAeeZ,K","sourceRoot":"D:\\Andela\\Js Pro\\backend-blog-api\\src\\midleware\\","sourcesContent":["const router= require ('express');\r\nconst User=  require ('../models/users');\r\n\r\nconst route=router();\r\n\r\nroute.post('/register', async (req ,res)=>{\r\n    const user=new User({\r\n        name:req.body.name,\r\n        email:req.body.email,\r\n        password:req.body.password,\r\n        role: \"admin\"\r\n    });\r\n    try{\r\n        const savedUser= await user.save();\r\n        res.send(savedUser);\r\n    }catch(err){\r\n        res.status(400).send(err);\r\n    }\r\n})\r\n\r\nexport default route;\r\n\r\n"]},"_coverageSchema":"1a1c01bbd47fc00a2c39e90264f33305004495a9","hash":"8298952fefb7df80c99c33c5ee02693f57f2f6b6","contentHash":"fb44fe6b9e5c00894b92e126ce9ea9a588797983a1a210b24de1747153f0320d"},"D:\\Andela\\Js Pro\\backend-blog-api\\src\\models\\users.js":{"path":"D:\\Andela\\Js Pro\\backend-blog-api\\src\\models\\users.js","statementMap":{"0":{"start":{"line":3,"column":51},"end":{"line":3,"column":355}},"1":{"start":{"line":3,"column":126},"end":{"line":3,"column":181}},"2":{"start":{"line":3,"column":160},"end":{"line":3,"column":178}},"3":{"start":{"line":3,"column":191},"end":{"line":3,"column":353}},"4":{"start":{"line":3,"column":225},"end":{"line":3,"column":350}},"5":{"start":{"line":3,"column":356},"end":{"line":3,"column":376}},"6":{"start":{"line":5,"column":16},"end":{"line":5,"column":60}},"7":{"start":{"line":7,"column":38},"end":{"line":7,"column":85}},"8":{"start":{"line":7,"column":73},"end":{"line":7,"column":85}},"9":{"start":{"line":7,"column":98},"end":{"line":7,"column":111}},"10":{"start":{"line":7,"column":113},"end":{"line":7,"column":194}},"11":{"start":{"line":7,"column":178},"end":{"line":7,"column":191}},"12":{"start":{"line":7,"column":195},"end":{"line":7,"column":208}},"13":{"start":{"line":9,"column":40},"end":{"line":9,"column":82}},"14":{"start":{"line":9,"column":69},"end":{"line":9,"column":80}},"15":{"start":{"line":9,"column":83},"end":{"line":9,"column":189}},"16":{"start":{"line":9,"column":161},"end":{"line":9,"column":187}},"17":{"start":{"line":9,"column":202},"end":{"line":9,"column":228}},"18":{"start":{"line":9,"column":230},"end":{"line":9,"column":285}},"19":{"start":{"line":9,"column":261},"end":{"line":9,"column":283}},"20":{"start":{"line":9,"column":299},"end":{"line":9,"column":301}},"21":{"start":{"line":9,"column":331},"end":{"line":9,"column":387}},"22":{"start":{"line":9,"column":389},"end":{"line":9,"column":669}},"23":{"start":{"line":9,"column":412},"end":{"line":9,"column":667}},"24":{"start":{"line":9,"column":477},"end":{"line":9,"column":549}},"25":{"start":{"line":9,"column":551},"end":{"line":9,"column":665}},"26":{"start":{"line":9,"column":589},"end":{"line":9,"column":630}},"27":{"start":{"line":9,"column":640},"end":{"line":9,"column":663}},"28":{"start":{"line":9,"column":670},"end":{"line":9,"column":694}},"29":{"start":{"line":9,"column":695},"end":{"line":9,"column":733}},"30":{"start":{"line":9,"column":708},"end":{"line":9,"column":731}},"31":{"start":{"line":9,"column":734},"end":{"line":9,"column":748}},"32":{"start":{"line":11,"column":17},"end":{"line":16,"column":2}},"33":{"start":{"line":18,"column":0},"end":{"line":18,"column":64}}},"fnMap":{"0":{"name":"_typeof","decl":{"start":{"line":3,"column":9},"end":{"line":3,"column":16}},"loc":{"start":{"line":3,"column":22},"end":{"line":3,"column":378}},"line":3},"1":{"name":"_typeof","decl":{"start":{"line":3,"column":145},"end":{"line":3,"column":152}},"loc":{"start":{"line":3,"column":158},"end":{"line":3,"column":180}},"line":3},"2":{"name":"_typeof","decl":{"start":{"line":3,"column":210},"end":{"line":3,"column":217}},"loc":{"start":{"line":3,"column":223},"end":{"line":3,"column":352}},"line":3},"3":{"name":"_getRequireWildcardCache","decl":{"start":{"line":7,"column":9},"end":{"line":7,"column":33}},"loc":{"start":{"line":7,"column":36},"end":{"line":7,"column":210}},"line":7},"4":{"name":"_getRequireWildcardCache","decl":{"start":{"line":7,"column":149},"end":{"line":7,"column":173}},"loc":{"start":{"line":7,"column":176},"end":{"line":7,"column":193}},"line":7},"5":{"name":"_interopRequireWildcard","decl":{"start":{"line":9,"column":9},"end":{"line":9,"column":32}},"loc":{"start":{"line":9,"column":38},"end":{"line":9,"column":750}},"line":9}},"branchMap":{"0":{"loc":{"start":{"line":3,"column":51},"end":{"line":3,"column":355}},"type":"if","locations":[{"start":{"line":3,"column":51},"end":{"line":3,"column":355}},{"start":{"line":3,"column":51},"end":{"line":3,"column":355}}],"line":3},"1":{"loc":{"start":{"line":3,"column":55},"end":{"line":3,"column":122}},"type":"binary-expr","locations":[{"start":{"line":3,"column":55},"end":{"line":3,"column":83}},{"start":{"line":3,"column":87},"end":{"line":3,"column":122}}],"line":3},"2":{"loc":{"start":{"line":3,"column":232},"end":{"line":3,"column":349}},"type":"cond-expr","locations":[{"start":{"line":3,"column":328},"end":{"line":3,"column":336}},{"start":{"line":3,"column":339},"end":{"line":3,"column":349}}],"line":3},"3":{"loc":{"start":{"line":3,"column":232},"end":{"line":3,"column":325}},"type":"binary-expr","locations":[{"start":{"line":3,"column":232},"end":{"line":3,"column":235}},{"start":{"line":3,"column":239},"end":{"line":3,"column":267}},{"start":{"line":3,"column":271},"end":{"line":3,"column":297}},{"start":{"line":3,"column":301},"end":{"line":3,"column":325}}],"line":3},"4":{"loc":{"start":{"line":7,"column":38},"end":{"line":7,"column":85}},"type":"if","locations":[{"start":{"line":7,"column":38},"end":{"line":7,"column":85}},{"start":{"line":7,"column":38},"end":{"line":7,"column":85}}],"line":7},"5":{"loc":{"start":{"line":9,"column":40},"end":{"line":9,"column":82}},"type":"if","locations":[{"start":{"line":9,"column":40},"end":{"line":9,"column":82}},{"start":{"line":9,"column":40},"end":{"line":9,"column":82}}],"line":9},"6":{"loc":{"start":{"line":9,"column":44},"end":{"line":9,"column":65}},"type":"binary-expr","locations":[{"start":{"line":9,"column":44},"end":{"line":9,"column":47}},{"start":{"line":9,"column":51},"end":{"line":9,"column":65}}],"line":9},"7":{"loc":{"start":{"line":9,"column":83},"end":{"line":9,"column":189}},"type":"if","locations":[{"start":{"line":9,"column":83},"end":{"line":9,"column":189}},{"start":{"line":9,"column":83},"end":{"line":9,"column":189}}],"line":9},"8":{"loc":{"start":{"line":9,"column":87},"end":{"line":9,"column":157}},"type":"binary-expr","locations":[{"start":{"line":9,"column":87},"end":{"line":9,"column":99}},{"start":{"line":9,"column":103},"end":{"line":9,"column":128}},{"start":{"line":9,"column":132},"end":{"line":9,"column":157}}],"line":9},"9":{"loc":{"start":{"line":9,"column":230},"end":{"line":9,"column":285}},"type":"if","locations":[{"start":{"line":9,"column":230},"end":{"line":9,"column":285}},{"start":{"line":9,"column":230},"end":{"line":9,"column":285}}],"line":9},"10":{"loc":{"start":{"line":9,"column":234},"end":{"line":9,"column":257}},"type":"binary-expr","locations":[{"start":{"line":9,"column":234},"end":{"line":9,"column":239}},{"start":{"line":9,"column":243},"end":{"line":9,"column":257}}],"line":9},"11":{"loc":{"start":{"line":9,"column":331},"end":{"line":9,"column":387}},"type":"binary-expr","locations":[{"start":{"line":9,"column":331},"end":{"line":9,"column":352}},{"start":{"line":9,"column":356},"end":{"line":9,"column":387}}],"line":9},"12":{"loc":{"start":{"line":9,"column":412},"end":{"line":9,"column":667}},"type":"if","locations":[{"start":{"line":9,"column":412},"end":{"line":9,"column":667}},{"start":{"line":9,"column":412},"end":{"line":9,"column":667}}],"line":9},"13":{"loc":{"start":{"line":9,"column":477},"end":{"line":9,"column":549}},"type":"cond-expr","locations":[{"start":{"line":9,"column":501},"end":{"line":9,"column":542}},{"start":{"line":9,"column":545},"end":{"line":9,"column":549}}],"line":9},"14":{"loc":{"start":{"line":9,"column":551},"end":{"line":9,"column":665}},"type":"if","locations":[{"start":{"line":9,"column":551},"end":{"line":9,"column":665}},{"start":{"line":9,"column":551},"end":{"line":9,"column":665}}],"line":9},"15":{"loc":{"start":{"line":9,"column":555},"end":{"line":9,"column":585}},"type":"binary-expr","locations":[{"start":{"line":9,"column":555},"end":{"line":9,"column":559}},{"start":{"line":9,"column":564},"end":{"line":9,"column":572}},{"start":{"line":9,"column":576},"end":{"line":9,"column":584}}],"line":9},"16":{"loc":{"start":{"line":9,"column":695},"end":{"line":9,"column":733}},"type":"if","locations":[{"start":{"line":9,"column":695},"end":{"line":9,"column":733}},{"start":{"line":9,"column":695},"end":{"line":9,"column":733}}],"line":9}},"s":{"0":1,"1":1,"2":1,"3":0,"4":0,"5":1,"6":1,"7":1,"8":0,"9":1,"10":1,"11":0,"12":1,"13":1,"14":0,"15":1,"16":0,"17":1,"18":1,"19":0,"20":1,"21":1,"22":1,"23":49,"24":8,"25":8,"26":0,"27":8,"28":1,"29":1,"30":1,"31":1,"32":1,"33":1},"f":{"0":1,"1":1,"2":0,"3":1,"4":0,"5":1},"b":{"0":[1,0],"1":[1,1],"2":[0,0],"3":[0,0,0,0],"4":[0,1],"5":[0,1],"6":[1,1],"7":[0,1],"8":[1,1,0],"9":[0,1],"10":[1,1],"11":[1,1],"12":[8,41],"13":[8,0],"14":[0,8],"15":[8,8,8],"16":[1,0]},"inputSourceMap":{"version":3,"sources":["users.js"],"names":["userSchema","mongo","Schema","name","String","email","password","role","module","exports","model"],"mappings":";;;;AAAA;;;;;;AAEA,IAAMA,UAAU,GAAEC,qBAAMC,MAAN,CAAa;AAC5BC,EAAAA,IAAI,EAAEC,MADsB;AAE5BC,EAAAA,KAAK,EAAED,MAFqB;AAG5BE,EAAAA,QAAQ,EAAEF,MAHkB;AAI5BG,EAAAA,IAAI,EAAEH;AAJsB,CAAb,CAAlB;;AAOAI,MAAM,CAACC,OAAP,GAAgBR,qBAAMS,KAAN,CAAY,MAAZ,EAAoBV,UAApB,CAAhB","sourceRoot":"D:\\Andela\\Js Pro\\backend-blog-api\\src\\models\\","sourcesContent":["import mongo, { model } from 'mongoose';\r\n\r\nconst userSchema= mongo.Schema({\r\n   name: String,\r\n   email: String,\r\n   password: String,\r\n   role: String\r\n})\r\n\r\nmodule.exports= mongo.model('user', userSchema)\r\n"]},"_coverageSchema":"1a1c01bbd47fc00a2c39e90264f33305004495a9","hash":"34a607e3cb763cf53dbac76ef6759a4a54e20c64","contentHash":"565fbd260d7594a349e0ea8a47eba073a06aac1ab992d67ffd44ec5610153fcd"},"D:\\Andela\\Js Pro\\backend-blog-api\\src\\controller\\contactsController.js":{"path":"D:\\Andela\\Js Pro\\backend-blog-api\\src\\controller\\contactsController.js","statementMap":{"0":{"start":{"line":3,"column":0},"end":{"line":5,"column":3}},"1":{"start":{"line":6,"column":0},"end":{"line":6,"column":125}},"2":{"start":{"line":8,"column":15},"end":{"line":8,"column":67}},"3":{"start":{"line":10,"column":12},"end":{"line":10,"column":27}},"4":{"start":{"line":12,"column":16},"end":{"line":12,"column":59}},"5":{"start":{"line":14,"column":39},"end":{"line":14,"column":95}},"6":{"start":{"line":16,"column":65},"end":{"line":16,"column":623}},"7":{"start":{"line":16,"column":132},"end":{"line":16,"column":463}},"8":{"start":{"line":16,"column":252},"end":{"line":16,"column":267}},"9":{"start":{"line":16,"column":260},"end":{"line":16,"column":267}},"10":{"start":{"line":16,"column":276},"end":{"line":16,"column":277}},"11":{"start":{"line":16,"column":287},"end":{"line":16,"column":302}},"12":{"start":{"line":16,"column":304},"end":{"line":16,"column":461}},"13":{"start":{"line":16,"column":337},"end":{"line":16,"column":378}},"14":{"start":{"line":16,"column":356},"end":{"line":16,"column":378}},"15":{"start":{"line":16,"column":379},"end":{"line":16,"column":417}},"16":{"start":{"line":16,"column":441},"end":{"line":16,"column":450}},"17":{"start":{"line":16,"column":464},"end":{"line":16,"column":621}},"18":{"start":{"line":16,"column":647},"end":{"line":16,"column":651}},"19":{"start":{"line":16,"column":662},"end":{"line":16,"column":667}},"20":{"start":{"line":16,"column":674},"end":{"line":16,"column":995}},"21":{"start":{"line":16,"column":701},"end":{"line":16,"column":727}},"22":{"start":{"line":16,"column":760},"end":{"line":16,"column":769}},"23":{"start":{"line":16,"column":771},"end":{"line":16,"column":800}},"24":{"start":{"line":16,"column":801},"end":{"line":16,"column":813}},"25":{"start":{"line":16,"column":838},"end":{"line":16,"column":852}},"26":{"start":{"line":16,"column":853},"end":{"line":16,"column":863}},"27":{"start":{"line":16,"column":885},"end":{"line":16,"column":990}},"28":{"start":{"line":16,"column":891},"end":{"line":16,"column":953}},"29":{"start":{"line":16,"column":938},"end":{"line":16,"column":953}},"30":{"start":{"line":16,"column":966},"end":{"line":16,"column":988}},"31":{"start":{"line":16,"column":978},"end":{"line":16,"column":988}},"32":{"start":{"line":18,"column":50},"end":{"line":18,"column":65}},"33":{"start":{"line":18,"column":58},"end":{"line":18,"column":65}},"34":{"start":{"line":18,"column":66},"end":{"line":18,"column":129}},"35":{"start":{"line":18,"column":93},"end":{"line":18,"column":129}},"36":{"start":{"line":18,"column":138},"end":{"line":18,"column":184}},"37":{"start":{"line":18,"column":186},"end":{"line":18,"column":246}},"38":{"start":{"line":18,"column":223},"end":{"line":18,"column":246}},"39":{"start":{"line":18,"column":247},"end":{"line":18,"column":300}},"40":{"start":{"line":18,"column":279},"end":{"line":18,"column":300}},"41":{"start":{"line":18,"column":301},"end":{"line":18,"column":414}},"42":{"start":{"line":18,"column":378},"end":{"line":18,"column":414}},"43":{"start":{"line":20,"column":39},"end":{"line":20,"column":93}},"44":{"start":{"line":20,"column":76},"end":{"line":20,"column":93}},"45":{"start":{"line":20,"column":94},"end":{"line":20,"column":168}},"46":{"start":{"line":20,"column":107},"end":{"line":20,"column":108}},"47":{"start":{"line":20,"column":117},"end":{"line":20,"column":131}},"48":{"start":{"line":20,"column":149},"end":{"line":20,"column":166}},"49":{"start":{"line":20,"column":169},"end":{"line":20,"column":181}},"50":{"start":{"line":22,"column":18},"end":{"line":31,"column":1}},"51":{"start":{"line":23,"column":2},"end":{"line":30,"column":5}},"52":{"start":{"line":24,"column":4},"end":{"line":24,"column":21}},"53":{"start":{"line":25,"column":4},"end":{"line":25,"column":30}},"54":{"start":{"line":27,"column":4},"end":{"line":29,"column":7}},"55":{"start":{"line":33,"column":0},"end":{"line":33,"column":34}},"56":{"start":{"line":35,"column":18},"end":{"line":50,"column":1}},"57":{"start":{"line":36,"column":16},"end":{"line":41,"column":4}},"58":{"start":{"line":42,"column":2},"end":{"line":49,"column":5}},"59":{"start":{"line":43,"column":4},"end":{"line":43,"column":24}},"60":{"start":{"line":44,"column":4},"end":{"line":46,"column":7}},"61":{"start":{"line":48,"column":4},"end":{"line":48,"column":21}},"62":{"start":{"line":52,"column":0},"end":{"line":52,"column":34}},"63":{"start":{"line":54,"column":22},"end":{"line":73,"column":1}},"64":{"start":{"line":55,"column":11},"end":{"line":55,"column":24}},"65":{"start":{"line":57,"column":2},"end":{"line":72,"column":5}},"66":{"start":{"line":58,"column":4},"end":{"line":58,"column":43}},"67":{"start":{"line":60,"column":4},"end":{"line":66,"column":5}},"68":{"start":{"line":61,"column":6},"end":{"line":61,"column":32}},"69":{"start":{"line":63,"column":6},"end":{"line":65,"column":9}},"70":{"start":{"line":68,"column":4},"end":{"line":68,"column":21}},"71":{"start":{"line":69,"column":4},"end":{"line":71,"column":7}},"72":{"start":{"line":75,"column":0},"end":{"line":75,"column":42}},"73":{"start":{"line":77,"column":20},"end":{"line":108,"column":1}},"74":{"start":{"line":78,"column":11},"end":{"line":78,"column":24}},"75":{"start":{"line":79,"column":18},"end":{"line":79,"column":20}},"76":{"start":{"line":81,"column":18},"end":{"line":81,"column":54}},"77":{"start":{"line":84,"column":2},"end":{"line":93,"column":3}},"78":{"start":{"line":85,"column":4},"end":{"line":88,"column":5}},"79":{"start":{"line":86,"column":16},"end":{"line":86,"column":27}},"80":{"start":{"line":87,"column":6},"end":{"line":87,"column":42}},"81":{"start":{"line":90,"column":4},"end":{"line":90,"column":21}},"82":{"start":{"line":92,"column":4},"end":{"line":92,"column":18}},"83":{"start":{"line":95,"column":2},"end":{"line":107,"column":5}},"84":{"start":{"line":100,"column":4},"end":{"line":100,"column":24}},"85":{"start":{"line":101,"column":4},"end":{"line":101,"column":33}},"86":{"start":{"line":103,"column":4},"end":{"line":103,"column":21}},"87":{"start":{"line":104,"column":4},"end":{"line":106,"column":7}},"88":{"start":{"line":110,"column":0},"end":{"line":110,"column":38}},"89":{"start":{"line":112,"column":20},"end":{"line":125,"column":1}},"90":{"start":{"line":113,"column":11},"end":{"line":113,"column":24}},"91":{"start":{"line":115,"column":2},"end":{"line":124,"column":5}},"92":{"start":{"line":118,"column":4},"end":{"line":118,"column":33}},"93":{"start":{"line":120,"column":4},"end":{"line":120,"column":21}},"94":{"start":{"line":121,"column":4},"end":{"line":123,"column":7}},"95":{"start":{"line":127,"column":0},"end":{"line":127,"column":38}}},"fnMap":{"0":{"name":"_interopRequireDefault","decl":{"start":{"line":14,"column":9},"end":{"line":14,"column":31}},"loc":{"start":{"line":14,"column":37},"end":{"line":14,"column":97}},"line":14},"1":{"name":"_createForOfIteratorHelper","decl":{"start":{"line":16,"column":9},"end":{"line":16,"column":35}},"loc":{"start":{"line":16,"column":55},"end":{"line":16,"column":997}},"line":16},"2":{"name":"F","decl":{"start":{"line":16,"column":296},"end":{"line":16,"column":297}},"loc":{"start":{"line":16,"column":300},"end":{"line":16,"column":302}},"line":16},"3":{"name":"n","decl":{"start":{"line":16,"column":331},"end":{"line":16,"column":332}},"loc":{"start":{"line":16,"column":335},"end":{"line":16,"column":419}},"line":16},"4":{"name":"e","decl":{"start":{"line":16,"column":433},"end":{"line":16,"column":434}},"loc":{"start":{"line":16,"column":439},"end":{"line":16,"column":452}},"line":16},"5":{"name":"s","decl":{"start":{"line":16,"column":695},"end":{"line":16,"column":696}},"loc":{"start":{"line":16,"column":699},"end":{"line":16,"column":729}},"line":16},"6":{"name":"n","decl":{"start":{"line":16,"column":743},"end":{"line":16,"column":744}},"loc":{"start":{"line":16,"column":747},"end":{"line":16,"column":815}},"line":16},"7":{"name":"e","decl":{"start":{"line":16,"column":829},"end":{"line":16,"column":830}},"loc":{"start":{"line":16,"column":836},"end":{"line":16,"column":865}},"line":16},"8":{"name":"f","decl":{"start":{"line":16,"column":879},"end":{"line":16,"column":880}},"loc":{"start":{"line":16,"column":883},"end":{"line":16,"column":992}},"line":16},"9":{"name":"_unsupportedIterableToArray","decl":{"start":{"line":18,"column":9},"end":{"line":18,"column":36}},"loc":{"start":{"line":18,"column":48},"end":{"line":18,"column":416}},"line":18},"10":{"name":"_arrayLikeToArray","decl":{"start":{"line":20,"column":9},"end":{"line":20,"column":26}},"loc":{"start":{"line":20,"column":37},"end":{"line":20,"column":183}},"line":20},"11":{"name":"allContacts","decl":{"start":{"line":22,"column":27},"end":{"line":22,"column":38}},"loc":{"start":{"line":22,"column":49},"end":{"line":31,"column":1}},"line":22},"12":{"name":"(anonymous_12)","decl":{"start":{"line":23,"column":41},"end":{"line":23,"column":42}},"loc":{"start":{"line":23,"column":56},"end":{"line":26,"column":3}},"line":23},"13":{"name":"(anonymous_13)","decl":{"start":{"line":26,"column":14},"end":{"line":26,"column":15}},"loc":{"start":{"line":26,"column":29},"end":{"line":30,"column":3}},"line":26},"14":{"name":"addcontacts","decl":{"start":{"line":35,"column":27},"end":{"line":35,"column":38}},"loc":{"start":{"line":35,"column":49},"end":{"line":50,"column":1}},"line":35},"15":{"name":"(anonymous_15)","decl":{"start":{"line":42,"column":22},"end":{"line":42,"column":23}},"loc":{"start":{"line":42,"column":40},"end":{"line":47,"column":3}},"line":42},"16":{"name":"(anonymous_16)","decl":{"start":{"line":47,"column":14},"end":{"line":47,"column":15}},"loc":{"start":{"line":47,"column":29},"end":{"line":49,"column":3}},"line":47},"17":{"name":"allContactsById","decl":{"start":{"line":54,"column":31},"end":{"line":54,"column":46}},"loc":{"start":{"line":54,"column":57},"end":{"line":73,"column":1}},"line":54},"18":{"name":"(anonymous_18)","decl":{"start":{"line":57,"column":47},"end":{"line":57,"column":48}},"loc":{"start":{"line":57,"column":62},"end":{"line":67,"column":3}},"line":57},"19":{"name":"(anonymous_19)","decl":{"start":{"line":67,"column":14},"end":{"line":67,"column":15}},"loc":{"start":{"line":67,"column":29},"end":{"line":72,"column":3}},"line":67},"20":{"name":"modifyContact","decl":{"start":{"line":77,"column":29},"end":{"line":77,"column":42}},"loc":{"start":{"line":77,"column":53},"end":{"line":108,"column":1}},"line":77},"21":{"name":"(anonymous_21)","decl":{"start":{"line":99,"column":17},"end":{"line":99,"column":18}},"loc":{"start":{"line":99,"column":35},"end":{"line":102,"column":3}},"line":99},"22":{"name":"(anonymous_22)","decl":{"start":{"line":102,"column":14},"end":{"line":102,"column":15}},"loc":{"start":{"line":102,"column":29},"end":{"line":107,"column":3}},"line":102},"23":{"name":"deleteContact","decl":{"start":{"line":112,"column":29},"end":{"line":112,"column":42}},"loc":{"start":{"line":112,"column":53},"end":{"line":125,"column":1}},"line":112},"24":{"name":"(anonymous_24)","decl":{"start":{"line":117,"column":17},"end":{"line":117,"column":18}},"loc":{"start":{"line":117,"column":35},"end":{"line":119,"column":3}},"line":117},"25":{"name":"(anonymous_25)","decl":{"start":{"line":119,"column":14},"end":{"line":119,"column":15}},"loc":{"start":{"line":119,"column":29},"end":{"line":124,"column":3}},"line":119}},"branchMap":{"0":{"loc":{"start":{"line":14,"column":46},"end":{"line":14,"column":94}},"type":"cond-expr","locations":[{"start":{"line":14,"column":70},"end":{"line":14,"column":73}},{"start":{"line":14,"column":76},"end":{"line":14,"column":94}}],"line":14},"1":{"loc":{"start":{"line":14,"column":46},"end":{"line":14,"column":67}},"type":"binary-expr","locations":[{"start":{"line":14,"column":46},"end":{"line":14,"column":49}},{"start":{"line":14,"column":53},"end":{"line":14,"column":67}}],"line":14},"2":{"loc":{"start":{"line":16,"column":65},"end":{"line":16,"column":623}},"type":"if","locations":[{"start":{"line":16,"column":65},"end":{"line":16,"column":623}},{"start":{"line":16,"column":65},"end":{"line":16,"column":623}}],"line":16},"3":{"loc":{"start":{"line":16,"column":69},"end":{"line":16,"column":128}},"type":"binary-expr","locations":[{"start":{"line":16,"column":69},"end":{"line":16,"column":98}},{"start":{"line":16,"column":102},"end":{"line":16,"column":128}}],"line":16},"4":{"loc":{"start":{"line":16,"column":132},"end":{"line":16,"column":463}},"type":"if","locations":[{"start":{"line":16,"column":132},"end":{"line":16,"column":463}},{"start":{"line":16,"column":132},"end":{"line":16,"column":463}}],"line":16},"5":{"loc":{"start":{"line":16,"column":136},"end":{"line":16,"column":248}},"type":"binary-expr","locations":[{"start":{"line":16,"column":136},"end":{"line":16,"column":152}},{"start":{"line":16,"column":157},"end":{"line":16,"column":192}},{"start":{"line":16,"column":197},"end":{"line":16,"column":211}},{"start":{"line":16,"column":215},"end":{"line":16,"column":216}},{"start":{"line":16,"column":220},"end":{"line":16,"column":248}}],"line":16},"6":{"loc":{"start":{"line":16,"column":252},"end":{"line":16,"column":267}},"type":"if","locations":[{"start":{"line":16,"column":252},"end":{"line":16,"column":267}},{"start":{"line":16,"column":252},"end":{"line":16,"column":267}}],"line":16},"7":{"loc":{"start":{"line":16,"column":337},"end":{"line":16,"column":378}},"type":"if","locations":[{"start":{"line":16,"column":337},"end":{"line":16,"column":378}},{"start":{"line":16,"column":337},"end":{"line":16,"column":378}}],"line":16},"8":{"loc":{"start":{"line":16,"column":891},"end":{"line":16,"column":953}},"type":"if","locations":[{"start":{"line":16,"column":891},"end":{"line":16,"column":953}},{"start":{"line":16,"column":891},"end":{"line":16,"column":953}}],"line":16},"9":{"loc":{"start":{"line":16,"column":895},"end":{"line":16,"column":936}},"type":"binary-expr","locations":[{"start":{"line":16,"column":895},"end":{"line":16,"column":912}},{"start":{"line":16,"column":916},"end":{"line":16,"column":936}}],"line":16},"10":{"loc":{"start":{"line":16,"column":966},"end":{"line":16,"column":988}},"type":"if","locations":[{"start":{"line":16,"column":966},"end":{"line":16,"column":988}},{"start":{"line":16,"column":966},"end":{"line":16,"column":988}}],"line":16},"11":{"loc":{"start":{"line":18,"column":50},"end":{"line":18,"column":65}},"type":"if","locations":[{"start":{"line":18,"column":50},"end":{"line":18,"column":65}},{"start":{"line":18,"column":50},"end":{"line":18,"column":65}}],"line":18},"12":{"loc":{"start":{"line":18,"column":66},"end":{"line":18,"column":129}},"type":"if","locations":[{"start":{"line":18,"column":66},"end":{"line":18,"column":129}},{"start":{"line":18,"column":66},"end":{"line":18,"column":129}}],"line":18},"13":{"loc":{"start":{"line":18,"column":186},"end":{"line":18,"column":246}},"type":"if","locations":[{"start":{"line":18,"column":186},"end":{"line":18,"column":246}},{"start":{"line":18,"column":186},"end":{"line":18,"column":246}}],"line":18},"14":{"loc":{"start":{"line":18,"column":190},"end":{"line":18,"column":221}},"type":"binary-expr","locations":[{"start":{"line":18,"column":190},"end":{"line":18,"column":204}},{"start":{"line":18,"column":208},"end":{"line":18,"column":221}}],"line":18},"15":{"loc":{"start":{"line":18,"column":247},"end":{"line":18,"column":300}},"type":"if","locations":[{"start":{"line":18,"column":247},"end":{"line":18,"column":300}},{"start":{"line":18,"column":247},"end":{"line":18,"column":300}}],"line":18},"16":{"loc":{"start":{"line":18,"column":251},"end":{"line":18,"column":277}},"type":"binary-expr","locations":[{"start":{"line":18,"column":251},"end":{"line":18,"column":262}},{"start":{"line":18,"column":266},"end":{"line":18,"column":277}}],"line":18},"17":{"loc":{"start":{"line":18,"column":301},"end":{"line":18,"column":414}},"type":"if","locations":[{"start":{"line":18,"column":301},"end":{"line":18,"column":414}},{"start":{"line":18,"column":301},"end":{"line":18,"column":414}}],"line":18},"18":{"loc":{"start":{"line":18,"column":305},"end":{"line":18,"column":376}},"type":"binary-expr","locations":[{"start":{"line":18,"column":305},"end":{"line":18,"column":322}},{"start":{"line":18,"column":326},"end":{"line":18,"column":376}}],"line":18},"19":{"loc":{"start":{"line":20,"column":39},"end":{"line":20,"column":93}},"type":"if","locations":[{"start":{"line":20,"column":39},"end":{"line":20,"column":93}},{"start":{"line":20,"column":39},"end":{"line":20,"column":93}}],"line":20},"20":{"loc":{"start":{"line":20,"column":43},"end":{"line":20,"column":74}},"type":"binary-expr","locations":[{"start":{"line":20,"column":43},"end":{"line":20,"column":54}},{"start":{"line":20,"column":58},"end":{"line":20,"column":74}}],"line":20},"21":{"loc":{"start":{"line":60,"column":4},"end":{"line":66,"column":5}},"type":"if","locations":[{"start":{"line":60,"column":4},"end":{"line":66,"column":5}},{"start":{"line":60,"column":4},"end":{"line":66,"column":5}}],"line":60}},"s":{"0":1,"1":1,"2":1,"3":1,"4":1,"5":2,"6":0,"7":0,"8":0,"9":0,"10":0,"11":0,"12":0,"13":0,"14":0,"15":0,"16":0,"17":0,"18":0,"19":0,"20":0,"21":0,"22":0,"23":0,"24":0,"25":0,"26":0,"27":0,"28":0,"29":0,"30":0,"31":0,"32":0,"33":0,"34":0,"35":0,"36":0,"37":0,"38":0,"39":0,"40":0,"41":0,"42":0,"43":0,"44":0,"45":0,"46":0,"47":0,"48":0,"49":0,"50":1,"51":0,"52":0,"53":0,"54":0,"55":1,"56":1,"57":0,"58":0,"59":0,"60":0,"61":0,"62":1,"63":1,"64":0,"65":0,"66":0,"67":0,"68":0,"69":0,"70":0,"71":0,"72":1,"73":1,"74":0,"75":0,"76":0,"77":0,"78":0,"79":0,"80":0,"81":0,"82":0,"83":0,"84":0,"85":0,"86":0,"87":0,"88":1,"89":1,"90":0,"91":0,"92":0,"93":0,"94":0,"95":1},"f":{"0":2,"1":0,"2":0,"3":0,"4":0,"5":0,"6":0,"7":0,"8":0,"9":0,"10":0,"11":0,"12":0,"13":0,"14":0,"15":0,"16":0,"17":0,"18":0,"19":0,"20":0,"21":0,"22":0,"23":0,"24":0,"25":0},"b":{"0":[0,2],"1":[2,2],"2":[0,0],"3":[0,0],"4":[0,0],"5":[0,0,0,0,0],"6":[0,0],"7":[0,0],"8":[0,0],"9":[0,0],"10":[0,0],"11":[0,0],"12":[0,0],"13":[0,0],"14":[0,0],"15":[0,0],"16":[0,0],"17":[0,0],"18":[0,0],"19":[0,0],"20":[0,0],"21":[0,0]},"inputSourceMap":{"version":3,"sources":["contactsController.js"],"names":["allContacts","req","res","Message","find","exec","then","doc","console","log","status","json","err","error","addcontacts","message","names","body","email","phone","save","result","allContactsById","id","params","findById","modifyContact","updateOps","ops","propName","value","update","_id","$set","deleteContact","remove"],"mappings":";;;;;;;AAAA;;AACA;;AACA;;;;;;;;;;AAIO,IAAMA,WAAW,GAAE,SAAbA,WAAa,CAACC,GAAD,EAAMC,GAAN,EAAY;AAElCC,sBAAQC,IAAR,GACCC,IADD,GAECC,IAFD,CAEM,UAAAC,GAAG,EAAG;AACRC,IAAAA,OAAO,CAACC,GAAR,CAAYF,GAAZ;AACAL,IAAAA,GAAG,CAACQ,MAAJ,CAAW,GAAX,EAAgBC,IAAhB,CAAqBJ,GAArB;AACH,GALD,WAKS,UAAAK,GAAG,EAAG;AACXV,IAAAA,GAAG,CAACQ,MAAJ,CAAW,GAAX,EAAgBC,IAAhB,CAAqB;AACjBE,MAAAA,KAAK,EAAED;AADU,KAArB;AAGH,GATD;AAUH,CAZM;;;;AAcA,IAAME,WAAW,GAAG,SAAdA,WAAc,CAACb,GAAD,EAAMC,GAAN,EAAc;AACrC,MAAMa,OAAO,GAAE,IAAIZ,mBAAJ,CAAY;AACvBa,IAAAA,KAAK,EAACf,GAAG,CAACgB,IAAJ,CAASD,KADQ;AAEvBE,IAAAA,KAAK,EAACjB,GAAG,CAACgB,IAAJ,CAASC,KAFQ;AAGvBC,IAAAA,KAAK,EAAClB,GAAG,CAACgB,IAAJ,CAASE,KAHQ;AAIvBJ,IAAAA,OAAO,EAACd,GAAG,CAACgB,IAAJ,CAASF;AAJM,GAAZ,CAAf;AAMAA,EAAAA,OAAO,CAACK,IAAR,GAAed,IAAf,CAAoB,UAAAe,MAAM,EAAG;AACzBb,IAAAA,OAAO,CAACC,GAAR,CAAYY,MAAZ;AACAnB,IAAAA,GAAG,CAACS,IAAJ,CAAS;AACLU,MAAAA,MAAM,EAANA;AADK,KAAT;AAGH,GALD,WAKS,UAAAT,GAAG,EAAI;AACZJ,IAAAA,OAAO,CAACC,GAAR,CAAYG,GAAZ;AACH,GAPD;AAQH,CAfM;;;;AAmBA,IAAMU,eAAe,GAAE,SAAjBA,eAAiB,CAACrB,GAAD,EAAMC,GAAN,EAAY;AACtC,MAAMqB,EAAE,GAACtB,GAAG,CAACuB,MAAJ,CAAWD,EAApB;;AACApB,sBAAQsB,QAAR,CAAiBF,EAAjB,EAAqBlB,IAArB,GAA4BC,IAA5B,CAAiC,UAAAC,GAAG,EAAG;AACnCC,IAAAA,OAAO,CAACC,GAAR,CAAY,oBAAZ,EAAiCF,GAAjC;;AACA,QAAGA,GAAH,EAAO;AACHL,MAAAA,GAAG,CAACQ,MAAJ,CAAW,GAAX,EAAgBC,IAAhB,CAAsBJ,GAAtB;AACH,KAFD,MAEK;AACDL,MAAAA,GAAG,CAACQ,MAAJ,CAAW,GAAX,EAAgBC,IAAhB,CAAqB;AAACI,QAAAA,OAAO,EAAE;AAAV,OAArB;AACH;AAEJ,GARD,WAQS,UAAAH,GAAG,EAAI;AACZJ,IAAAA,OAAO,CAACC,GAAR,CAAYG,GAAZ;AACAV,IAAAA,GAAG,CAACQ,MAAJ,CAAW,GAAX,EAAgBC,IAAhB,CAAqB;AAACE,MAAAA,KAAK,EAAED;AAAR,KAArB;AACH,GAXD;AAYH,CAdM;;;;AAiBA,IAAMc,aAAa,GAAG,SAAhBA,aAAgB,CAACzB,GAAD,EAAMC,GAAN,EAAc;AACvC,MAAMqB,EAAE,GAACtB,GAAG,CAACuB,MAAJ,CAAWD,EAApB;AACA,MAAMI,SAAS,GAAC,EAAhB;;AAFuC,6CAGtB1B,GAAG,CAACgB,IAHkB;AAAA;;AAAA;AAGvC,wDAA0B;AAAA,UAAhBW,GAAgB;AACtBD,MAAAA,SAAS,CAACC,GAAG,CAACC,QAAL,CAAT,GAA0BD,GAAG,CAACE,KAA9B;AACH;AALsC;AAAA;AAAA;AAAA;AAAA;;AAMvC3B,sBAAQ4B,MAAR,CAAe;AAACC,IAAAA,GAAG,EAAET;AAAN,GAAf,EAA0B;AAACU,IAAAA,IAAI,EAAEN;AAAP,GAA1B,EACCtB,IADD,GAECC,IAFD,CAEM,UAAAe,MAAM,EAAG;AACXb,IAAAA,OAAO,CAACC,GAAR,CAAYY,MAAZ;AACAnB,IAAAA,GAAG,CAACQ,MAAJ,CAAW,GAAX,EAAgBC,IAAhB,CAAqBU,MAArB;AACH,GALD,WAKS,UAAAT,GAAG,EAAG;AACXJ,IAAAA,OAAO,CAACC,GAAR,CAAYG,GAAZ;AACAV,IAAAA,GAAG,CAACQ,MAAJ,CAAW,GAAX,EAAgBC,IAAhB,CAAqB;AACjBE,MAAAA,KAAK,EAAED;AADU,KAArB;AAGH,GAVD;AAWH,CAjBM;;;;AAsBA,IAAMsB,aAAa,GAAE,SAAfA,aAAe,CAACjC,GAAD,EAAMC,GAAN,EAAY;AACpC,MAAMqB,EAAE,GAACtB,GAAG,CAACuB,MAAJ,CAAWD,EAApB;;AACApB,sBAAQgC,MAAR,CAAe;AAACH,IAAAA,GAAG,EAAET;AAAN,GAAf,EAA0BlB,IAA1B,GAAiCC,IAAjC,CAAsC,UAAAe,MAAM,EAAG;AAC3CnB,IAAAA,GAAG,CAACQ,MAAJ,CAAW,GAAX,EAAgBC,IAAhB,CAAqBU,MAArB;AACH,GAFD,WAES,UAAAT,GAAG,EAAG;AACXJ,IAAAA,OAAO,CAACC,GAAR,CAAYG,GAAZ;AACAV,IAAAA,GAAG,CAACQ,MAAJ,CAAW,GAAX,EAAgBC,IAAhB,CAAqB;AACjBE,MAAAA,KAAK,EAAED;AADU,KAArB;AAGH,GAPD;AAQH,CAVM","sourceRoot":"D:\\Andela\\Js Pro\\backend-blog-api\\src\\controller\\","sourcesContent":["import Message from '../models/message';\r\nimport { v4 as uuidv4 } from 'uuid';\r\nimport mongo from 'mongoose';\r\n\r\n\r\n\r\nexport const allContacts= (req, res)=>{\r\n    \r\n    Message.find()\r\n    .exec()\r\n    .then(doc =>{\r\n        console.log(doc);\r\n        res.status(200).json(doc);\r\n    }).catch(err =>{\r\n        res.status(500).json({\r\n            error: err\r\n        })\r\n    })\r\n}\r\n\r\nexport const addcontacts = (req, res ) =>{\r\n    const message= new Message({\r\n        names:req.body.names,\r\n        email:req.body.email,\r\n        phone:req.body.phone,\r\n        message:req.body.message\r\n    })\r\n    message.save().then(result =>{\r\n        console.log(result);\r\n        res.json({\r\n            result\r\n        })\r\n    }).catch(err => {\r\n        console.log(err);\r\n    })\r\n}\r\n\r\n\r\n\r\nexport const allContactsById= (req, res)=>{\r\n    const id=req.params.id;\r\n    Message.findById(id).exec().then(doc =>{\r\n        console.log('data from database',doc);\r\n        if(doc){\r\n            res.status(200).json( doc);\r\n        }else{\r\n            res.status(404).json({message: 'No valid entry found for provided id'});\r\n        }\r\n        \r\n    }).catch(err => {\r\n        console.log(err);\r\n        res.status(500).json({error: err});\r\n    })\r\n}\r\n\r\n\r\nexport const modifyContact = (req, res ) =>{\r\n    const id=req.params.id;\r\n    const updateOps={};\r\n    for(const ops of req.body){\r\n        updateOps[ops.propName] = ops.value;\r\n    }\r\n    Message.update({_id: id}, {$set: updateOps})\r\n    .exec()\r\n    .then(result =>{\r\n        console.log(result);\r\n        res.status(200).json(result);\r\n    }).catch(err =>{\r\n        console.log(err);\r\n        res.status(500).json({\r\n            error: err\r\n        })\r\n    })\r\n}\r\n\r\n\r\n\r\n\r\nexport const deleteContact= (req, res)=>{\r\n    const id=req.params.id;\r\n    Message.remove({_id: id}).exec().then(result =>{\r\n        res.status(200).json(result);\r\n    }).catch(err =>{\r\n        console.log(err);\r\n        res.status(500).json({\r\n            error: err\r\n        })\r\n    })\r\n}\r\n\r\n\r\n\r\n\r\n"]},"_coverageSchema":"1a1c01bbd47fc00a2c39e90264f33305004495a9","hash":"8d3bb81b4152b4862584b03cd5794a4ed956ba40","contentHash":"56b2e840cbbe9d04fee1b0522bdcce49c0622767ee5374b38ea2aa5782a5f561"},"D:\\Andela\\Js Pro\\backend-blog-api\\src\\models\\message.js":{"path":"D:\\Andela\\Js Pro\\backend-blog-api\\src\\models\\message.js","statementMap":{"0":{"start":{"line":3,"column":16},"end":{"line":3,"column":59}},"1":{"start":{"line":5,"column":39},"end":{"line":5,"column":95}},"2":{"start":{"line":7,"column":21},"end":{"line":12,"column":2}},"3":{"start":{"line":14,"column":0},"end":{"line":14,"column":71}}},"fnMap":{"0":{"name":"_interopRequireDefault","decl":{"start":{"line":5,"column":9},"end":{"line":5,"column":31}},"loc":{"start":{"line":5,"column":37},"end":{"line":5,"column":97}},"line":5}},"branchMap":{"0":{"loc":{"start":{"line":5,"column":46},"end":{"line":5,"column":94}},"type":"cond-expr","locations":[{"start":{"line":5,"column":70},"end":{"line":5,"column":73}},{"start":{"line":5,"column":76},"end":{"line":5,"column":94}}],"line":5},"1":{"loc":{"start":{"line":5,"column":46},"end":{"line":5,"column":67}},"type":"binary-expr","locations":[{"start":{"line":5,"column":46},"end":{"line":5,"column":49}},{"start":{"line":5,"column":53},"end":{"line":5,"column":67}}],"line":5}},"s":{"0":1,"1":1,"2":1,"3":1},"f":{"0":1},"b":{"0":[0,1],"1":[1,1]},"inputSourceMap":{"version":3,"sources":["message.js"],"names":["meassageSchema","mongoo","Schema","names","String","email","phone","message","module","exports","model"],"mappings":";;AAAA;;;;AAEA,IAAMA,cAAc,GAAEC,qBAAOC,MAAP,CAAc;AAEhCC,EAAAA,KAAK,EAAEC,MAFyB;AAGhCC,EAAAA,KAAK,EAAED,MAHyB;AAIhCE,EAAAA,KAAK,EAAEF,MAJyB;AAKhCG,EAAAA,OAAO,EAAEH;AALuB,CAAd,CAAtB;;AASAI,MAAM,CAACC,OAAP,GAAiBR,qBAAOS,KAAP,CAAa,SAAb,EAAwBV,cAAxB,CAAjB","sourceRoot":"D:\\Andela\\Js Pro\\backend-blog-api\\src\\models\\","sourcesContent":["import mongoo from 'mongoose';\r\n\r\nconst meassageSchema= mongoo.Schema({\r\n    \r\n    names: String,\r\n    email: String,\r\n    phone: String,\r\n    message: String\r\n\r\n});\r\n\r\nmodule.exports = mongoo.model('message', meassageSchema);\r\n"]},"_coverageSchema":"1a1c01bbd47fc00a2c39e90264f33305004495a9","hash":"8d9d80517665cc3b45c23b8224ca523b15d15988","contentHash":"f984a2f42d527039661b848d0cdfcb8c01475c9f7257b807541223a99b637a0b"},"D:\\Andela\\Js Pro\\backend-blog-api\\src\\controller\\usersController.js":{"path":"D:\\Andela\\Js Pro\\backend-blog-api\\src\\controller\\usersController.js","statementMap":{"0":{"start":{"line":3,"column":0},"end":{"line":5,"column":3}},"1":{"start":{"line":6,"column":0},"end":{"line":6,"column":111}},"2":{"start":{"line":8,"column":13},"end":{"line":8,"column":63}},"3":{"start":{"line":10,"column":12},"end":{"line":10,"column":27}},"4":{"start":{"line":12,"column":39},"end":{"line":12,"column":95}},"5":{"start":{"line":14,"column":15},"end":{"line":23,"column":1}},"6":{"start":{"line":15,"column":2},"end":{"line":22,"column":3}},"7":{"start":{"line":16,"column":4},"end":{"line":19,"column":7}},"8":{"start":{"line":21,"column":4},"end":{"line":21,"column":22}},"9":{"start":{"line":25,"column":0},"end":{"line":25,"column":28}},"10":{"start":{"line":27,"column":19},"end":{"line":41,"column":1}},"11":{"start":{"line":28,"column":11},"end":{"line":28,"column":24}},"12":{"start":{"line":30,"column":14},"end":{"line":32,"column":4}},"13":{"start":{"line":31,"column":4},"end":{"line":31,"column":27}},"14":{"start":{"line":34,"column":2},"end":{"line":40,"column":3}},"15":{"start":{"line":35,"column":4},"end":{"line":37,"column":7}},"16":{"start":{"line":39,"column":4},"end":{"line":39,"column":22}},"17":{"start":{"line":43,"column":0},"end":{"line":43,"column":36}},"18":{"start":{"line":45,"column":15},"end":{"line":64,"column":1}},"19":{"start":{"line":46,"column":14},"end":{"line":52,"column":3}},"20":{"start":{"line":54,"column":2},"end":{"line":54,"column":32}},"21":{"start":{"line":56,"column":2},"end":{"line":63,"column":3}},"22":{"start":{"line":57,"column":4},"end":{"line":60,"column":7}},"23":{"start":{"line":62,"column":4},"end":{"line":62,"column":22}},"24":{"start":{"line":66,"column":0},"end":{"line":66,"column":28}},"25":{"start":{"line":68,"column":18},"end":{"line":86,"column":1}},"26":{"start":{"line":69,"column":11},"end":{"line":69,"column":24}},"27":{"start":{"line":71,"column":14},"end":{"line":73,"column":4}},"28":{"start":{"line":72,"column":4},"end":{"line":72,"column":27}},"29":{"start":{"line":75,"column":2},"end":{"line":75,"column":56}},"30":{"start":{"line":75,"column":14},"end":{"line":75,"column":56}},"31":{"start":{"line":76,"column":2},"end":{"line":76,"column":103}},"32":{"start":{"line":78,"column":2},"end":{"line":85,"column":3}},"33":{"start":{"line":79,"column":4},"end":{"line":82,"column":7}},"34":{"start":{"line":84,"column":4},"end":{"line":84,"column":22}},"35":{"start":{"line":88,"column":0},"end":{"line":88,"column":34}},"36":{"start":{"line":90,"column":17},"end":{"line":110,"column":1}},"37":{"start":{"line":91,"column":11},"end":{"line":91,"column":24}},"38":{"start":{"line":93,"column":14},"end":{"line":95,"column":4}},"39":{"start":{"line":94,"column":4},"end":{"line":94,"column":27}},"40":{"start":{"line":97,"column":2},"end":{"line":97,"column":53}},"41":{"start":{"line":97,"column":14},"end":{"line":97,"column":53}},"42":{"start":{"line":99,"column":14},"end":{"line":99,"column":46}},"43":{"start":{"line":101,"column":2},"end":{"line":101,"column":37}},"44":{"start":{"line":103,"column":2},"end":{"line":109,"column":3}},"45":{"start":{"line":104,"column":4},"end":{"line":106,"column":7}},"46":{"start":{"line":108,"column":4},"end":{"line":108,"column":22}},"47":{"start":{"line":112,"column":0},"end":{"line":112,"column":32}}},"fnMap":{"0":{"name":"_interopRequireDefault","decl":{"start":{"line":12,"column":9},"end":{"line":12,"column":31}},"loc":{"start":{"line":12,"column":37},"end":{"line":12,"column":97}},"line":12},"1":{"name":"allUsers","decl":{"start":{"line":14,"column":24},"end":{"line":14,"column":32}},"loc":{"start":{"line":14,"column":43},"end":{"line":23,"column":1}},"line":14},"2":{"name":"allUsersById","decl":{"start":{"line":27,"column":28},"end":{"line":27,"column":40}},"loc":{"start":{"line":27,"column":51},"end":{"line":41,"column":1}},"line":27},"3":{"name":"(anonymous_3)","decl":{"start":{"line":30,"column":37},"end":{"line":30,"column":38}},"loc":{"start":{"line":30,"column":54},"end":{"line":32,"column":3}},"line":30},"4":{"name":"addUsers","decl":{"start":{"line":45,"column":24},"end":{"line":45,"column":32}},"loc":{"start":{"line":45,"column":43},"end":{"line":64,"column":1}},"line":45},"5":{"name":"modifyUsers","decl":{"start":{"line":68,"column":27},"end":{"line":68,"column":38}},"loc":{"start":{"line":68,"column":49},"end":{"line":86,"column":1}},"line":68},"6":{"name":"(anonymous_6)","decl":{"start":{"line":71,"column":37},"end":{"line":71,"column":38}},"loc":{"start":{"line":71,"column":54},"end":{"line":73,"column":3}},"line":71},"7":{"name":"deleteUser","decl":{"start":{"line":90,"column":26},"end":{"line":90,"column":36}},"loc":{"start":{"line":90,"column":47},"end":{"line":110,"column":1}},"line":90},"8":{"name":"(anonymous_8)","decl":{"start":{"line":93,"column":37},"end":{"line":93,"column":38}},"loc":{"start":{"line":93,"column":54},"end":{"line":95,"column":3}},"line":93}},"branchMap":{"0":{"loc":{"start":{"line":12,"column":46},"end":{"line":12,"column":94}},"type":"cond-expr","locations":[{"start":{"line":12,"column":70},"end":{"line":12,"column":73}},{"start":{"line":12,"column":76},"end":{"line":12,"column":94}}],"line":12},"1":{"loc":{"start":{"line":12,"column":46},"end":{"line":12,"column":67}},"type":"binary-expr","locations":[{"start":{"line":12,"column":46},"end":{"line":12,"column":49}},{"start":{"line":12,"column":53},"end":{"line":12,"column":67}}],"line":12},"2":{"loc":{"start":{"line":15,"column":2},"end":{"line":22,"column":3}},"type":"if","locations":[{"start":{"line":15,"column":2},"end":{"line":22,"column":3}},{"start":{"line":15,"column":2},"end":{"line":22,"column":3}}],"line":15},"3":{"loc":{"start":{"line":34,"column":2},"end":{"line":40,"column":3}},"type":"if","locations":[{"start":{"line":34,"column":2},"end":{"line":40,"column":3}},{"start":{"line":34,"column":2},"end":{"line":40,"column":3}}],"line":34},"4":{"loc":{"start":{"line":56,"column":2},"end":{"line":63,"column":3}},"type":"if","locations":[{"start":{"line":56,"column":2},"end":{"line":63,"column":3}},{"start":{"line":56,"column":2},"end":{"line":63,"column":3}}],"line":56},"5":{"loc":{"start":{"line":75,"column":2},"end":{"line":75,"column":56}},"type":"if","locations":[{"start":{"line":75,"column":2},"end":{"line":75,"column":56}},{"start":{"line":75,"column":2},"end":{"line":75,"column":56}}],"line":75},"6":{"loc":{"start":{"line":78,"column":2},"end":{"line":85,"column":3}},"type":"if","locations":[{"start":{"line":78,"column":2},"end":{"line":85,"column":3}},{"start":{"line":78,"column":2},"end":{"line":85,"column":3}}],"line":78},"7":{"loc":{"start":{"line":97,"column":2},"end":{"line":97,"column":53}},"type":"if","locations":[{"start":{"line":97,"column":2},"end":{"line":97,"column":53}},{"start":{"line":97,"column":2},"end":{"line":97,"column":53}}],"line":97},"8":{"loc":{"start":{"line":103,"column":2},"end":{"line":109,"column":3}},"type":"if","locations":[{"start":{"line":103,"column":2},"end":{"line":109,"column":3}},{"start":{"line":103,"column":2},"end":{"line":109,"column":3}}],"line":103}},"s":{"0":1,"1":1,"2":1,"3":1,"4":1,"5":1,"6":1,"7":1,"8":0,"9":1,"10":1,"11":0,"12":0,"13":0,"14":0,"15":0,"16":0,"17":1,"18":1,"19":0,"20":0,"21":0,"22":0,"23":0,"24":1,"25":1,"26":0,"27":0,"28":0,"29":0,"30":0,"31":0,"32":0,"33":0,"34":0,"35":1,"36":1,"37":0,"38":0,"39":0,"40":0,"41":0,"42":0,"43":0,"44":0,"45":0,"46":0,"47":1},"f":{"0":1,"1":1,"2":0,"3":0,"4":0,"5":0,"6":0,"7":0,"8":0},"b":{"0":[0,1],"1":[1,1],"2":[1,0],"3":[0,0],"4":[0,0],"5":[0,0],"6":[0,0],"7":[0,0],"8":[0,0]},"inputSourceMap":{"version":3,"sources":["usersController.js"],"names":["allUsers","req","res","user","length","json","coount","send","allUsersById","id","params","users","find","addUsers","username","body","email","password","role","push","modifyUsers","status","deleteUser","index","indexOf","splice"],"mappings":";;;;;;;AAAA;;AACA;;;;AAEO,IAAMA,QAAQ,GAAE,SAAVA,QAAU,CAACC,GAAD,EAAMC,GAAN,EAAY;AAC/B,MAAGC,kBAAKC,MAAR,EAAe;AACXF,IAAAA,GAAG,CAACG,IAAJ,CAAS;AACLC,MAAAA,MAAM,EAAEH,kBAAKC,MADR;AAELD,MAAAA,IAAI,EAAJA;AAFK,KAAT;AAIH,GALD,MAKK;AACDD,IAAAA,GAAG,CAACK,IAAJ,CAAS,OAAT;AACH;AACJ,CATM;;;;AAWA,IAAMC,YAAY,GAAE,SAAdA,YAAc,CAACP,GAAD,EAAMC,GAAN,EAAY;AACnC,MAAMO,EAAE,GAACR,GAAG,CAACS,MAAJ,CAAWD,EAApB;;AACA,MAAME,KAAK,GAAGR,kBAAKS,IAAL,CAAU,UAACD,KAAD,EAAS;AAC7B,WAAOA,KAAK,CAACF,EAAN,KAAaA,EAApB;AACH,GAFa,CAAd;;AAGA,MAAGE,KAAH,EAAS;AACLT,IAAAA,GAAG,CAACG,IAAJ,CAAS;AACLM,MAAAA,KAAK,EAALA;AADK,KAAT;AAGH,GAJD,MAIK;AACDT,IAAAA,GAAG,CAACK,IAAJ,CAAS,OAAT;AACH;AACJ,CAZM;;;;AAcA,IAAMM,QAAQ,GAAG,SAAXA,QAAW,CAACZ,GAAD,EAAMC,GAAN,EAAc;AAClC,MAAMS,KAAK,GAAE;AACTF,IAAAA,EAAE,EAAE,eADK;AAETK,IAAAA,QAAQ,EAACb,GAAG,CAACc,IAAJ,CAASD,QAFT;AAGTE,IAAAA,KAAK,EAACf,GAAG,CAACc,IAAJ,CAASC,KAHN;AAITC,IAAAA,QAAQ,EAAChB,GAAG,CAACc,IAAJ,CAASE,QAJT;AAKTC,IAAAA,IAAI,EAAE;AALG,GAAb;;AAOAf,oBAAKgB,IAAL,CAAUR,KAAV;;AACA,MAAGR,kBAAKC,MAAR,EAAe;AACXF,IAAAA,GAAG,CAACG,IAAJ,CAAS;AACLC,MAAAA,MAAM,EAAEH,kBAAKC,MADR;AAELD,MAAAA,IAAI,EAAJA;AAFK,KAAT;AAIH,GALD,MAKK;AACDD,IAAAA,GAAG,CAACK,IAAJ,CAAS,OAAT;AACH;AACJ,CAjBM;;;;AAoBA,IAAMa,WAAW,GAAG,SAAdA,WAAc,CAACnB,GAAD,EAAMC,GAAN,EAAc;AACrC,MAAMO,EAAE,GAACR,GAAG,CAACS,MAAJ,CAAWD,EAApB;;AACA,MAAME,KAAK,GAAGR,kBAAKS,IAAL,CAAU,UAACD,KAAD,EAAS;AAC7B,WAAOA,KAAK,CAACF,EAAN,KAAaA,EAApB;AACH,GAFa,CAAd;;AAGA,MAAG,CAACE,KAAJ,EAAWT,GAAG,CAACmB,MAAJ,CAAW,GAAX,EAAgBd,IAAhB,CAAqB,mBAArB;AAEXI,EAAAA,KAAK,CAACG,QAAN,GAAgBb,GAAG,CAACc,IAAJ,CAASD,QAAzB,EACAH,KAAK,CAACK,KAAN,GAAaf,GAAG,CAACc,IAAJ,CAASC,KADtB,EAEAL,KAAK,CAACM,QAAN,GAAgBhB,GAAG,CAACc,IAAJ,CAASE,QAFzB;;AAGA,MAAGd,kBAAKC,MAAR,EAAe;AACXF,IAAAA,GAAG,CAACG,IAAJ,CAAS;AACLC,MAAAA,MAAM,EAAEH,kBAAKC,MADR;AAELD,MAAAA,IAAI,EAAJA;AAFK,KAAT;AAIH,GALD,MAKK;AACDD,IAAAA,GAAG,CAACK,IAAJ,CAAS,OAAT;AACH;AACJ,CAlBM;;;;AAoBA,IAAMe,UAAU,GAAE,SAAZA,UAAY,CAACrB,GAAD,EAAMC,GAAN,EAAY;AACjC,MAAMO,EAAE,GAACR,GAAG,CAACS,MAAJ,CAAWD,EAApB;;AACA,MAAME,KAAK,GAAGR,kBAAKS,IAAL,CAAU,UAACD,KAAD,EAAS;AAC7B,WAAOA,KAAK,CAACF,EAAN,KAAaA,EAApB;AACH,GAFa,CAAd;;AAGA,MAAG,CAACE,KAAJ,EAAWT,GAAG,CAACmB,MAAJ,CAAW,GAAX,EAAgBd,IAAhB,CAAqB,gBAArB;;AACX,MAAMgB,KAAK,GAACpB,kBAAKqB,OAAL,CAAab,KAAb,CAAZ;;AACAR,oBAAKsB,MAAL,CAAYF,KAAZ,EAAmB,CAAnB;;AAEA,MAAGZ,KAAH,EAAS;AACLT,IAAAA,GAAG,CAACG,IAAJ,CAAS;AACLM,MAAAA,KAAK,EAALA;AADK,KAAT;AAGH,GAJD,MAIK;AACDT,IAAAA,GAAG,CAACK,IAAJ,CAAS,OAAT;AACH;AACJ,CAhBM","sourceRoot":"D:\\Andela\\Js Pro\\backend-blog-api\\src\\controller\\","sourcesContent":["import user from '../models/users';\r\nimport { v4 as uuidv4 } from 'uuid';\r\n\r\nexport const allUsers= (req, res)=>{\r\n    if(user.length){\r\n        res.json({\r\n            coount: user.length,\r\n            user\r\n        })\r\n    }else{\r\n        res.send('error')\r\n    }\r\n}\r\n\r\nexport const allUsersById= (req, res)=>{\r\n    const id=req.params.id;\r\n    const users = user.find((users)=>{\r\n        return users.id === id;\r\n    })\r\n    if(users){\r\n        res.json({\r\n            users\r\n        })\r\n    }else{\r\n        res.send('error')\r\n    }\r\n}\r\n\r\nexport const addUsers = (req, res ) =>{\r\n    const users= {\r\n        id: uuidv4(),\r\n        username:req.body.username,\r\n        email:req.body.email,\r\n        password:req.body.password,\r\n        role: \"user\"\r\n    };\r\n    user.push(users);\r\n    if(user.length){\r\n        res.json({\r\n            coount: user.length,\r\n            user\r\n        })\r\n    }else{\r\n        res.send('error')\r\n    }\r\n}\r\n\r\n\r\nexport const modifyUsers = (req, res ) =>{\r\n    const id=req.params.id;\r\n    const users = user.find((users)=>{\r\n        return users.id === id;\r\n    })\r\n    if(!users) res.status(400).send(\"message not found\");\r\n\r\n    users.username= req.body.username,\r\n    users.email= req.body.email,\r\n    users.password= req.body.password\r\n    if(user.length){\r\n        res.json({\r\n            coount: user.length,\r\n            user\r\n        })\r\n    }else{\r\n        res.send('error')\r\n    }\r\n}\r\n\r\nexport const deleteUser= (req, res)=>{\r\n    const id=req.params.id;\r\n    const users = user.find((users)=>{\r\n        return users.id === id;\r\n    })\r\n    if(!users) res.status(400).send(\"user not found\");\r\n    const index=user.indexOf(users);\r\n    user.splice(index, 1);\r\n\r\n    if(users){\r\n        res.json({\r\n            users\r\n        })\r\n    }else{\r\n        res.send('error')\r\n    }\r\n}"]},"_coverageSchema":"1a1c01bbd47fc00a2c39e90264f33305004495a9","hash":"13db167cb2b838c4b310ad6406a9c534f399c5d7","contentHash":"76b07da8cd025d6fe68ea50a38aff71f25d558fd11a1b73091856948bdbd2c4b"},"D:\\Andela\\Js Pro\\backend-blog-api\\src\\controller\\blogcontroller.js":{"path":"D:\\Andela\\Js Pro\\backend-blog-api\\src\\controller\\blogcontroller.js","statementMap":{"0":{"start":{"line":3,"column":0},"end":{"line":5,"column":3}},"1":{"start":{"line":6,"column":0},"end":{"line":6,"column":108}},"2":{"start":{"line":8,"column":12},"end":{"line":8,"column":61}},"3":{"start":{"line":10,"column":16},"end":{"line":10,"column":59}},"4":{"start":{"line":12,"column":39},"end":{"line":12,"column":95}},"5":{"start":{"line":14,"column":65},"end":{"line":14,"column":623}},"6":{"start":{"line":14,"column":132},"end":{"line":14,"column":463}},"7":{"start":{"line":14,"column":252},"end":{"line":14,"column":267}},"8":{"start":{"line":14,"column":260},"end":{"line":14,"column":267}},"9":{"start":{"line":14,"column":276},"end":{"line":14,"column":277}},"10":{"start":{"line":14,"column":287},"end":{"line":14,"column":302}},"11":{"start":{"line":14,"column":304},"end":{"line":14,"column":461}},"12":{"start":{"line":14,"column":337},"end":{"line":14,"column":378}},"13":{"start":{"line":14,"column":356},"end":{"line":14,"column":378}},"14":{"start":{"line":14,"column":379},"end":{"line":14,"col
[...]
"start":{"line":57,"column":21},"end":{"line":57,"column":32}},"89":{"start":{"line":58,"column":14},"end":{"line":58,"column":32}},"90":{"start":{"line":59,"column":17},"end":{"line":59,"column":38}},"91":{"start":{"line":61,"column":2},"end":{"line":111,"column":3}},"92":{"start":{"line":62,"column":21},"end":{"line":62,"column":54}},"93":{"start":{"line":65,"column":4},"end":{"line":105,"column":5}},"94":{"start":{"line":66,"column":6},"end":{"line":100,"column":7}},"95":{"start":{"line":67,"column":19},"end":{"line":67,"column":31}},"96":{"start":{"line":69,"column":8},"end":{"line":99,"column":9}},"97":{"start":{"line":70,"column":10},"end":{"line":70,"column":26}},"98":{"start":{"line":72,"column":10},"end":{"line":98,"column":11}},"99":{"start":{"line":73,"column":12},"end":{"line":92,"column":15}},"100":{"start":{"line":79,"column":14},"end":{"line":91,"column":17}},"101":{"start":{"line":80,"column":16},"end":{"line":80,"column":32}},"102":{"start":{"line":81,"column":16},"end":{"line":81,"column":34}},"103":{"start":{"line":82,"column":16},"end":{"line":84,"column":19}},"104":{"start":{"line":85,"column":21},"end":{"line":91,"column":17}},"105":{"start":{"line":85,"column":30},"end":{"line":88,"column":17}},"106":{"start":{"line":88,"column":22},"end":{"line":91,"column":17}},"107":{"start":{"line":94,"column":12},"end":{"line":97,"column":15}},"108":{"start":{"line":102,"column":6},"end":{"line":102,"column":24}},"109":{"start":{"line":104,"column":6},"end":{"line":104,"column":21}},"110":{"start":{"line":107,"column":4},"end":{"line":110,"column":7}},"111":{"start":{"line":113,"column":2},"end":{"line":118,"column":3}},"112":{"start":{"line":114,"column":4},"end":{"line":117,"column":7}},"113":{"start":{"line":121,"column":0},"end":{"line":121,"column":22}}},"fnMap":{"0":{"name":"_interopRequireDefault","decl":{"start":{"line":20,"column":9},"end":{"line":20,"column":31}},"loc":{"start":{"line":20,"column":37},"end":{"line":20,"column":97}},"line":20},"1":{"name":"ownKeys","decl":{"start":{"line":22,"column":9},"end":{"line":22,"column":16}},"loc":{"start":{"line":22,"column":41},"end":{"line":22,"column":341}},"line":22},"2":{"name":"(anonymous_2)","decl":{"start":{"line":22,"column":208},"end":{"line":22,"column":209}},"loc":{"start":{"line":22,"column":223},"end":{"line":22,"column":290}},"line":22},"3":{"name":"_objectSpread","decl":{"start":{"line":24,"column":9},"end":{"line":24,"column":22}},"loc":{"start":{"line":24,"column":31},"end":{"line":24,"column":534}},"line":24},"4":{"name":"(anonymous_4)","decl":{"start":{"line":24,"column":184},"end":{"line":24,"column":185}},"loc":{"start":{"line":24,"column":199},"end":{"line":24,"column":245}},"line":24},"5":{"name":"(anonymous_5)","decl":{"start":{"line":24,"column":411},"end":{"line":24,"column":412}},"loc":{"start":{"line":24,"column":426},"end":{"line":24,"column":511}},"line":24},"6":{"name":"_defineProperty","decl":{"start":{"line":26,"column":9},"end":{"line":26,"column":24}},"loc":{"start":{"line":26,"column":42},"end":{"line":26,"column":209}},"line":26},"7":{"name":"_createForOfIteratorHelper","decl":{"start":{"line":28,"column":9},"end":{"line":28,"column":35}},"loc":{"start":{"line":28,"column":55},"end":{"line":28,"column":997}},"line":28},"8":{"name":"F","decl":{"start":{"line":28,"column":296},"end":{"line":28,"column":297}},"loc":{"start":{"line":28,"column":300},"end":{"line":28,"column":302}},"line":28},"9":{"name":"n","decl":{"start":{"line":28,"column":331},"end":{"line":28,"column":332}},"loc":{"start":{"line":28,"column":335},"end":{"line":28,"column":419}},"line":28},"10":{"name":"e","decl":{"start":{"line":28,"column":433},"end":{"line":28,"column":434}},"loc":{"start":{"line":28,"column":439},"end":{"line":28,"column":452}},"line":28},"11":{"name":"s","decl":{"start":{"line":28,"column":695},"end":{"line":28,"column":696}},"loc":{"start":{"line":28,"column":699},"end":{"line":28,"column":729}},"line":28},"12":{"name":"n","decl":{"start":{"line":28,"column":743},"end":{"line":28,"column":744}},"loc":{"start":{"line":28,"column":747},"end":{"line":28,"column":815}},"line":28},"13":{"name":"e","decl":{"start":{"line":28,"column":829},"end":{"line":28,"column":830}},"loc":{"start":{"line":28,"column":836},"end":{"line":28,"column":865}},"line":28},"14":{"name":"f","decl":{"start":{"line":28,"column":879},"end":{"line":28,"column":880}},"loc":{"start":{"line":28,"column":883},"end":{"line":28,"column":992}},"line":28},"15":{"name":"_unsupportedIterableToArray","decl":{"start":{"line":30,"column":9},"end":{"line":30,"column":36}},"loc":{"start":{"line":30,"column":48},"end":{"line":30,"column":416}},"line":30},"16":{"name":"_arrayLikeToArray","decl":{"start":{"line":32,"column":9},"end":{"line":32,"column":26}},"loc":{"start":{"line":32,"column":37},"end":{"line":32,"column":183}},"line":32},"17":{"name":"login","decl":{"start":{"line":36,"column":21},"end":{"line":36,"column":26}},"loc":{"start":{"line":36,"column":37},"end":{"line":119,"column":1}},"line":36},"18":{"name":"(anonymous_18)","decl":{"start":{"line":78,"column":27},"end":{"line":78,"column":28}},"loc":{"start":{"line":78,"column":49},"end":{"line":92,"column":13}},"line":78}},"branchMap":{"0":{"loc":{"start":{"line":20,"column":46},"end":{"line":20,"column":94}},"type":"cond-expr","locations":[{"start":{"line":20,"column":70},"end":{"line":20,"column":73}},{"start":{"line":20,"column":76},"end":{"line":20,"column":94}}],"line":20},"1":{"loc":{"start":{"line":20,"column":46},"end":{"line":20,"column":67}},"type":"binary-expr","locations":[{"start":{"line":20,"column":46},"end":{"line":20,"column":49}},{"start":{"line":20,"column":53},"end":{"line":20,"column":67}}],"line":20},"2":{"loc":{"start":{"line":22,"column":75},"end":{"line":22,"column":326}},"type":"if","locations":[{"start":{"line":22,"column":75},"end":{"line":22,"column":326}},{"start":{"line":22,"column":75},"end":{"line":22,"column":326}}],"line":22},"3":{"loc":{"start":{"line":22,"column":163},"end":{"line":22,"column":292}},"type":"if","locations":[{"start":{"line":22,"column":163},"end":{"line":22,"column":292}},{"start":{"line":22,"column":163},"end":{"line":22,"column":292}}],"line":22},"4":{"loc":{"start":{"line":24,"column":91},"end":{"line":24,"column":131}},"type":"cond-expr","locations":[{"start":{"line":24,"column":114},"end":{"line":24,"column":126}},{"start":{"line":24,"column":129},"end":{"line":24,"column":131}}],"line":24},"5":{"loc":{"start":{"line":24,"column":133},"end":{"line":24,"column":515}},"type":"if","locations":[{"start":{"line":24,"column":133},"end":{"line":24,"column":515}},{"start":{"line":24,"column":133},"end":{"line":24,"column":515}}],"line":24},"6":{"loc":{"start":{"line":24,"column":255},"end":{"line":24,"column":515}},"type":"if","locations":[{"start":{"line":24,"column":255},"end":{"line":24,"column":515}},{"start":{"line":24,"column":255},"end":{"line":24,"column":515}}],"line":24},"7":{"loc":{"start":{"line":26,"column":44},"end":{"line":26,"column":195}},"type":"if","locations":[{"start":{"line":26,"column":44},"end":{"line":26,"column":195}},{"start":{"line":26,"column":44},"end":{"line":26,"column":195}}],"line":26},"8":{"loc":{"start":{"line":28,"column":65},"end":{"line":28,"column":623}},"type":"if","locations":[{"start":{"line":28,"column":65},"end":{"line":28,"column":623}},{"start":{"line":28,"column":65},"end":{"line":28,"column":623}}],"line":28},"9":{"loc":{"start":{"line":28,"column":69},"end":{"line":28,"column":128}},"type":"binary-expr","locations":[{"start":{"line":28,"column":69},"end":{"line":28,"column":98}},{"start":{"line":28,"column":102},"end":{"line":28,"column":128}}],"line":28},"10":{"loc":{"start":{"line":28,"column":132},"end":{"line":28,"column":463}},"type":"if","locations":[{"start":{"line":28,"column":132},"end":{"line":28,"column":463}},{"start":{"line":28,"column":132},"end":{"line":28,"column":463}}],"line":28},"11":{"loc":{"start":{"line":28,"column":136},"end":{"line":28,"column":248}},"type":"binary-expr","locations":[{"start":{"line":28,"column":136},"end":{"line":28,"column":152}},{"start":{"line":28,"column":157},"end":{"line":28,"column":192}},{"start":{"line":28,"column":197},"end":{"line":28,"column":211}},{"start":{"line":28,"column":215},"end":{"line":28,"column":216}},{"start":{"line":28,"column":220},"end":{"line":28,"column":248}}],"line":28},"12":{"loc":{"start":{"line":28,"column":252},"end":{"line":28,"column":267}},"type":"if","locations":[{"start":{"line":28,"column":252},"end":{"line":28,"column":267}},{"start":{"line":28,"column":252},"end":{"line":28,"column":267}}],"line":28},"13":{"loc":{"start":{"line":28,"column":337},"end":{"line":28,"column":378}},"type":"if","locations":[{"start":{"line":28,"column":337},"end":{"line":28,"column":378}},{"start":{"line":28,"column":337},"end":{"line":28,"column":378}}],"line":28},"14":{"loc":{"start":{"line":28,"column":891},"end":{"line":28,"column":953}},"type":"if","locations":[{"start":{"line":28,"column":891},"end":{"line":28,"column":953}},{"start":{"line":28,"column":891},"end":{"line":28,"column":953}}],"line":28},"15":{"loc":{"start":{"line":28,"column":895},"end":{"line":28,"column":936}},"type":"binary-expr","locations":[{"start":{"line":28,"column":895},"end":{"line":28,"column":912}},{"start":{"line":28,"column":916},"end":{"line":28,"column":936}}],"line":28},"16":{"loc":{"start":{"line":28,"column":966},"end":{"line":28,"column":988}},"type":"if","locations":[{"start":{"line":28,"column":966},"end":{"line":28,"column":988}},{"start":{"line":28,"column":966},"end":{"line":28,"column":988}}],"line":28},"17":{"loc":{"start":{"line":30,"column":50},"end":{"line":30,"column":65}},"type":"if","locations":[{"start":{"line":30,"column":50},"end":{"line":30,"column":65}},{"start":{"line":30,"column":50},"end":{"line":30,"column":65}}],"line":30},"18":{"loc":{"start":{"line":30,"column":66},"end":{"line":30,"column":129}},"type":"if","locations":[{"start":{"line":30,"column":66},"end":{"line":30,"column":129}},{"start":{"line":30,"column":66},"end":{"line":30,"column":129}}],"line":30},"19":{"loc":{"start":{"line":30,"column":186},"end":{"line":30,"column":246}},"type":"if","locations":[{"start":{"line":30,"column":186},"end":{"line":30,"column":246}},{"start":{"line":30,"column":186},"end":{"line":30,"column":246}}],"line":30},"20":{"loc":{"start":{"line":30,"column":190},"end":{"line":30,"column":221}},"type":"binary-expr","locations":[{"start":{"line":30,"column":190},"end":{"line":30,"column":204}},{"start":{"line":30,"column":208},"end":{"line":30,"column":221}}],"line":30},"21":{"loc":{"start":{"line":30,"column":247},"end":{"line":30,"column":300}},"type":"if","locations":[{"start":{"line":30,"column":247},"end":{"line":30,"column":300}},{"start":{"line":30,"column":247},"end":{"line":30,"column":300}}],"line":30},"22":{"loc":{"start":{"line":30,"column":251},"end":{"line":30,"column":277}},"type":"binary-expr","locations":[{"start":{"line":30,"column":251},"end":{"line":30,"column":262}},{"start":{"line":30,"column":266},"end":{"line":30,"column":277}}],"line":30},"23":{"loc":{"start":{"line":30,"column":301},"end":{"line":30,"column":414}},"type":"if","locations":[{"start":{"line":30,"column":301},"end":{"line":30,"column":414}},{"start":{"line":30,"column":301},"end":{"line":30,"column":414}}],"line":30},"24":{"loc":{"start":{"line":30,"column":305},"end":{"line":30,"column":376}},"type":"binary-expr","locations":[{"start":{"line":30,"column":305},"end":{"line":30,"column":322}},{"start":{"line":30,"column":326},"end":{"line":30,"column":376}}],"line":30},"25":{"loc":{"start":{"line":32,"column":39},"end":{"line":32,"column":93}},"type":"if","locations":[{"start":{"line":32,"column":39},"end":{"line":32,"column":93}},{"start":{"line":32,"column":39},"end":{"line":32,"column":93}}],"line":32},"26":{"loc":{"start":{"line":32,"column":43},"end":{"line":32,"column":74}},"type":"binary-expr","locations":[{"start":{"line":32,"column":43},"end":{"line":32,"column":54}},{"start":{"line":32,"column":58},"end":{"line":32,"column":74}}],"line":32},"27":{"loc":{"start":{"line":61,"column":2},"end":{"line":111,"column":3}},"type":"if","locations":[{"start":{"line":61,"column":2},"end":{"line":111,"column":3}},{"start":{"line":61,"column":2},"end":{"line":111,"column":3}}],"line":61},"28":{"loc":{"start":{"line":61,"column":6},"end":{"line":61,"column":23}},"type":"binary-expr","locations":[{"start":{"line":61,"column":6},"end":{"line":61,"column":11}},{"start":{"line":61,"column":15},"end":{"line":61,"column":23}}],"line":61},"29":{"loc":{"start":{"line":69,"column":8},"end":{"line":99,"column":9}},"type":"if","locations":[{"start":{"line":69,"column":8},"end":{"line":99,"column":9}},{"start":{"line":69,"column":8},"end":{"line":99,"column":9}}],"line":69},"30":{"loc":{"start":{"line":69,"column":12},"end":{"line":69,"column":62}},"type":"binary-expr","locations":[{"start":{"line":69,"column":12},"end":{"line":69,"column":32}},{"start":{"line":69,"column":36},"end":{"line":69,"column":62}}],"line":69},"31":{"loc":{"start":{"line":79,"column":14},"end":{"line":91,"column":17}},"type":"if","locations":[{"start":{"line":79,"column":14},"end":{"line":91,"column":17}},{"start":{"line":79,"column":14},"end":{"line":91,"column":17}}],"line":79},"32":{"loc":{"start":{"line":85,"column":21},"end":{"line":91,"column":17}},"type":"if","locations":[{"start":{"line":85,"column":21},"end":{"line":91,"column":17}},{"start":{"line":85,"column":21},"end":{"line":91,"column":17}}],"line":85},"33":{"loc":{"start":{"line":113,"column":2},"end":{"line":118,"column":3}},"type":"if","locations":[{"start":{"line":113,"column":2},"end":{"line":118,"column":3}},{"start":{"line":113,"column":2},"end":{"line":118,"column":3}}],"line":113}},"s":{"0":1,"1":1,"2":1,"3":1,"4":1,"5":1,"6":1,"7":1,"8":3,"9":0,"10":0,"11":0,"12":0,"13":0,"14":0,"15":0,"16":0,"17":0,"18":0,"19":0,"20":0,"21":0,"22":0,"23":0,"24":0,"25":0,"26":0,"27":0,"28":0,"29":0,"30":0,"31":0,"32":0,"33":0,"34":0,"35":0,"36":0,"37":0,"38":0,"39":0,"40":0,"41":0,"42":0,"43":0,"44":0,"45":0,"46":0,"47":0,"48":0,"49":0,"50":0,"51":0,"52":0,"53":0,"54":0,"55":0,"56":0,"57":0,"58":0,"59":0,"60":0,"61":0,"62":0,"63":0,"64":0,"65":0,"66":0,"67":0,"68":0,"69":0,"70":0,"71":0,"72":0,"73":0,"74":0,"75":0,"76":1,"77":1,"78":0,"79":0,"80":0,"81":0,"82":0,"83":0,"84":0,"85":0,"86":0,"87":0,"88":0,"89":0,"90":0,"91":0,"92":0,"93":0,"94":0,"95":0,"96":0,"97":0,"98":0,"99":0,"100":0,"101":0,"102":0,"103":0,"104":0,"105":0,"106":0,"107":0,"108":0,"109":0,"110":0,"111":0,"112":0,"113":1},"f":{"0":3,"1":0,"2":0,"3":0,"4":0,"5":0,"6":0,"7":0,"8":0,"9":0,"10":0,"11":0,"12":0,"13":0,"14":0,"15":0,"16":0,"17":0,"18":0},"b":{"0":[0,3],"1":[3,3],"2":[0,0],"3":[0,0],"4":[0,0],"5":[0,0],"6":[0,0],"7":[0,0],"8":[0,0],"9":[0,0],"10":[0,0],"11":[0,0,0,0,0],"12":[0,0],"13":[0,0],"14":[0,0],"15":[0,0],"16":[0,0],"17":[0,0],"18":[0,0],"19":[0,0],"20":[0,0],"21":[0,0],"22":[0,0],"23":[0,0],"24":[0,0],"25":[0,0],"26":[0,0],"27":[0,0],"28":[0,0],"29":[0,0],"30":[0,0],"31":[0,0],"32":[0,0],"33":[0,0]},"inputSourceMap":{"version":3,"sources":["loginUser.js"],"names":["SECRET_KEY","process","env","login","req","res","users","auth","userInfo","user","id","push","headers","email","password","jwt","sign","username","role","err","token","status","json","message"],"mappings":";;;;;;;AAAA;;AACA;;AACA;;AACA;;AACA;;AACA;;;;;;;;;;;;;;;;IAEOA,U,GAAcC,OAAO,CAACC,G,CAAtBF,U;;AAGA,IAAOG,KAAK,GAAC,SAANA,KAAM,CAACC,GAAD,EAAKC,GAAL,EAAW;AAE3B,MAAIC,KAAK,GAAC,EAAV;AACAF,EAAAA,GAAG,CAACG,IAAJ,GAAW,KAAX;;AAH2B,6CAKVC,iBALU;AAAA;;AAAA;AAK3B,wDAA2B;AAAA,UAAlBC,KAAkB;AACvBA,MAAAA,KAAI;AAAKC,QAAAA,EAAE,EAAE;AAAT,SAAsBJ,KAAtB,CAAJ;AACAA,MAAAA,KAAK,CAACK,IAAN,CAAWF,KAAX;AACH;AAR0B;AAAA;AAAA;AAAA;AAAA;;AAAA,qBAUDL,GAAG,CAACQ,OAVH;AAAA,MAUpBC,KAVoB,gBAUpBA,KAVoB;AAAA,MAUbC,QAVa,gBAUbA,QAVa;;AAW3B,MAAID,KAAK,IAAIC,QAAb,EAAuB;AAAA,gDACFR,KADE;AAAA;;AAAA;AACnB,6DAAwB;AAAA,YAAfG,IAAe;;AACpB,YAAII,KAAK,KAAKJ,IAAI,CAACI,KAAf,IAAwBC,QAAQ,KAAKL,IAAI,CAACK,QAA9C,EAAwD;AACpDV,UAAAA,GAAG,CAACG,IAAJ,GAAW,IAAX;;AACA,cAAI;AACAQ,qCAAIC,IAAJ,CAAS;AAAEC,cAAAA,QAAQ,EAAER,IAAI,CAACQ,QAAjB;AAA2BJ,cAAAA,KAAK,EAALA,KAA3B;AAAkCC,cAAAA,QAAQ,EAARA,QAAlC;AAA4CI,cAAAA,IAAI,EAAET,IAAI,CAACS;AAAvD,aAAT,EAAuElB,UAAvE,EAAmF,UAACmB,GAAD,EAAMC,KAAN,EAAgB;AAC/F,kBAAGA,KAAH,EAAU;AACNhB,gBAAAA,GAAG,CAACG,IAAJ,GAAW,IAAX;AACAH,gBAAAA,GAAG,CAACgB,KAAJ,GAAYA,KAAZ;AACA,uBAAOf,GAAG,CAACgB,MAAJ,CAAW,GAAX,EAAgBC,IAAhB,CAAqB;AAAEF,kBAAAA,KAAK,EAALA;AAAF,iBAArB,CAAP;AACH,eAJD,MAKK,IAAGD,GAAH,EACD,OAAOd,GAAG,CAACgB,MAAJ,CAAWF,GAAG,CAACE,MAAf,EAAuBC,IAAvB,CAA4B;AAC/BD,gBAAAA,MAAM,EAAEF,GAAG,CAACE,MADmB;AAE/BE,gBAAAA,OAAO,EAAEJ,GAAG,CAACI;AAFkB,eAA5B,CAAP,CADC,KAMD,OAAOlB,GAAG,CAACgB,MAAJ,CAAW,GAAX,EAAgBC,IAAhB,CAAqB;AACxBD,gBAAAA,MAAM,EAAE,GADgB;AAExBE,gBAAAA,OAAO,EAAE;AAFe,eAArB,CAAP;AAIP,aAhBD;AAiBH,WAlBD,CAkBE,OAAOJ,GAAP,EAAY;AACV,mBAAOd,GAAG,CAACiB,IAAJ,CAAS;AACZD,cAAAA,MAAM,EAAEF,GAAG,CAACE,MADA;AAEZE,cAAAA,OAAO,EAAEJ,GAAG,CAACI;AAFD,aAAT,CAAP;AAIH;AACJ;AACJ;AA7BkB;AAAA;AAAA;AAAA;AAAA;AA8BtB,GA9BD,MA8BO;AACH,WAAOlB,GAAG,CAACgB,MAAJ,CAAW,GAAX,EAAgBC,IAAhB,CAAqB;AACxBD,MAAAA,MAAM,EAAE,aADgB;AAExBE,MAAAA,OAAO,EAAE;AAFe,KAArB,CAAP;AAIH;;AACD,MAAG,CAACnB,GAAG,CAACG,IAAR,EAAc;AACV,WAAOF,GAAG,CAACgB,MAAJ,CAAW,GAAX,EAAgBC,IAAhB,CAAqB;AACxBD,MAAAA,MAAM,EAAE,cADgB;AAExBE,MAAAA,OAAO,EAAE;AAFe,KAArB,CAAP;AAIH;AACJ,CArDM","sourceRoot":"D:\\Andela\\Js Pro\\backend-blog-api\\src\\controller\\","sourcesContent":["import express from 'express';\r\nimport jwt from 'jsonwebtoken';\r\nimport userInfo from '../models/users';\r\nimport {} from 'dotenv/config';\r\nimport {createError} from 'http-errors';\r\nimport { v4 as uuidv4 } from 'uuid';\r\n\r\nconst {SECRET_KEY} = process.env;\r\n\r\n\r\nexport const  login=(req,res)=>{\r\n\r\n    let users=[];\r\n    req.auth = false;\r\n\r\n    for (let user of userInfo) {\r\n        user = { id: uuidv4(), ...users };\r\n        users.push(user);\r\n    }\r\n\r\n    const {email ,password} = req.headers;\r\n    if (email && password) {\r\n        for (let user of users) {\r\n            if (email === user.email && password === user.password) {\r\n                req.auth = true;\r\n                try {\r\n                    jwt.sign({ username: user.username, email, password, role: user.role },SECRET_KEY, (err, token) => {\r\n                        if(token) {\r\n                            req.auth = true;\r\n                            req.token = token;\r\n                            return res.status(200).json({ token });\r\n                        }\r\n                        else if(err)\r\n                            return res.status(err.status).json({\r\n                                status: err.status,\r\n                                message: err.message\r\n                            })\r\n                        else\r\n                            return res.status(501).json({\r\n                                status: 501,\r\n                                message: \"Unknown error\"\r\n                            });\r\n                    })\r\n                } catch (err) {\r\n                    return res.json({\r\n                        status: err.status,\r\n                        message: err.message\r\n                    })\r\n                }\r\n            }\r\n        }\r\n    } else {\r\n        return res.status(400).json({\r\n            status: 'Bad Request',\r\n            message: 'You need to supply the email and password'\r\n        })\r\n    }\r\n    if(!req.auth) {\r\n        return res.status(401).json({\r\n            status: 'Unauthorized',\r\n            message: 'Unable to find user with the provided email / password combination'\r\n        });\r\n    }\r\n}\r\n\r\n\r\n"]},"_coverageSchema":"1a1c01bbd47fc00a2c39e90264f33305004495a9","hash":"0ca88d43c3ac4ce9f4a1860bcda547f70e6df158","contentHash":"fb2e0f15fb270bc5caa3fcff5fde4f0e51a0864d31737a6bee6c4f206e5eb13e"}}